TpTrace Verbose: 0 : 17948, 1, 2022/11/07, 20:20:41.062, 1070445945954, vstest.console.dll, Version: 17.3.1 Current process architecture: X64
TpTrace Verbose: 0 : 17948, 1, 2022/11/07, 20:20:41.065, 1070445975697, vstest.console.dll, Runtime location: C:\Program Files\dotnet\shared\Microsoft.NETCore.App\6.0.10
TpTrace Information: 0 : 17948, 1, 2022/11/07, 20:20:41.075, 1070446069814, vstest.console.dll, FilePatternParser: The given file C:\Users\menor\OneDrive\Documents\Projects\lightning-alert\lightning-alert-tests\bin\Debug\net6.0\fine-code-coverage\build-output\lightning-alert-tests.dll is a full path.
TpTrace Verbose: 0 : 17948, 1, 2022/11/07, 20:20:41.085, 1070446172571, vstest.console.dll, TestPluginCache.DiscoverTestExtensions: finding test extensions in assemblies ends with: RuntimeProvider.dll TPluginInfo: Microsoft.VisualStudio.TestPlatform.Common.ExtensionFramework.Utilities.TestRuntimePluginInformation TExtension: Microsoft.VisualStudio.TestPlatform.ObjectModel.Host.ITestRuntimeProvider
TpTrace Verbose: 0 : 17948, 1, 2022/11/07, 20:20:41.085, 1070446175821, vstest.console.dll, TestPluginCache.GetExtensionPaths: Filtered extension paths: 
TpTrace Verbose: 0 : 17948, 1, 2022/11/07, 20:20:41.086, 1070446176954, vstest.console.dll, TestPluginCache.GetExtensionPaths: Added default extension paths: C:\Program Files\dotnet\sdk\6.0.402\Extensions\Microsoft.Diagnostics.NETCore.Client.dll
C:\Program Files\dotnet\sdk\6.0.402\Extensions\Microsoft.TestPlatform.Extensions.BlameDataCollector.dll
C:\Program Files\dotnet\sdk\6.0.402\Extensions\Microsoft.TestPlatform.Extensions.EventLogCollector.dll
C:\Program Files\dotnet\sdk\6.0.402\Extensions\Microsoft.TestPlatform.TestHostRuntimeProvider.dll
C:\Program Files\dotnet\sdk\6.0.402\Extensions\Microsoft.VisualStudio.TestPlatform.Extensions.Html.TestLogger.dll
C:\Program Files\dotnet\sdk\6.0.402\Extensions\Microsoft.VisualStudio.TestPlatform.Extensions.Trx.TestLogger.dll
TpTrace Verbose: 0 : 17948, 1, 2022/11/07, 20:20:41.086, 1070446177410, vstest.console.dll, TestPluginCache.GetExtensionPaths: Added unfilterableExtensionPaths: 
TpTrace Information: 0 : 17948, 1, 2022/11/07, 20:20:41.086, 1070446186029, vstest.console.dll, AssemblyResolver.ctor: Creating AssemblyResolver with searchDirectories C:\Program Files\dotnet\sdk\6.0.402\Extensions,C:\Program Files\dotnet\sdk\6.0.402
TpTrace Verbose: 0 : 17948, 1, 2022/11/07, 20:20:41.088, 1070446197738, vstest.console.dll, TestPluginCache.DiscoverTestExtensions: Discovering the extensions using extension path.
TpTrace Verbose: 0 : 17948, 1, 2022/11/07, 20:20:41.088, 1070446199659, vstest.console.dll, TestPluginCache.GetExtensionPaths: Filtered extension paths: 
TpTrace Verbose: 0 : 17948, 1, 2022/11/07, 20:20:41.088, 1070446200257, vstest.console.dll, TestPluginCache.GetExtensionPaths: Added default extension paths: C:\Program Files\dotnet\sdk\6.0.402\Extensions\Microsoft.Diagnostics.NETCore.Client.dll
C:\Program Files\dotnet\sdk\6.0.402\Extensions\Microsoft.TestPlatform.Extensions.BlameDataCollector.dll
C:\Program Files\dotnet\sdk\6.0.402\Extensions\Microsoft.TestPlatform.Extensions.EventLogCollector.dll
C:\Program Files\dotnet\sdk\6.0.402\Extensions\Microsoft.TestPlatform.TestHostRuntimeProvider.dll
C:\Program Files\dotnet\sdk\6.0.402\Extensions\Microsoft.VisualStudio.TestPlatform.Extensions.Html.TestLogger.dll
C:\Program Files\dotnet\sdk\6.0.402\Extensions\Microsoft.VisualStudio.TestPlatform.Extensions.Trx.TestLogger.dll
TpTrace Verbose: 0 : 17948, 1, 2022/11/07, 20:20:41.088, 1070446200641, vstest.console.dll, TestPluginCache.GetExtensionPaths: Added unfilterableExtensionPaths: 
TpTrace Verbose: 0 : 17948, 1, 2022/11/07, 20:20:41.088, 1070446201498, vstest.console.dll, TestPluginCache.DiscoverTestExtensions: Discovering the extensions using allExtensionPaths: C:\Program Files\dotnet\sdk\6.0.402\Extensions\Microsoft.Diagnostics.NETCore.Client.dll
C:\Program Files\dotnet\sdk\6.0.402\Extensions\Microsoft.TestPlatform.Extensions.BlameDataCollector.dll
C:\Program Files\dotnet\sdk\6.0.402\Extensions\Microsoft.TestPlatform.Extensions.EventLogCollector.dll
C:\Program Files\dotnet\sdk\6.0.402\Extensions\Microsoft.TestPlatform.TestHostRuntimeProvider.dll
C:\Program Files\dotnet\sdk\6.0.402\Extensions\Microsoft.VisualStudio.TestPlatform.Extensions.Html.TestLogger.dll
C:\Program Files\dotnet\sdk\6.0.402\Extensions\Microsoft.VisualStudio.TestPlatform.Extensions.Trx.TestLogger.dll
TpTrace Information: 0 : 17948, 1, 2022/11/07, 20:20:41.088, 1070446204175, vstest.console.dll, AssemblyResolver.AddSearchDirectories: Adding more searchDirectories C:\Program Files\dotnet\sdk\6.0.402\Extensions,C:\Program Files\dotnet\sdk\6.0.402
TpTrace Information: 0 : 17948, 1, 2022/11/07, 20:20:41.088, 1070446205040, vstest.console.dll, AssemblyResolver.AddSearchDirectories: Adding more searchDirectories C:\Program Files\dotnet\sdk\6.0.402\Extensions,C:\Program Files\dotnet\sdk\6.0.402
TpTrace Information: 0 : 17948, 1, 2022/11/07, 20:20:41.088, 1070446205443, vstest.console.dll, AssemblyResolver.AddSearchDirectories: Adding more searchDirectories C:\Program Files\dotnet\sdk\6.0.402\Extensions,C:\Program Files\dotnet\sdk\6.0.402
TpTrace Information: 0 : 17948, 1, 2022/11/07, 20:20:41.088, 1070446205800, vstest.console.dll, AssemblyResolver.AddSearchDirectories: Adding more searchDirectories C:\Program Files\dotnet\sdk\6.0.402\Extensions,C:\Program Files\dotnet\sdk\6.0.402
TpTrace Information: 0 : 17948, 1, 2022/11/07, 20:20:41.088, 1070446206223, vstest.console.dll, AssemblyResolver.AddSearchDirectories: Adding more searchDirectories C:\Program Files\dotnet\sdk\6.0.402\Extensions,C:\Program Files\dotnet\sdk\6.0.402
TpTrace Information: 0 : 17948, 1, 2022/11/07, 20:20:41.089, 1070446206576, vstest.console.dll, AssemblyResolver.AddSearchDirectories: Adding more searchDirectories C:\Program Files\dotnet\sdk\6.0.402\Extensions,C:\Program Files\dotnet\sdk\6.0.402
TpTrace Information: 0 : 17948, 1, 2022/11/07, 20:20:41.089, 1070446211676, vstest.console.dll, AssemblyResolver.OnResolve: Microsoft.Diagnostics.NETCore.Client: Resolving assembly.
TpTrace Information: 0 : 17948, 1, 2022/11/07, 20:20:41.089, 1070446212630, vstest.console.dll, AssemblyResolver.OnResolve: Microsoft.Diagnostics.NETCore.Client: Searching in: 'C:\Program Files\dotnet\sdk\6.0.402\Extensions'.
TpTrace Information: 0 : 17948, 1, 2022/11/07, 20:20:41.090, 1070446224304, vstest.console.dll, AssemblyResolver.OnResolve: Microsoft.Diagnostics.NETCore.Client: Loading assembly 'C:\Program Files\dotnet\sdk\6.0.402\Extensions\Microsoft.Diagnostics.NETCore.Client.dll'.
TpTrace Information: 0 : 17948, 1, 2022/11/07, 20:20:41.092, 1070446239332, vstest.console.dll, AssemblyResolver.OnResolve: Resolved assembly: Microsoft.Diagnostics.NETCore.Client, from path: C:\Program Files\dotnet\sdk\6.0.402\Extensions\Microsoft.Diagnostics.NETCore.Client.dll
TpTrace Verbose: 0 : 17948, 1, 2022/11/07, 20:20:41.099, 1070446313224, vstest.console.dll, MetadataReaderExtensionsHelper: Discovering extensions inside assembly 'Microsoft.Diagnostics.NETCore.Client, Version=0.2.5.801, Culture=neutral, PublicKeyToken=31bf3856ad364e35' file path 'C:\Program Files\dotnet\sdk\6.0.402\Extensions\Microsoft.Diagnostics.NETCore.Client.dll'
TpTrace Information: 0 : 17948, 1, 2022/11/07, 20:20:41.116, 1070446485161, vstest.console.dll, AssemblyResolver.OnResolve: Microsoft.Bcl.AsyncInterfaces: Resolving assembly.
TpTrace Information: 0 : 17948, 1, 2022/11/07, 20:20:41.117, 1070446487078, vstest.console.dll, AssemblyResolver.OnResolve: Microsoft.Bcl.AsyncInterfaces: Searching in: 'C:\Program Files\dotnet\sdk\6.0.402\Extensions'.
TpTrace Information: 0 : 17948, 1, 2022/11/07, 20:20:41.117, 1070446488183, vstest.console.dll, AssemblyResolver.OnResolve: Microsoft.Bcl.AsyncInterfaces: Assembly path does not exist: 'C:\Program Files\dotnet\sdk\6.0.402\Extensions\Microsoft.Bcl.AsyncInterfaces.dll', returning.
TpTrace Information: 0 : 17948, 1, 2022/11/07, 20:20:41.117, 1070446488864, vstest.console.dll, AssemblyResolver.OnResolve: Microsoft.Bcl.AsyncInterfaces: Assembly path does not exist: 'C:\Program Files\dotnet\sdk\6.0.402\Extensions\Microsoft.Bcl.AsyncInterfaces.exe', returning.
TpTrace Information: 0 : 17948, 1, 2022/11/07, 20:20:41.117, 1070446490118, vstest.console.dll, AssemblyResolver.OnResolve: Microsoft.Bcl.AsyncInterfaces: Searching in: 'C:\Program Files\dotnet\sdk\6.0.402'.
TpTrace Information: 0 : 17948, 1, 2022/11/07, 20:20:41.117, 1070446490953, vstest.console.dll, AssemblyResolver.OnResolve: Microsoft.Bcl.AsyncInterfaces: Assembly path does not exist: 'C:\Program Files\dotnet\sdk\6.0.402\Microsoft.Bcl.AsyncInterfaces.dll', returning.
TpTrace Information: 0 : 17948, 1, 2022/11/07, 20:20:41.117, 1070446491622, vstest.console.dll, AssemblyResolver.OnResolve: Microsoft.Bcl.AsyncInterfaces: Assembly path does not exist: 'C:\Program Files\dotnet\sdk\6.0.402\Microsoft.Bcl.AsyncInterfaces.exe', returning.
TpTrace Information: 0 : 17948, 1, 2022/11/07, 20:20:41.117, 1070446491984, vstest.console.dll, AssemblyResolver.OnResolve: Microsoft.Bcl.AsyncInterfaces: Failed to load assembly.
TpTrace Verbose: 0 : 17948, 1, 2022/11/07, 20:20:41.117, 1070446492591, vstest.console.dll, CurrentDomainAssemblyResolve: Resolving assembly 'Microsoft.Bcl.AsyncInterfaces'.
TpTrace Information: 0 : 17948, 1, 2022/11/07, 20:20:41.117, 1070446493393, vstest.console.dll, AssemblyResolver.OnResolve: Microsoft.Bcl.AsyncInterfaces: Resolving assembly.
TpTrace Information: 0 : 17948, 1, 2022/11/07, 20:20:41.117, 1070446493923, vstest.console.dll, AssemblyResolver.OnResolve: Microsoft.Bcl.AsyncInterfaces: Resolved from cache.
TpTrace Verbose: 0 : 17948, 1, 2022/11/07, 20:20:41.117, 1070446494308, vstest.console.dll, CurrentDomainAssemblyResolve: Resolving assembly 'Microsoft.Bcl.AsyncInterfaces'.
TpTrace Verbose: 0 : 17948, 1, 2022/11/07, 20:20:41.117, 1070446494794, vstest.console.dll, CurrentDomainAssemblyResolve: Failed to resolve assembly 'Microsoft.Bcl.AsyncInterfaces'.
TpTrace Verbose: 0 : 17948, 1, 2022/11/07, 20:20:41.118, 1070446500120, vstest.console.dll, CurrentDomainAssemblyResolve: Failed to resolve assembly 'Microsoft.Bcl.AsyncInterfaces'.
TpTrace Warning: 0 : 17948, 1, 2022/11/07, 20:20:41.134, 1070446656882, vstest.console.dll, TestPluginDiscoverer: Failed to get types from assembly 'Microsoft.Diagnostics.NETCore.Client, Version=0.2.5.801, Culture=neutral, PublicKeyToken=31bf3856ad364e35'. Error: System.Reflection.ReflectionTypeLoadException: Unable to load one or more of the requested types.
Could not load file or assembly 'Microsoft.Bcl.AsyncInterfaces, Version=1.0.0.0, Culture=neutral, PublicKeyToken=cc7b13ffcd2ddd51'. The system cannot find the file specified.
   at System.Reflection.RuntimeModule.GetTypes(RuntimeModule module)
   at System.Reflection.Assembly.GetTypes()
   at Microsoft.VisualStudio.TestPlatform.Common.ExtensionFramework.TestPluginDiscoverer.GetTestExtensionsFromAssembly[TPluginInfo,TExtension](Assembly assembly, Dictionary`2 pluginInfos, String filePath)
System.IO.FileNotFoundException: Could not load file or assembly 'Microsoft.Bcl.AsyncInterfaces, Version=1.0.0.0, Culture=neutral, PublicKeyToken=cc7b13ffcd2ddd51'. The system cannot find the file specified.
File name: 'Microsoft.Bcl.AsyncInterfaces, Version=1.0.0.0, Culture=neutral, PublicKeyToken=cc7b13ffcd2ddd51'
 ---> System.IO.FileNotFoundException: Could not load file or assembly 'Microsoft.Bcl.AsyncInterfaces, Culture=neutral, PublicKeyToken=null'. The system cannot find the file specified.
File name: 'Microsoft.Bcl.AsyncInterfaces, Culture=neutral, PublicKeyToken=null'
   at System.Reflection.RuntimeAssembly.InternalLoad(ObjectHandleOnStack assemblyName, ObjectHandleOnStack requestingAssembly, StackCrawlMarkHandle stackMark, Boolean throwOnFileNotFound, ObjectHandleOnStack assemblyLoadContext, ObjectHandleOnStack retAssembly)
   at System.Reflection.RuntimeAssembly.InternalLoad(AssemblyName assemblyName, RuntimeAssembly requestingAssembly, StackCrawlMark& stackMark, Boolean throwOnFileNotFound, AssemblyLoadContext assemblyLoadContext)
   at System.Reflection.Assembly.Load(AssemblyName assemblyRef)
   at Microsoft.VisualStudio.TestPlatform.Common.ExtensionFramework.TestPluginCache.CurrentDomainAssemblyResolve(Object sender, AssemblyResolveEventArgs args)
   at Microsoft.VisualStudio.TestPlatform.PlatformAbstractions.PlatformAssemblyResolver.AssemblyResolverEvent(Object sender, Object eventArgs)
   at System.Runtime.Loader.AssemblyLoadContext.GetFirstResolvedAssemblyFromResolvingEvent(AssemblyName assemblyName)
   at System.Runtime.Loader.AssemblyLoadContext.ResolveUsingEvent(AssemblyName assemblyName)
   at System.Runtime.Loader.AssemblyLoadContext.ResolveUsingResolvingEvent(IntPtr gchManagedAssemblyLoadContext, AssemblyName assemblyName)
TpTrace Warning: 0 : 17948, 1, 2022/11/07, 20:20:41.134, 1070446663116, vstest.console.dll, LoaderExceptions: System.IO.FileNotFoundException: Could not load file or assembly 'Microsoft.Bcl.AsyncInterfaces, Version=1.0.0.0, Culture=neutral, PublicKeyToken=cc7b13ffcd2ddd51'. The system cannot find the file specified.
File name: 'Microsoft.Bcl.AsyncInterfaces, Version=1.0.0.0, Culture=neutral, PublicKeyToken=cc7b13ffcd2ddd51'
 ---> System.IO.FileNotFoundException: Could not load file or assembly 'Microsoft.Bcl.AsyncInterfaces, Culture=neutral, PublicKeyToken=null'. The system cannot find the file specified.
File name: 'Microsoft.Bcl.AsyncInterfaces, Culture=neutral, PublicKeyToken=null'
   at System.Reflection.RuntimeAssembly.InternalLoad(ObjectHandleOnStack assemblyName, ObjectHandleOnStack requestingAssembly, StackCrawlMarkHandle stackMark, Boolean throwOnFileNotFound, ObjectHandleOnStack assemblyLoadContext, ObjectHandleOnStack retAssembly)
   at System.Reflection.RuntimeAssembly.InternalLoad(AssemblyName assemblyName, RuntimeAssembly requestingAssembly, StackCrawlMark& stackMark, Boolean throwOnFileNotFound, AssemblyLoadContext assemblyLoadContext)
   at System.Reflection.Assembly.Load(AssemblyName assemblyRef)
   at Microsoft.VisualStudio.TestPlatform.Common.ExtensionFramework.TestPluginCache.CurrentDomainAssemblyResolve(Object sender, AssemblyResolveEventArgs args)
   at Microsoft.VisualStudio.TestPlatform.PlatformAbstractions.PlatformAssemblyResolver.AssemblyResolverEvent(Object sender, Object eventArgs)
   at System.Runtime.Loader.AssemblyLoadContext.GetFirstResolvedAssemblyFromResolvingEvent(AssemblyName assemblyName)
   at System.Runtime.Loader.AssemblyLoadContext.ResolveUsingEvent(AssemblyName assemblyName)
   at System.Runtime.Loader.AssemblyLoadContext.ResolveUsingResolvingEvent(IntPtr gchManagedAssemblyLoadContext, AssemblyName assemblyName)
TpTrace Information: 0 : 17948, 1, 2022/11/07, 20:20:41.134, 1070446665653, vstest.console.dll, AssemblyResolver.OnResolve: Microsoft.TestPlatform.Extensions.BlameDataCollector: Resolving assembly.
TpTrace Information: 0 : 17948, 1, 2022/11/07, 20:20:41.134, 1070446666237, vstest.console.dll, AssemblyResolver.OnResolve: Microsoft.TestPlatform.Extensions.BlameDataCollector: Searching in: 'C:\Program Files\dotnet\sdk\6.0.402\Extensions'.
TpTrace Information: 0 : 17948, 1, 2022/11/07, 20:20:41.135, 1070446674821, vstest.console.dll, AssemblyResolver.OnResolve: Microsoft.TestPlatform.Extensions.BlameDataCollector: Loading assembly 'C:\Program Files\dotnet\sdk\6.0.402\Extensions\Microsoft.TestPlatform.Extensions.BlameDataCollector.dll'.
TpTrace Information: 0 : 17948, 1, 2022/11/07, 20:20:41.136, 1070446685399, vstest.console.dll, AssemblyResolver.OnResolve: Resolved assembly: Microsoft.TestPlatform.Extensions.BlameDataCollector, from path: C:\Program Files\dotnet\sdk\6.0.402\Extensions\Microsoft.TestPlatform.Extensions.BlameDataCollector.dll
TpTrace Verbose: 0 : 17948, 1, 2022/11/07, 20:20:41.137, 1070446686772, vstest.console.dll, MetadataReaderExtensionsHelper: Discovering extensions inside assembly 'Microsoft.TestPlatform.Extensions.BlameDataCollector, Version=15.0.0.0, Culture=neutral, PublicKeyToken=b03f5f7f11d50a3a' file path 'C:\Program Files\dotnet\sdk\6.0.402\Extensions\Microsoft.TestPlatform.Extensions.BlameDataCollector.dll'
TpTrace Information: 0 : 17948, 1, 2022/11/07, 20:20:41.139, 1070446714403, vstest.console.dll, AssemblyResolver.OnResolve: Microsoft.TestPlatform.Extensions.EventLogCollector: Resolving assembly.
TpTrace Information: 0 : 17948, 1, 2022/11/07, 20:20:41.140, 1070446716698, vstest.console.dll, AssemblyResolver.OnResolve: Microsoft.TestPlatform.Extensions.EventLogCollector: Searching in: 'C:\Program Files\dotnet\sdk\6.0.402\Extensions'.
TpTrace Information: 0 : 17948, 1, 2022/11/07, 20:20:41.140, 1070446725159, vstest.console.dll, AssemblyResolver.OnResolve: Microsoft.TestPlatform.Extensions.EventLogCollector: Loading assembly 'C:\Program Files\dotnet\sdk\6.0.402\Extensions\Microsoft.TestPlatform.Extensions.EventLogCollector.dll'.
TpTrace Information: 0 : 17948, 1, 2022/11/07, 20:20:41.141, 1070446733427, vstest.console.dll, AssemblyResolver.OnResolve: Resolved assembly: Microsoft.TestPlatform.Extensions.EventLogCollector, from path: C:\Program Files\dotnet\sdk\6.0.402\Extensions\Microsoft.TestPlatform.Extensions.EventLogCollector.dll
TpTrace Verbose: 0 : 17948, 1, 2022/11/07, 20:20:41.141, 1070446734666, vstest.console.dll, MetadataReaderExtensionsHelper: Discovering extensions inside assembly 'Microsoft.TestPlatform.Extensions.EventLogCollector, Version=15.0.0.0, Culture=neutral, PublicKeyToken=b03f5f7f11d50a3a' file path 'C:\Program Files\dotnet\sdk\6.0.402\Extensions\Microsoft.TestPlatform.Extensions.EventLogCollector.dll'
TpTrace Information: 0 : 17948, 1, 2022/11/07, 20:20:41.144, 1070446761286, vstest.console.dll, AssemblyResolver.OnResolve: Microsoft.TestPlatform.TestHostRuntimeProvider: Resolving assembly.
TpTrace Information: 0 : 17948, 1, 2022/11/07, 20:20:41.144, 1070446762496, vstest.console.dll, AssemblyResolver.OnResolve: Microsoft.TestPlatform.TestHostRuntimeProvider: Searching in: 'C:\Program Files\dotnet\sdk\6.0.402\Extensions'.
TpTrace Information: 0 : 17948, 1, 2022/11/07, 20:20:41.145, 1070446772208, vstest.console.dll, AssemblyResolver.OnResolve: Microsoft.TestPlatform.TestHostRuntimeProvider: Loading assembly 'C:\Program Files\dotnet\sdk\6.0.402\Extensions\Microsoft.TestPlatform.TestHostRuntimeProvider.dll'.
TpTrace Information: 0 : 17948, 1, 2022/11/07, 20:20:41.146, 1070446783208, vstest.console.dll, AssemblyResolver.OnResolve: Resolved assembly: Microsoft.TestPlatform.TestHostRuntimeProvider, from path: C:\Program Files\dotnet\sdk\6.0.402\Extensions\Microsoft.TestPlatform.TestHostRuntimeProvider.dll
TpTrace Verbose: 0 : 17948, 1, 2022/11/07, 20:20:41.146, 1070446784457, vstest.console.dll, MetadataReaderExtensionsHelper: Discovering extensions inside assembly 'Microsoft.TestPlatform.TestHostRuntimeProvider, Version=15.0.0.0, Culture=neutral, PublicKeyToken=b03f5f7f11d50a3a' file path 'C:\Program Files\dotnet\sdk\6.0.402\Extensions\Microsoft.TestPlatform.TestHostRuntimeProvider.dll'
TpTrace Information: 0 : 17948, 1, 2022/11/07, 20:20:41.149, 1070446814074, vstest.console.dll, GetTestExtensionFromType: Register extension with identifier data 'HostProvider://DefaultTestHost' and type 'Microsoft.VisualStudio.TestPlatform.CrossPlatEngine.Hosting.DefaultTestHostManager, Microsoft.TestPlatform.TestHostRuntimeProvider, Version=15.0.0.0, Culture=neutral, PublicKeyToken=b03f5f7f11d50a3a' inside file 'C:\Program Files\dotnet\sdk\6.0.402\Extensions\Microsoft.TestPlatform.TestHostRuntimeProvider.dll'
TpTrace Information: 0 : 17948, 1, 2022/11/07, 20:20:41.149, 1070446815673, vstest.console.dll, GetTestExtensionFromType: Register extension with identifier data 'HostProvider://DotnetTestHost' and type 'Microsoft.VisualStudio.TestPlatform.CrossPlatEngine.Hosting.DotnetTestHostManager, Microsoft.TestPlatform.TestHostRuntimeProvider, Version=15.0.0.0, Culture=neutral, PublicKeyToken=b03f5f7f11d50a3a' inside file 'C:\Program Files\dotnet\sdk\6.0.402\Extensions\Microsoft.TestPlatform.TestHostRuntimeProvider.dll'
TpTrace Information: 0 : 17948, 1, 2022/11/07, 20:20:41.150, 1070446816896, vstest.console.dll, AssemblyResolver.OnResolve: Microsoft.VisualStudio.TestPlatform.Extensions.Html.TestLogger: Resolving assembly.
TpTrace Information: 0 : 17948, 1, 2022/11/07, 20:20:41.150, 1070446817358, vstest.console.dll, AssemblyResolver.OnResolve: Microsoft.VisualStudio.TestPlatform.Extensions.Html.TestLogger: Searching in: 'C:\Program Files\dotnet\sdk\6.0.402\Extensions'.
TpTrace Information: 0 : 17948, 1, 2022/11/07, 20:20:41.150, 1070446825722, vstest.console.dll, AssemblyResolver.OnResolve: Microsoft.VisualStudio.TestPlatform.Extensions.Html.TestLogger: Loading assembly 'C:\Program Files\dotnet\sdk\6.0.402\Extensions\Microsoft.VisualStudio.TestPlatform.Extensions.Html.TestLogger.dll'.
TpTrace Information: 0 : 17948, 1, 2022/11/07, 20:20:41.151, 1070446834867, vstest.console.dll, AssemblyResolver.OnResolve: Resolved assembly: Microsoft.VisualStudio.TestPlatform.Extensions.Html.TestLogger, from path: C:\Program Files\dotnet\sdk\6.0.402\Extensions\Microsoft.VisualStudio.TestPlatform.Extensions.Html.TestLogger.dll
TpTrace Verbose: 0 : 17948, 1, 2022/11/07, 20:20:41.151, 1070446836185, vstest.console.dll, MetadataReaderExtensionsHelper: Discovering extensions inside assembly 'Microsoft.VisualStudio.TestPlatform.Extensions.Html.TestLogger, Version=15.0.0.0, Culture=neutral, PublicKeyToken=b03f5f7f11d50a3a' file path 'C:\Program Files\dotnet\sdk\6.0.402\Extensions\Microsoft.VisualStudio.TestPlatform.Extensions.Html.TestLogger.dll'
TpTrace Information: 0 : 17948, 1, 2022/11/07, 20:20:41.153, 1070446850896, vstest.console.dll, AssemblyResolver.OnResolve: Microsoft.VisualStudio.TestPlatform.Extensions.Trx.TestLogger: Resolving assembly.
TpTrace Information: 0 : 17948, 1, 2022/11/07, 20:20:41.153, 1070446852640, vstest.console.dll, AssemblyResolver.OnResolve: Microsoft.VisualStudio.TestPlatform.Extensions.Trx.TestLogger: Searching in: 'C:\Program Files\dotnet\sdk\6.0.402\Extensions'.
TpTrace Information: 0 : 17948, 1, 2022/11/07, 20:20:41.154, 1070446861540, vstest.console.dll, AssemblyResolver.OnResolve: Microsoft.VisualStudio.TestPlatform.Extensions.Trx.TestLogger: Loading assembly 'C:\Program Files\dotnet\sdk\6.0.402\Extensions\Microsoft.VisualStudio.TestPlatform.Extensions.Trx.TestLogger.dll'.
TpTrace Information: 0 : 17948, 1, 2022/11/07, 20:20:41.155, 1070446872605, vstest.console.dll, AssemblyResolver.OnResolve: Resolved assembly: Microsoft.VisualStudio.TestPlatform.Extensions.Trx.TestLogger, from path: C:\Program Files\dotnet\sdk\6.0.402\Extensions\Microsoft.VisualStudio.TestPlatform.Extensions.Trx.TestLogger.dll
TpTrace Verbose: 0 : 17948, 1, 2022/11/07, 20:20:41.155, 1070446874150, vstest.console.dll, MetadataReaderExtensionsHelper: Discovering extensions inside assembly 'Microsoft.VisualStudio.TestPlatform.Extensions.Trx.TestLogger, Version=15.0.0.0, Culture=neutral, PublicKeyToken=b03f5f7f11d50a3a' file path 'C:\Program Files\dotnet\sdk\6.0.402\Extensions\Microsoft.VisualStudio.TestPlatform.Extensions.Trx.TestLogger.dll'
TpTrace Verbose: 0 : 17948, 1, 2022/11/07, 20:20:41.157, 1070446891991, vstest.console.dll, TestPluginCache: Discovered the extensions using extension path ''.
TpTrace Verbose: 0 : 17948, 1, 2022/11/07, 20:20:41.157, 1070446893318, vstest.console.dll, TestPluginCache: Discoverers are ''.
TpTrace Verbose: 0 : 17948, 1, 2022/11/07, 20:20:41.157, 1070446893686, vstest.console.dll, TestPluginCache: Executors are ''.
TpTrace Verbose: 0 : 17948, 1, 2022/11/07, 20:20:41.157, 1070446893999, vstest.console.dll, TestPluginCache: Executors2 are ''.
TpTrace Verbose: 0 : 17948, 1, 2022/11/07, 20:20:41.157, 1070446894302, vstest.console.dll, TestPluginCache: Setting providers are ''.
TpTrace Verbose: 0 : 17948, 1, 2022/11/07, 20:20:41.157, 1070446894605, vstest.console.dll, TestPluginCache: Loggers are ''.
TpTrace Verbose: 0 : 17948, 1, 2022/11/07, 20:20:41.158, 1070446896807, vstest.console.dll, TestPluginCache: TestHosts are 'HostProvider://DefaultTestHost,HostProvider://DotnetTestHost'.
TpTrace Verbose: 0 : 17948, 1, 2022/11/07, 20:20:41.158, 1070446897301, vstest.console.dll, TestPluginCache: DataCollectors are ''.
TpTrace Information: 0 : 17948, 1, 2022/11/07, 20:20:41.175, 1070447067363, vstest.console.dll, RunTestsArgumentProcessor:Execute: Test run is starting.
TpTrace Verbose: 0 : 17948, 1, 2022/11/07, 20:20:41.175, 1070447068720, vstest.console.dll, RunTestsArgumentProcessor:Execute: Queuing Test run.
TpTrace Information: 0 : 17948, 1, 2022/11/07, 20:20:41.175, 1070447072184, vstest.console.dll, TestRequestManager.RunTests: run tests started.
TpTrace Information: 0 : 17948, 1, 2022/11/07, 20:20:41.177, 1070447091049, vstest.console.dll, AssemblyMetadataProvider.GetFrameworkName: Determined framework:'.NETCoreApp,Version=v6.0' for source: 'C:\Users\menor\OneDrive\Documents\Projects\lightning-alert\lightning-alert-tests\bin\Debug\net6.0\fine-code-coverage\build-output\lightning-alert-tests.dll'
TpTrace Information: 0 : 17948, 1, 2022/11/07, 20:20:41.177, 1070447093280, vstest.console.dll, Determined framework for all sources: .NETCoreApp,Version=v6.0
TpTrace Verbose: 0 : 17948, 1, 2022/11/07, 20:20:41.178, 1070447100593, vstest.console.dll, TestRequestManager.UpdateRunSettingsIfRequired: Default architecture: X64 IsDefaultTargetArchitecture: True, Current process architecture: X64 OperatingSystem: Windows.
TpTrace Information: 0 : 17948, 1, 2022/11/07, 20:20:41.182, 1070447144229, vstest.console.dll, AssemblyMetadataProvider.GetArchitecture: Determined architecture:AnyCPU info for assembly: C:\Users\menor\OneDrive\Documents\Projects\lightning-alert\lightning-alert-tests\bin\Debug\net6.0\fine-code-coverage\build-output\lightning-alert-tests.dll
TpTrace Information: 0 : 17948, 1, 2022/11/07, 20:20:41.182, 1070447145405, vstest.console.dll, Determined platform for source 'C:\Users\menor\OneDrive\Documents\Projects\lightning-alert\lightning-alert-tests\bin\Debug\net6.0\fine-code-coverage\build-output\lightning-alert-tests.dll' was AnyCPU and it will use the default plaform X64.
TpTrace Information: 0 : 17948, 1, 2022/11/07, 20:20:41.182, 1070447145799, vstest.console.dll, None of the sources provided any runnable platform, using the default platform: X64
TpTrace Information: 0 : 17948, 1, 2022/11/07, 20:20:41.183, 1070447147182, vstest.console.dll, Platform was updated to 'X64'.
TpTrace Information: 0 : 17948, 1, 2022/11/07, 20:20:41.188, 1070447204438, vstest.console.dll, InferRunSettingsHelper.IsTestSettingsEnabled: Unable to navigate to RunSettings/MSTest. Current node: RunSettings
TpTrace Information: 0 : 17948, 1, 2022/11/07, 20:20:41.189, 1070447214544, vstest.console.dll, AssemblyResolver.OnResolve: Microsoft.VisualStudio.TestPlatform.Fakes: Resolving assembly.
TpTrace Information: 0 : 17948, 1, 2022/11/07, 20:20:41.189, 1070447215509, vstest.console.dll, AssemblyResolver.OnResolve: Microsoft.VisualStudio.TestPlatform.Fakes: Searching in: 'C:\Program Files\dotnet\sdk\6.0.402\Extensions'.
TpTrace Information: 0 : 17948, 1, 2022/11/07, 20:20:41.190, 1070447216905, vstest.console.dll, AssemblyResolver.OnResolve: Microsoft.VisualStudio.TestPlatform.Fakes: Assembly path does not exist: 'C:\Program Files\dotnet\sdk\6.0.402\Extensions\Microsoft.VisualStudio.TestPlatform.Fakes.dll', returning.
TpTrace Information: 0 : 17948, 1, 2022/11/07, 20:20:41.190, 1070447217617, vstest.console.dll, AssemblyResolver.OnResolve: Microsoft.VisualStudio.TestPlatform.Fakes: Assembly path does not exist: 'C:\Program Files\dotnet\sdk\6.0.402\Extensions\Microsoft.VisualStudio.TestPlatform.Fakes.exe', returning.
TpTrace Information: 0 : 17948, 1, 2022/11/07, 20:20:41.190, 1070447217985, vstest.console.dll, AssemblyResolver.OnResolve: Microsoft.VisualStudio.TestPlatform.Fakes: Searching in: 'C:\Program Files\dotnet\sdk\6.0.402'.
TpTrace Information: 0 : 17948, 1, 2022/11/07, 20:20:41.190, 1070447218688, vstest.console.dll, AssemblyResolver.OnResolve: Microsoft.VisualStudio.TestPlatform.Fakes: Assembly path does not exist: 'C:\Program Files\dotnet\sdk\6.0.402\Microsoft.VisualStudio.TestPlatform.Fakes.dll', returning.
TpTrace Information: 0 : 17948, 1, 2022/11/07, 20:20:41.190, 1070447219412, vstest.console.dll, AssemblyResolver.OnResolve: Microsoft.VisualStudio.TestPlatform.Fakes: Assembly path does not exist: 'C:\Program Files\dotnet\sdk\6.0.402\Microsoft.VisualStudio.TestPlatform.Fakes.exe', returning.
TpTrace Information: 0 : 17948, 1, 2022/11/07, 20:20:41.190, 1070447219784, vstest.console.dll, AssemblyResolver.OnResolve: Microsoft.VisualStudio.TestPlatform.Fakes: Failed to load assembly.
TpTrace Information: 0 : 17948, 1, 2022/11/07, 20:20:41.190, 1070447223733, vstest.console.dll, Failed to load assembly Microsoft.VisualStudio.TestPlatform.Fakes, Version=17.0.0.0, Culture=neutral. Reason:System.IO.FileNotFoundException: Could not load file or assembly 'Microsoft.VisualStudio.TestPlatform.Fakes, Version=17.0.0.0, Culture=neutral, PublicKeyToken=null'. The system cannot find the file specified.
File name: 'Microsoft.VisualStudio.TestPlatform.Fakes, Version=17.0.0.0, Culture=neutral, PublicKeyToken=null'
   at System.Reflection.RuntimeAssembly.InternalLoad(ObjectHandleOnStack assemblyName, ObjectHandleOnStack requestingAssembly, StackCrawlMarkHandle stackMark, Boolean throwOnFileNotFound, ObjectHandleOnStack assemblyLoadContext, ObjectHandleOnStack retAssembly)
   at System.Reflection.RuntimeAssembly.InternalLoad(AssemblyName assemblyName, RuntimeAssembly requestingAssembly, StackCrawlMark& stackMark, Boolean throwOnFileNotFound, AssemblyLoadContext assemblyLoadContext)
   at System.Reflection.Assembly.Load(AssemblyName assemblyRef)
   at Microsoft.VisualStudio.TestPlatform.Common.Utilities.FakesUtilities.LoadTestPlatformAssembly()
TpTrace Verbose: 0 : 17948, 1, 2022/11/07, 20:20:41.195, 1070447275783, vstest.console.dll, TestPluginCache.DiscoverTestExtensions: finding test extensions in assemblies ends with: TestLogger.dll TPluginInfo: Microsoft.VisualStudio.TestPlatform.Common.ExtensionFramework.Utilities.TestLoggerPluginInformation TExtension: Microsoft.VisualStudio.TestPlatform.ObjectModel.Client.ITestLogger
TpTrace Verbose: 0 : 17948, 1, 2022/11/07, 20:20:41.196, 1070447277352, vstest.console.dll, TestPluginCache.GetExtensionPaths: Filtered extension paths: 
TpTrace Verbose: 0 : 17948, 1, 2022/11/07, 20:20:41.196, 1070447277777, vstest.console.dll, TestPluginCache.GetExtensionPaths: Added default extension paths: C:\Program Files\dotnet\sdk\6.0.402\Extensions\Microsoft.Diagnostics.NETCore.Client.dll
C:\Program Files\dotnet\sdk\6.0.402\Extensions\Microsoft.TestPlatform.Extensions.BlameDataCollector.dll
C:\Program Files\dotnet\sdk\6.0.402\Extensions\Microsoft.TestPlatform.Extensions.EventLogCollector.dll
C:\Program Files\dotnet\sdk\6.0.402\Extensions\Microsoft.TestPlatform.TestHostRuntimeProvider.dll
C:\Program Files\dotnet\sdk\6.0.402\Extensions\Microsoft.VisualStudio.TestPlatform.Extensions.Html.TestLogger.dll
C:\Program Files\dotnet\sdk\6.0.402\Extensions\Microsoft.VisualStudio.TestPlatform.Extensions.Trx.TestLogger.dll
TpTrace Verbose: 0 : 17948, 1, 2022/11/07, 20:20:41.196, 1070447278203, vstest.console.dll, TestPluginCache.GetExtensionPaths: Added unfilterableExtensionPaths: 
TpTrace Information: 0 : 17948, 1, 2022/11/07, 20:20:41.196, 1070447280013, vstest.console.dll, AssemblyResolver.AddSearchDirectories: Adding more searchDirectories C:\Program Files\dotnet\sdk\6.0.402\Extensions,C:\Program Files\dotnet\sdk\6.0.402
TpTrace Verbose: 0 : 17948, 1, 2022/11/07, 20:20:41.196, 1070447280619, vstest.console.dll, TestPluginCache.DiscoverTestExtensions: Discovering the extensions using extension path.
TpTrace Verbose: 0 : 17948, 1, 2022/11/07, 20:20:41.196, 1070447281102, vstest.console.dll, TestPluginCache.GetExtensionPaths: Filtered extension paths: 
TpTrace Verbose: 0 : 17948, 1, 2022/11/07, 20:20:41.196, 1070447281559, vstest.console.dll, TestPluginCache.GetExtensionPaths: Added default extension paths: C:\Program Files\dotnet\sdk\6.0.402\Extensions\Microsoft.Diagnostics.NETCore.Client.dll
C:\Program Files\dotnet\sdk\6.0.402\Extensions\Microsoft.TestPlatform.Extensions.BlameDataCollector.dll
C:\Program Files\dotnet\sdk\6.0.402\Extensions\Microsoft.TestPlatform.Extensions.EventLogCollector.dll
C:\Program Files\dotnet\sdk\6.0.402\Extensions\Microsoft.TestPlatform.TestHostRuntimeProvider.dll
C:\Program Files\dotnet\sdk\6.0.402\Extensions\Microsoft.VisualStudio.TestPlatform.Extensions.Html.TestLogger.dll
C:\Program Files\dotnet\sdk\6.0.402\Extensions\Microsoft.VisualStudio.TestPlatform.Extensions.Trx.TestLogger.dll
TpTrace Verbose: 0 : 17948, 1, 2022/11/07, 20:20:41.196, 1070447282775, vstest.console.dll, TestPluginCache.GetExtensionPaths: Added unfilterableExtensionPaths: 
TpTrace Verbose: 0 : 17948, 1, 2022/11/07, 20:20:41.196, 1070447283306, vstest.console.dll, TestPluginCache.DiscoverTestExtensions: Discovering the extensions using allExtensionPaths: C:\Program Files\dotnet\sdk\6.0.402\Extensions\Microsoft.Diagnostics.NETCore.Client.dll
C:\Program Files\dotnet\sdk\6.0.402\Extensions\Microsoft.TestPlatform.Extensions.BlameDataCollector.dll
C:\Program Files\dotnet\sdk\6.0.402\Extensions\Microsoft.TestPlatform.Extensions.EventLogCollector.dll
C:\Program Files\dotnet\sdk\6.0.402\Extensions\Microsoft.TestPlatform.TestHostRuntimeProvider.dll
C:\Program Files\dotnet\sdk\6.0.402\Extensions\Microsoft.VisualStudio.TestPlatform.Extensions.Html.TestLogger.dll
C:\Program Files\dotnet\sdk\6.0.402\Extensions\Microsoft.VisualStudio.TestPlatform.Extensions.Trx.TestLogger.dll
TpTrace Information: 0 : 17948, 1, 2022/11/07, 20:20:41.196, 1070447283919, vstest.console.dll, AssemblyResolver.AddSearchDirectories: Adding more searchDirectories C:\Program Files\dotnet\sdk\6.0.402\Extensions,C:\Program Files\dotnet\sdk\6.0.402
TpTrace Information: 0 : 17948, 1, 2022/11/07, 20:20:41.196, 1070447284376, vstest.console.dll, AssemblyResolver.AddSearchDirectories: Adding more searchDirectories C:\Program Files\dotnet\sdk\6.0.402\Extensions,C:\Program Files\dotnet\sdk\6.0.402
TpTrace Information: 0 : 17948, 1, 2022/11/07, 20:20:41.196, 1070447284737, vstest.console.dll, AssemblyResolver.AddSearchDirectories: Adding more searchDirectories C:\Program Files\dotnet\sdk\6.0.402\Extensions,C:\Program Files\dotnet\sdk\6.0.402
TpTrace Information: 0 : 17948, 1, 2022/11/07, 20:20:41.196, 1070447285096, vstest.console.dll, AssemblyResolver.AddSearchDirectories: Adding more searchDirectories C:\Program Files\dotnet\sdk\6.0.402\Extensions,C:\Program Files\dotnet\sdk\6.0.402
TpTrace Information: 0 : 17948, 1, 2022/11/07, 20:20:41.196, 1070447285583, vstest.console.dll, AssemblyResolver.AddSearchDirectories: Adding more searchDirectories C:\Program Files\dotnet\sdk\6.0.402\Extensions,C:\Program Files\dotnet\sdk\6.0.402
TpTrace Information: 0 : 17948, 1, 2022/11/07, 20:20:41.196, 1070447285958, vstest.console.dll, AssemblyResolver.AddSearchDirectories: Adding more searchDirectories C:\Program Files\dotnet\sdk\6.0.402\Extensions,C:\Program Files\dotnet\sdk\6.0.402
TpTrace Verbose: 0 : 17948, 1, 2022/11/07, 20:20:41.197, 1070447287789, vstest.console.dll, MetadataReaderExtensionsHelper: Discovering extensions inside assembly 'Microsoft.Diagnostics.NETCore.Client, Version=0.2.5.801, Culture=neutral, PublicKeyToken=31bf3856ad364e35' file path 'C:\Program Files\dotnet\sdk\6.0.402\Extensions\Microsoft.Diagnostics.NETCore.Client.dll'
TpTrace Information: 0 : 17948, 1, 2022/11/07, 20:20:41.198, 1070447300303, vstest.console.dll, AssemblyResolver.OnResolve: Microsoft.Bcl.AsyncInterfaces: Resolving assembly.
TpTrace Information: 0 : 17948, 1, 2022/11/07, 20:20:41.198, 1070447301293, vstest.console.dll, AssemblyResolver.OnResolve: Microsoft.Bcl.AsyncInterfaces: Resolved from cache.
TpTrace Verbose: 0 : 17948, 1, 2022/11/07, 20:20:41.198, 1070447301763, vstest.console.dll, CurrentDomainAssemblyResolve: Resolving assembly 'Microsoft.Bcl.AsyncInterfaces'.
TpTrace Information: 0 : 17948, 1, 2022/11/07, 20:20:41.198, 1070447302473, vstest.console.dll, AssemblyResolver.OnResolve: Microsoft.Bcl.AsyncInterfaces: Resolving assembly.
TpTrace Information: 0 : 17948, 1, 2022/11/07, 20:20:41.198, 1070447302862, vstest.console.dll, AssemblyResolver.OnResolve: Microsoft.Bcl.AsyncInterfaces: Resolved from cache.
TpTrace Verbose: 0 : 17948, 1, 2022/11/07, 20:20:41.198, 1070447303231, vstest.console.dll, CurrentDomainAssemblyResolve: Resolving assembly 'Microsoft.Bcl.AsyncInterfaces'.
TpTrace Verbose: 0 : 17948, 1, 2022/11/07, 20:20:41.198, 1070447303561, vstest.console.dll, CurrentDomainAssemblyResolve: Failed to resolve assembly 'Microsoft.Bcl.AsyncInterfaces'.
TpTrace Verbose: 0 : 17948, 1, 2022/11/07, 20:20:41.198, 1070447305888, vstest.console.dll, CurrentDomainAssemblyResolve: Failed to resolve assembly 'Microsoft.Bcl.AsyncInterfaces'.
TpTrace Warning: 0 : 17948, 1, 2022/11/07, 20:20:41.199, 1070447312792, vstest.console.dll, TestPluginDiscoverer: Failed to get types from assembly 'Microsoft.Diagnostics.NETCore.Client, Version=0.2.5.801, Culture=neutral, PublicKeyToken=31bf3856ad364e35'. Error: System.Reflection.ReflectionTypeLoadException: Unable to load one or more of the requested types.
Could not load file or assembly 'Microsoft.Bcl.AsyncInterfaces, Version=1.0.0.0, Culture=neutral, PublicKeyToken=cc7b13ffcd2ddd51'. The system cannot find the file specified.
   at System.Reflection.RuntimeModule.GetTypes(RuntimeModule module)
   at System.Reflection.Assembly.GetTypes()
   at Microsoft.VisualStudio.TestPlatform.Common.ExtensionFramework.TestPluginDiscoverer.GetTestExtensionsFromAssembly[TPluginInfo,TExtension](Assembly assembly, Dictionary`2 pluginInfos, String filePath)
System.IO.FileNotFoundException: Could not load file or assembly 'Microsoft.Bcl.AsyncInterfaces, Version=1.0.0.0, Culture=neutral, PublicKeyToken=cc7b13ffcd2ddd51'. The system cannot find the file specified.
File name: 'Microsoft.Bcl.AsyncInterfaces, Version=1.0.0.0, Culture=neutral, PublicKeyToken=cc7b13ffcd2ddd51'
 ---> System.IO.FileNotFoundException: Could not load file or assembly 'Microsoft.Bcl.AsyncInterfaces, Culture=neutral, PublicKeyToken=null'. The system cannot find the file specified.
File name: 'Microsoft.Bcl.AsyncInterfaces, Culture=neutral, PublicKeyToken=null'
   at System.Reflection.RuntimeAssembly.InternalLoad(ObjectHandleOnStack assemblyName, ObjectHandleOnStack requestingAssembly, StackCrawlMarkHandle stackMark, Boolean throwOnFileNotFound, ObjectHandleOnStack assemblyLoadContext, ObjectHandleOnStack retAssembly)
   at System.Reflection.RuntimeAssembly.InternalLoad(AssemblyName assemblyName, RuntimeAssembly requestingAssembly, StackCrawlMark& stackMark, Boolean throwOnFileNotFound, AssemblyLoadContext assemblyLoadContext)
   at System.Reflection.Assembly.Load(AssemblyName assemblyRef)
   at Microsoft.VisualStudio.TestPlatform.Common.ExtensionFramework.TestPluginCache.CurrentDomainAssemblyResolve(Object sender, AssemblyResolveEventArgs args)
   at Microsoft.VisualStudio.TestPlatform.PlatformAbstractions.PlatformAssemblyResolver.AssemblyResolverEvent(Object sender, Object eventArgs)
   at System.Runtime.Loader.AssemblyLoadContext.GetFirstResolvedAssemblyFromResolvingEvent(AssemblyName assemblyName)
   at System.Runtime.Loader.AssemblyLoadContext.ResolveUsingEvent(AssemblyName assemblyName)
   at System.Runtime.Loader.AssemblyLoadContext.ResolveUsingResolvingEvent(IntPtr gchManagedAssemblyLoadContext, AssemblyName assemblyName)
TpTrace Warning: 0 : 17948, 1, 2022/11/07, 20:20:41.199, 1070447316231, vstest.console.dll, LoaderExceptions: System.IO.FileNotFoundException: Could not load file or assembly 'Microsoft.Bcl.AsyncInterfaces, Version=1.0.0.0, Culture=neutral, PublicKeyToken=cc7b13ffcd2ddd51'. The system cannot find the file specified.
File name: 'Microsoft.Bcl.AsyncInterfaces, Version=1.0.0.0, Culture=neutral, PublicKeyToken=cc7b13ffcd2ddd51'
 ---> System.IO.FileNotFoundException: Could not load file or assembly 'Microsoft.Bcl.AsyncInterfaces, Culture=neutral, PublicKeyToken=null'. The system cannot find the file specified.
File name: 'Microsoft.Bcl.AsyncInterfaces, Culture=neutral, PublicKeyToken=null'
   at System.Reflection.RuntimeAssembly.InternalLoad(ObjectHandleOnStack assemblyName, ObjectHandleOnStack requestingAssembly, StackCrawlMarkHandle stackMark, Boolean throwOnFileNotFound, ObjectHandleOnStack assemblyLoadContext, ObjectHandleOnStack retAssembly)
   at System.Reflection.RuntimeAssembly.InternalLoad(AssemblyName assemblyName, RuntimeAssembly requestingAssembly, StackCrawlMark& stackMark, Boolean throwOnFileNotFound, AssemblyLoadContext assemblyLoadContext)
   at System.Reflection.Assembly.Load(AssemblyName assemblyRef)
   at Microsoft.VisualStudio.TestPlatform.Common.ExtensionFramework.TestPluginCache.CurrentDomainAssemblyResolve(Object sender, AssemblyResolveEventArgs args)
   at Microsoft.VisualStudio.TestPlatform.PlatformAbstractions.PlatformAssemblyResolver.AssemblyResolverEvent(Object sender, Object eventArgs)
   at System.Runtime.Loader.AssemblyLoadContext.GetFirstResolvedAssemblyFromResolvingEvent(AssemblyName assemblyName)
   at System.Runtime.Loader.AssemblyLoadContext.ResolveUsingEvent(AssemblyName assemblyName)
   at System.Runtime.Loader.AssemblyLoadContext.ResolveUsingResolvingEvent(IntPtr gchManagedAssemblyLoadContext, AssemblyName assemblyName)
TpTrace Verbose: 0 : 17948, 1, 2022/11/07, 20:20:41.200, 1070447317843, vstest.console.dll, MetadataReaderExtensionsHelper: Discovering extensions inside assembly 'Microsoft.TestPlatform.Extensions.BlameDataCollector, Version=15.0.0.0, Culture=neutral, PublicKeyToken=b03f5f7f11d50a3a' file path 'C:\Program Files\dotnet\sdk\6.0.402\Extensions\Microsoft.TestPlatform.Extensions.BlameDataCollector.dll'
TpTrace Information: 0 : 17948, 1, 2022/11/07, 20:20:41.201, 1070447330748, vstest.console.dll, GetTestExtensionFromType: Register extension with identifier data 'logger://Microsoft/TestPlatform/Extensions/Blame/v1' and type 'Microsoft.TestPlatform.Extensions.BlameDataCollector.BlameLogger, Microsoft.TestPlatform.Extensions.BlameDataCollector, Version=15.0.0.0, Culture=neutral, PublicKeyToken=b03f5f7f11d50a3a' inside file 'C:\Program Files\dotnet\sdk\6.0.402\Extensions\Microsoft.TestPlatform.Extensions.BlameDataCollector.dll'
TpTrace Verbose: 0 : 17948, 1, 2022/11/07, 20:20:41.201, 1070447332141, vstest.console.dll, MetadataReaderExtensionsHelper: Discovering extensions inside assembly 'Microsoft.TestPlatform.Extensions.EventLogCollector, Version=15.0.0.0, Culture=neutral, PublicKeyToken=b03f5f7f11d50a3a' file path 'C:\Program Files\dotnet\sdk\6.0.402\Extensions\Microsoft.TestPlatform.Extensions.EventLogCollector.dll'
TpTrace Verbose: 0 : 17948, 1, 2022/11/07, 20:20:41.202, 1070447341415, vstest.console.dll, MetadataReaderExtensionsHelper: Discovering extensions inside assembly 'Microsoft.TestPlatform.TestHostRuntimeProvider, Version=15.0.0.0, Culture=neutral, PublicKeyToken=b03f5f7f11d50a3a' file path 'C:\Program Files\dotnet\sdk\6.0.402\Extensions\Microsoft.TestPlatform.TestHostRuntimeProvider.dll'
TpTrace Verbose: 0 : 17948, 1, 2022/11/07, 20:20:41.203, 1070447349618, vstest.console.dll, MetadataReaderExtensionsHelper: Discovering extensions inside assembly 'Microsoft.VisualStudio.TestPlatform.Extensions.Html.TestLogger, Version=15.0.0.0, Culture=neutral, PublicKeyToken=b03f5f7f11d50a3a' file path 'C:\Program Files\dotnet\sdk\6.0.402\Extensions\Microsoft.VisualStudio.TestPlatform.Extensions.Html.TestLogger.dll'
TpTrace Information: 0 : 17948, 1, 2022/11/07, 20:20:41.204, 1070447359096, vstest.console.dll, GetTestExtensionFromType: Register extension with identifier data 'logger://Microsoft/TestPlatform/HtmlLogger/v1' and type 'Microsoft.VisualStudio.TestPlatform.Extensions.HtmlLogger.HtmlLogger, Microsoft.VisualStudio.TestPlatform.Extensions.Html.TestLogger, Version=15.0.0.0, Culture=neutral, PublicKeyToken=b03f5f7f11d50a3a' inside file 'C:\Program Files\dotnet\sdk\6.0.402\Extensions\Microsoft.VisualStudio.TestPlatform.Extensions.Html.TestLogger.dll'
TpTrace Verbose: 0 : 17948, 1, 2022/11/07, 20:20:41.204, 1070447360424, vstest.console.dll, MetadataReaderExtensionsHelper: Discovering extensions inside assembly 'Microsoft.VisualStudio.TestPlatform.Extensions.Trx.TestLogger, Version=15.0.0.0, Culture=neutral, PublicKeyToken=b03f5f7f11d50a3a' file path 'C:\Program Files\dotnet\sdk\6.0.402\Extensions\Microsoft.VisualStudio.TestPlatform.Extensions.Trx.TestLogger.dll'
TpTrace Information: 0 : 17948, 1, 2022/11/07, 20:20:41.205, 1070447370323, vstest.console.dll, GetTestExtensionFromType: Register extension with identifier data 'logger://Microsoft/TestPlatform/TrxLogger/v1' and type 'Microsoft.VisualStudio.TestPlatform.Extensions.TrxLogger.TrxLogger, Microsoft.VisualStudio.TestPlatform.Extensions.Trx.TestLogger, Version=15.0.0.0, Culture=neutral, PublicKeyToken=b03f5f7f11d50a3a' inside file 'C:\Program Files\dotnet\sdk\6.0.402\Extensions\Microsoft.VisualStudio.TestPlatform.Extensions.Trx.TestLogger.dll'
TpTrace Verbose: 0 : 17948, 1, 2022/11/07, 20:20:41.205, 1070447371682, vstest.console.dll, TestPluginCache: Discovered the extensions using extension path ''.
TpTrace Verbose: 0 : 17948, 1, 2022/11/07, 20:20:41.205, 1070447372137, vstest.console.dll, TestPluginCache: Discoverers are ''.
TpTrace Verbose: 0 : 17948, 1, 2022/11/07, 20:20:41.205, 1070447372465, vstest.console.dll, TestPluginCache: Executors are ''.
TpTrace Verbose: 0 : 17948, 1, 2022/11/07, 20:20:41.205, 1070447372940, vstest.console.dll, TestPluginCache: Executors2 are ''.
TpTrace Verbose: 0 : 17948, 1, 2022/11/07, 20:20:41.205, 1070447373271, vstest.console.dll, TestPluginCache: Setting providers are ''.
TpTrace Verbose: 0 : 17948, 1, 2022/11/07, 20:20:41.205, 1070447374311, vstest.console.dll, TestPluginCache: Loggers are 'logger://Microsoft/TestPlatform/Extensions/Blame/v1,logger://Microsoft/TestPlatform/HtmlLogger/v1,logger://Microsoft/TestPlatform/TrxLogger/v1'.
TpTrace Verbose: 0 : 17948, 1, 2022/11/07, 20:20:41.205, 1070447374888, vstest.console.dll, TestPluginCache: TestHosts are 'HostProvider://DefaultTestHost,HostProvider://DotnetTestHost'.
TpTrace Verbose: 0 : 17948, 1, 2022/11/07, 20:20:41.205, 1070447375235, vstest.console.dll, TestPluginCache: DataCollectors are ''.
TpTrace Information: 0 : 17948, 1, 2022/11/07, 20:20:41.206, 1070447385071, vstest.console.dll, TestPluginManager.CreateTestExtension: Attempting to load test extension: Microsoft.TestPlatform.Extensions.BlameDataCollector.BlameLogger
TpTrace Verbose: 0 : 17948, 1, 2022/11/07, 20:20:41.214, 1070447460675, vstest.console.dll, TestEngine: Initializing Parallel Execution as MaxCpuCount is set to: 1
TpTrace Information: 0 : 17948, 1, 2022/11/07, 20:20:41.218, 1070447506256, vstest.console.dll, TestPluginManager.CreateTestExtension: Attempting to load test extension: Microsoft.VisualStudio.TestPlatform.CrossPlatEngine.Hosting.DefaultTestHostManager
TpTrace Information: 0 : 17948, 1, 2022/11/07, 20:20:41.220, 1070447516864, vstest.console.dll, TestPluginManager.CreateTestExtension: Attempting to load test extension: Microsoft.VisualStudio.TestPlatform.CrossPlatEngine.Hosting.DotnetTestHostManager
TpTrace Information: 0 : 17948, 1, 2022/11/07, 20:20:41.220, 1070447525098, vstest.console.dll, InferRunSettingsHelper.IsTestSettingsEnabled: Unable to navigate to RunSettings/MSTest. Current node: RunSettings
TpTrace Verbose: 0 : 17948, 1, 2022/11/07, 20:20:41.228, 1070447600505, vstest.console.dll, TestEngine.GetExecutionManager: Chosen execution manager 'Microsoft.VisualStudio.TestPlatform.CrossPlatEngine.Client.Parallel.ParallelProxyExecutionManager, Microsoft.TestPlatform.CrossPlatEngine, Version=15.0.0.0, Culture=neutral, PublicKeyToken=b03f5f7f11d50a3a' ParallelLevel '1'.
TpTrace Verbose: 0 : 17948, 1, 2022/11/07, 20:20:41.228, 1070447602988, vstest.console.dll, TestRunRequest.ExecuteAsync: Creating test run request.
TpTrace Verbose: 0 : 17948, 1, 2022/11/07, 20:20:41.228, 1070447606218, vstest.console.dll, TestRunRequest.ExecuteAsync: Starting.
TpTrace Information: 0 : 17948, 1, 2022/11/07, 20:20:41.229, 1070447611146, vstest.console.dll, TestRunRequest.ExecuteAsync: Starting run with settings:TestRunCriteria:
   KeepAlive=False,FrequencyOfRunStatsChangeEvent=10,RunStatsChangeEventTimeout=00:00:01.5000000,TestCaseFilter=,TestExecutorLauncher=
   Settingsxml=<RunSettings>
  <RunConfiguration>
    <ResultsDirectory>C:\Users\menor\OneDrive\Documents\Projects\lightning-alert\lightning-alert-tests\bin\Debug\net6.0\fine-code-coverage\coverage-tool-output</ResultsDirectory>
    <TargetPlatform>X64</TargetPlatform>
    <TargetFrameworkVersion>.NETCoreApp,Version=v6.0</TargetFrameworkVersion>
    <DesignMode>False</DesignMode>
    <CollectSourceInformation>False</CollectSourceInformation>
  </RunConfiguration>
  <LoggerRunSettings>
    <Loggers>
      <Logger friendlyName="blame" enabled="True" />
      <Logger friendlyName="Console" uri="logger://microsoft/TestPlatform/ConsoleLogger/v1" assemblyQualifiedName="Microsoft.VisualStudio.TestPlatform.CommandLine.Internal.ConsoleLogger, vstest.console, Version=15.0.0.0, Culture=neutral, PublicKeyToken=b03f5f7f11d50a3a" codeBase="C:\Program Files\dotnet\sdk\6.0.402\vstest.console.dll" enabled="True" />
    </Loggers>
  </LoggerRunSettings>
  <DataCollectionRunSettings>
    <DataCollectors>
      <DataCollector friendlyName="blame" enabled="True">
        <Configuration>
          <ResultsDirectory>C:\Users\menor\OneDrive\Documents\Projects\lightning-alert\lightning-alert-tests\bin\Debug\net6.0\fine-code-coverage\coverage-tool-output</ResultsDirectory>
        </Configuration>
      </DataCollector>
    </DataCollectors>
  </DataCollectionRunSettings>
</RunSettings>

TpTrace Verbose: 0 : 17948, 1, 2022/11/07, 20:20:41.229, 1070447612110, vstest.console.dll, TestRunRequest.ExecuteAsync: Wait for the first run request is over.
TpTrace Verbose: 0 : 17948, 1, 2022/11/07, 20:20:41.230, 1070447618458, vstest.console.dll, MulticastDelegateUtilities.SafeInvoke: TestRun.TestRunStart: Invoking callbacks was skipped because there are no subscribers.
TpTrace Verbose: 0 : 17948, 4, 2022/11/07, 20:20:41.230, 1070447623178, vstest.console.dll, MulticastDelegateUtilities.SafeInvoke: InternalTestLoggerEvents.SendTestRunStart: Invoking callback 1/1 for Microsoft.VisualStudio.TestPlatform.CommandLine.Internal.ConsoleLogger.TestRunStartHandler, took 0 ms.
TpTrace Verbose: 0 : 17948, 1, 2022/11/07, 20:20:41.232, 1070447642567, vstest.console.dll, ParallelProxyExecutionManager: Start execution. Total sources: 1
TpTrace Verbose: 0 : 17948, 1, 2022/11/07, 20:20:41.234, 1070447665856, vstest.console.dll, TestRequestSender is acting as server.
TpTrace Verbose: 0 : 17948, 1, 2022/11/07, 20:20:41.236, 1070447682902, vstest.console.dll, DataCollectionRequestSender.InitializeCommunication : Initialize communication. 
TpTrace Information: 0 : 17948, 1, 2022/11/07, 20:20:41.244, 1070447765154, vstest.console.dll, Listening on Endpoint : 127.0.0.1:60386
TpTrace Verbose: 0 : 17948, 1, 2022/11/07, 20:20:41.256, 1070447877087, vstest.console.dll, DotnetDataCollectionLauncher: Adding  --runtimeconfig "C:\Program Files\dotnet\sdk\6.0.402\datacollector.runtimeconfig.json" in args
TpTrace Verbose: 0 : 17948, 1, 2022/11/07, 20:20:41.256, 1070447878641, vstest.console.dll, DotnetDataCollectionLauncher: Adding  --depsfile "C:\Program Files\dotnet\sdk\6.0.402\datacollector.deps.json" in args
TpTrace Verbose: 0 : 17948, 1, 2022/11/07, 20:20:41.256, 1070447880626, vstest.console.dll, DotnetDataCollectionLauncher: Full path of dotnet.exe is C:\Program Files\dotnet\dotnet.exe
TpTrace Information: 0 : 17948, 1, 2022/11/07, 20:20:41.270, 1070448024047, vstest.console.dll, ProxyDataCollectionManager.Initialize: Launched datacollector processId: 9684 port: 60386
TpTrace Information: 0 : 17948, 1, 2022/11/07, 20:20:41.271, 1070448026537, vstest.console.dll, ProxyDataCollectionManager.Initialize: waiting for connection with timeout: 90 seconds
TpTrace Verbose: 0 : 17948, 1, 2022/11/07, 20:20:41.271, 1070448027600, vstest.console.dll, DataCollectionRequestSender.WaitForRequestHandlerConnection : Waiting for connection with timeout: 90000
TpTrace Information: 0 : 17948, 5, 2022/11/07, 20:20:41.496, 1070450279708, vstest.console.dll, Using the buffer size of 16384 bytes
TpTrace Verbose: 0 : 17948, 1, 2022/11/07, 20:20:41.496, 1070450280088, vstest.console.dll, SocketCommunicationManager.WaitForClientConnection took: 225 ms, with 90000 ms timeout, and finished with True.
TpTrace Information: 0 : 17948, 5, 2022/11/07, 20:20:41.496, 1070450281627, vstest.console.dll, Accepted Client request and set the flag
TpTrace Verbose: 0 : 17948, 1, 2022/11/07, 20:20:41.496, 1070450283289, vstest.console.dll, ProxyDataCollectionManager.InvokeDataCollectionServiceAction: Starting.
TpTrace Information: 0 : 17948, 1, 2022/11/07, 20:20:41.496, 1070450284556, vstest.console.dll, ProxyDataCollectionManager.BeforeTestRunStart: Get environment variable and port for datacollector processId: 9684 port: 60386
TpTrace Verbose: 0 : 17948, 1, 2022/11/07, 20:20:41.496, 1070450286287, vstest.console.dll, DataCollectionRequestSender.SendBeforeTestRunStartAndGetResult: Send BeforeTestRunStart message with settingsXml <RunSettings><RunConfiguration><ResultsDirectory>C:\Users\menor\OneDrive\Documents\Projects\lightning-alert\lightning-alert-tests\bin\Debug\net6.0\fine-code-coverage\coverage-tool-output</ResultsDirectory><TargetPlatform>X64</TargetPlatform><TargetFrameworkVersion>.NETCoreApp,Version=v6.0</TargetFrameworkVersion><DesignMode>False</DesignMode><CollectSourceInformation>False</CollectSourceInformation><TestAdaptersPaths>C:\Program Files\dotnet\sdk\6.0.402\Extensions</TestAdaptersPaths></RunConfiguration><LoggerRunSettings><Loggers><Logger friendlyName="blame" enabled="True" /><Logger friendlyName="Console" uri="logger://microsoft/TestPlatform/ConsoleLogger/v1" assemblyQualifiedName="Microsoft.VisualStudio.TestPlatform.CommandLine.Internal.ConsoleLogger, vstest.console, Version=15.0.0.0, Culture=neutral, PublicKeyToken=b03f5f7f11d50a3a" codeBase="C:\Program Files\dotnet\sdk\6.0.402\vstest.console.dll" enabled="True" /></Loggers></LoggerRunSettings><DataCollectionRunSettings><DataCollectors><DataCollector friendlyName="blame" enabled="True"><Configuration><ResultsDirectory>C:\Users\menor\OneDrive\Documents\Projects\lightning-alert\lightning-alert-tests\bin\Debug\net6.0\fine-code-coverage\coverage-tool-output</ResultsDirectory></Configuration></DataCollector></DataCollectors></DataCollectionRunSettings></RunSettings> and sources System.Collections.Generic.List`1[System.String]: 
TpTrace Verbose: 0 : 17948, 1, 2022/11/07, 20:20:41.621, 1070451528213, vstest.console.dll, DataCollectionRequestSender.SendBeforeTestRunStartAndGetResult: Received message: (DataCollection.SendMessage) -> {"MessageType":"DataCollection.SendMessage","Payload":{"FriendlyName":null,"Uri":null,"TestCaseId":"00000000-0000-0000-0000-000000000000","Message":"Logging DataCollector Diagnostics in file: C:\\Users\\menor\\OneDrive\\Documents\\Projects\\lightning-alert\\lightning-alert-tests\\bin\\Debug\\net6.0\\fine-code-coverage\\coverage-tool-output\\diagnostics.datacollector.22-11-07_20-20-41_25570_1.log","Level":0}}
TpTrace Verbose: 0 : 17948, 1, 2022/11/07, 20:20:41.738, 1070452704649, vstest.console.dll, DataCollectionRequestSender.SendBeforeTestRunStartAndGetResult: Received message: (DataCollection.BeforeTestRunStartResult) -> {"MessageType":"DataCollection.BeforeTestRunStartResult","Payload":{"EnvironmentVariables":{},"DataCollectionEventsPort":60388}}
TpTrace Information: 0 : 17948, 1, 2022/11/07, 20:20:41.747, 1070452796366, vstest.console.dll, ProxyDataCollectionManager.BeforeTestRunStart: SendBeforeTestRunStartAndGetResult successful, env variable from datacollector:   and testhost port: 60388
TpTrace Information: 0 : 17948, 1, 2022/11/07, 20:20:41.748, 1070452798093, vstest.console.dll, ProxyDataCollectionManager.InvokeDataCollectionServiceAction: Completed.
TpTrace Verbose: 0 : 17948, 1, 2022/11/07, 20:20:41.748, 1070452800535, vstest.console.dll, ProxyParallelExecutionManager: No sources available for execution.
TpTrace Verbose: 0 : 17948, 7, 2022/11/07, 20:20:41.748, 1070452800348, vstest.console.dll, ParallelProxyExecutionManager: Execution started. Started clients: 1
TpTrace Information: 0 : 17948, 1, 2022/11/07, 20:20:41.748, 1070452801511, vstest.console.dll, TestRunRequest.ExecuteAsync: Started.
TpTrace Verbose: 0 : 17948, 1, 2022/11/07, 20:20:41.748, 1070452804315, vstest.console.dll, TestRunRequest.WaitForCompletion: Waiting with timeout -1.
TpTrace Verbose: 0 : 17948, 7, 2022/11/07, 20:20:41.749, 1070452806545, vstest.console.dll, TestRunRequest:SendTestRunMessage: Starting.
TpTrace Verbose: 0 : 17948, 7, 2022/11/07, 20:20:41.749, 1070452809230, vstest.console.dll, MulticastDelegateUtilities.SafeInvoke: TestRun.LogMessages: Invoking callback 1/1 for Microsoft.VisualStudio.TestPlatform.CommandLine.TestRunResultAggregator.TestRunMessageHandler, took 0 ms.
TpTrace Verbose: 0 : 17948, 4, 2022/11/07, 20:20:41.749, 1070452809554, vstest.console.dll, MulticastDelegateUtilities.SafeInvoke: InternalTestLoggerEvents.SendTestRunMessage: Invoking callback 1/1 for Microsoft.VisualStudio.TestPlatform.CommandLine.Internal.ConsoleLogger.TestMessageHandler, took 0 ms.
TpTrace Information: 0 : 17948, 7, 2022/11/07, 20:20:41.749, 1070452810035, vstest.console.dll, TestRunRequest:SendTestRunMessage: Completed.
TpTrace Verbose: 0 : 17948, 7, 2022/11/07, 20:20:41.749, 1070452814529, vstest.console.dll, ProxyExecutionManager: Test host is always Lazy initialize.
TpTrace Verbose: 0 : 17948, 7, 2022/11/07, 20:20:41.750, 1070452817546, vstest.console.dll, TestRequestSender.InitializeCommunication: initialize communication. 
TpTrace Information: 0 : 17948, 7, 2022/11/07, 20:20:41.750, 1070452824654, vstest.console.dll, SocketServer.Start: Listening on endpoint : 127.0.0.1:60389
TpTrace Verbose: 0 : 17948, 7, 2022/11/07, 20:20:41.751, 1070452833756, vstest.console.dll, DotnetTestHostmanager.GetTestHostProcessStartInfo: Platform environment 'X64' target architecture 'X64' framework '.NETCoreApp,Version=v6.0' OS 'Windows'
TpTrace Verbose: 0 : 17948, 7, 2022/11/07, 20:20:41.752, 1070452836633, vstest.console.dll, DotnetTestHostmanager: Adding  --runtimeconfig "C:\Users\menor\OneDrive\Documents\Projects\lightning-alert\lightning-alert-tests\bin\Debug\net6.0\fine-code-coverage\build-output\lightning-alert-tests.runtimeconfig.json" in args
TpTrace Verbose: 0 : 17948, 7, 2022/11/07, 20:20:41.752, 1070452837881, vstest.console.dll, DotnetTestHostmanager: Adding  --depsfile "C:\Users\menor\OneDrive\Documents\Projects\lightning-alert\lightning-alert-tests\bin\Debug\net6.0\fine-code-coverage\build-output\lightning-alert-tests.deps.json" in args
TpTrace Verbose: 0 : 17948, 7, 2022/11/07, 20:20:41.752, 1070452842196, vstest.console.dll, DotnetTestHostmanager.IsWinOnArm: Current PROCESSOR_ARCHITECTURE from environment variable 'AMD64'
TpTrace Verbose: 0 : 17948, 7, 2022/11/07, 20:20:41.752, 1070452843176, vstest.console.dll, DotnetTestHostmanager.IsWinOnArm: Is Windows on ARM 'False'
TpTrace Verbose: 0 : 17948, 7, 2022/11/07, 20:20:41.752, 1070452844373, vstest.console.dll, DotnetTestHostManager: testhost.exe found at path: C:\Users\menor\OneDrive\Documents\Projects\lightning-alert\lightning-alert-tests\bin\Debug\net6.0\fine-code-coverage\build-output\testhost.exe
TpTrace Verbose: 0 : 17948, 7, 2022/11/07, 20:20:41.752, 1070452844976, vstest.console.dll, DotnetTestHostmanager: Full path of host exe is C:\Users\menor\OneDrive\Documents\Projects\lightning-alert\lightning-alert-tests\bin\Debug\net6.0\fine-code-coverage\build-output\testhost.exe
TpTrace Verbose: 0 : 17948, 7, 2022/11/07, 20:20:41.753, 1070452846775, vstest.console.dll, DotnetTestHostmanager.LaunchTestHostAsync: Found 'VSTEST_WINAPPHOST_DOTNET_ROOT' in env variables, value 'C:\Program Files\dotnet', forwarding to 'DOTNET_ROOT'
TpTrace Verbose: 0 : 17948, 7, 2022/11/07, 20:20:41.753, 1070452848866, vstest.console.dll, DotnetTestHostManager: Starting process 'C:\Users\menor\OneDrive\Documents\Projects\lightning-alert\lightning-alert-tests\bin\Debug\net6.0\fine-code-coverage\build-output\testhost.exe' with command line ' --runtimeconfig "C:\Users\menor\OneDrive\Documents\Projects\lightning-alert\lightning-alert-tests\bin\Debug\net6.0\fine-code-coverage\build-output\lightning-alert-tests.runtimeconfig.json" --depsfile "C:\Users\menor\OneDrive\Documents\Projects\lightning-alert\lightning-alert-tests\bin\Debug\net6.0\fine-code-coverage\build-output\lightning-alert-tests.deps.json" --port 60389 --endpoint 127.0.0.1:060389 --role client --parentprocessid 17948 --diag "C:\Users\menor\OneDrive\Documents\Projects\lightning-alert\lightning-alert-tests\bin\Debug\net6.0\fine-code-coverage\coverage-tool-output\diagnostics.host.22-11-07_20-20-41_75127_7.log" --tracelevel 4 --datacollectionport 60388 --telemetryoptedin false'
TpTrace Verbose: 0 : 17948, 7, 2022/11/07, 20:20:41.762, 1070452939732, vstest.console.dll, MulticastDelegateUtilities.SafeInvoke: HostProviderEvents.OnHostLaunched: Invoking callback 1/2 for Microsoft.VisualStudio.TestPlatform.CrossPlatEngine.Client.ProxyExecutionManagerWithDataCollection.TestHostLaunchedHandler, took 1 ms.
TpTrace Verbose: 0 : 17948, 7, 2022/11/07, 20:20:41.762, 1070452941739, vstest.console.dll, Test Runtime launched
TpTrace Verbose: 0 : 17948, 7, 2022/11/07, 20:20:41.762, 1070452942545, vstest.console.dll, MulticastDelegateUtilities.SafeInvoke: HostProviderEvents.OnHostLaunched: Invoking callback 2/2 for Microsoft.VisualStudio.TestPlatform.CrossPlatEngine.Client.ProxyOperationManager.TestHostManagerHostLaunched, took 0 ms.
TpTrace Verbose: 0 : 17948, 7, 2022/11/07, 20:20:41.762, 1070452944715, vstest.console.dll, TestRequestSender.WaitForRequestHandlerConnection: waiting for connection with timeout: 90000.
TpTrace Verbose: 0 : 17948, 7, 2022/11/07, 20:20:41.991, 1070455234606, vstest.console.dll, TestRequestSender.WaitForRequestHandlerConnection: waiting took 228 ms, with timeout 90000 ms, and result 0, which is success.
TpTrace Verbose: 0 : 17948, 13, 2022/11/07, 20:20:41.991, 1070455234633, vstest.console.dll, MulticastDelegateUtilities.SafeInvoke: SocketServer: ClientConnected: Invoking callback 1/1 for Microsoft.VisualStudio.TestPlatform.CommunicationUtilities.TestRequestSender.<InitializeCommunication>b__24_0, took 0 ms.
TpTrace Verbose: 0 : 17948, 13, 2022/11/07, 20:20:41.992, 1070455237620, vstest.console.dll, SocketServer.OnClientConnected: Client connected for endPoint: 127.0.0.1:60389, starting MessageLoopAsync:
TpTrace Verbose: 0 : 17948, 13, 2022/11/07, 20:20:41.993, 1070455249053, vstest.console.dll, TcpClientExtensions.MessageLoopAsync: Polling on remoteEndPoint: 127.0.0.1:60390 localEndPoint: 127.0.0.1:60389
TpTrace Verbose: 0 : 17948, 7, 2022/11/07, 20:20:41.993, 1070455255211, vstest.console.dll, TestRequestSender.CheckVersionWithTestHost: Sending check version message: {"MessageType":"ProtocolVersion","Payload":7}
TpTrace Verbose: 0 : 17948, 13, 2022/11/07, 20:20:42.223, 1070457554800, vstest.console.dll, TcpClientExtensions.MessageLoopAsync: NotifyDataAvailable remoteEndPoint: 127.0.0.1:60390 localEndPoint: 127.0.0.1:60389
TpTrace Verbose: 0 : 17948, 13, 2022/11/07, 20:20:42.224, 1070457558410, vstest.console.dll, TestRequestSender.CheckVersionWithTestHost: onMessageReceived received message: (ProtocolVersion) -> {"MessageType":"ProtocolVersion","Payload":5}
TpTrace Verbose: 0 : 17948, 13, 2022/11/07, 20:20:42.225, 1070457568682, vstest.console.dll, MulticastDelegateUtilities.SafeInvoke: LengthPrefixCommunicationChannel: MessageReceived: Invoking callback 1/1 for Microsoft.VisualStudio.TestPlatform.CommunicationUtilities.TestRequestSender+<>c__DisplayClass26_0.<CheckVersionWithTestHost>b__0, took 1 ms.
TpTrace Verbose: 0 : 17948, 13, 2022/11/07, 20:20:42.225, 1070457570422, vstest.console.dll, TcpClientExtensions.MessageLoopAsync: Polling on remoteEndPoint: 127.0.0.1:60390 localEndPoint: 127.0.0.1:60389
TpTrace Verbose: 0 : 17948, 7, 2022/11/07, 20:20:42.225, 1070457572162, vstest.console.dll, TestPluginCache.GetExtensionPaths: Filtered extension paths: 
TpTrace Verbose: 0 : 17948, 7, 2022/11/07, 20:20:42.225, 1070457573301, vstest.console.dll, TestPluginCache.GetExtensionPaths: Added default extension paths: C:\Program Files\dotnet\sdk\6.0.402\Extensions\Microsoft.Diagnostics.NETCore.Client.dll
C:\Program Files\dotnet\sdk\6.0.402\Extensions\Microsoft.TestPlatform.Extensions.BlameDataCollector.dll
C:\Program Files\dotnet\sdk\6.0.402\Extensions\Microsoft.TestPlatform.Extensions.EventLogCollector.dll
C:\Program Files\dotnet\sdk\6.0.402\Extensions\Microsoft.TestPlatform.TestHostRuntimeProvider.dll
C:\Program Files\dotnet\sdk\6.0.402\Extensions\Microsoft.VisualStudio.TestPlatform.Extensions.Html.TestLogger.dll
C:\Program Files\dotnet\sdk\6.0.402\Extensions\Microsoft.VisualStudio.TestPlatform.Extensions.Trx.TestLogger.dll
TpTrace Verbose: 0 : 17948, 7, 2022/11/07, 20:20:42.225, 1070457574106, vstest.console.dll, TestPluginCache.GetExtensionPaths: Added unfilterableExtensionPaths: 
TpTrace Verbose: 0 : 17948, 7, 2022/11/07, 20:20:42.230, 1070457625273, vstest.console.dll, TestRequestSender.InitializeExecution: Sending initialize execution with message: {"Version":5,"MessageType":"TestExecution.Initialize","Payload":["C:\\Users\\menor\\OneDrive\\Documents\\Projects\\lightning-alert\\lightning-alert-tests\\bin\\Debug\\net6.0\\fine-code-coverage\\build-output\\xunit.runner.visualstudio.dotnetcore.testadapter.dll"]}
TpTrace Warning: 0 : 17948, 7, 2022/11/07, 20:20:42.231, 1070457633684, vstest.console.dll, InferRunSettingsHelper.MakeRunsettingsCompatible: Removing the following settings: TargetPlatform from RunSettings file. To use those settings please move to latest version of Microsoft.NET.Test.Sdk
TpTrace Verbose: 0 : 17948, 13, 2022/11/07, 20:20:42.240, 1070457722800, vstest.console.dll, TcpClientExtensions.MessageLoopAsync: NotifyDataAvailable remoteEndPoint: 127.0.0.1:60390 localEndPoint: 127.0.0.1:60389
TpTrace Verbose: 0 : 17948, 13, 2022/11/07, 20:20:42.240, 1070457725349, vstest.console.dll, TestRequestSender.OnExecutionMessageReceived: Received message: {"Version":5,"MessageType":"TestSession.Message","Payload":{"MessageLevel":0,"Message":"Logging TestHost Diagnostics in file: C:\\Users\\menor\\OneDrive\\Documents\\Projects\\lightning-alert\\lightning-alert-tests\\bin\\Debug\\net6.0\\fine-code-coverage\\coverage-tool-output\\diagnostics.host.22-11-07_20-20-41_75127_7.log"}}
TpTrace Verbose: 0 : 17948, 13, 2022/11/07, 20:20:42.245, 1070457769096, vstest.console.dll, TestRunRequest:SendTestRunMessage: Starting.
TpTrace Verbose: 0 : 17948, 13, 2022/11/07, 20:20:42.245, 1070457771058, vstest.console.dll, MulticastDelegateUtilities.SafeInvoke: TestRun.LogMessages: Invoking callback 1/1 for Microsoft.VisualStudio.TestPlatform.CommandLine.TestRunResultAggregator.TestRunMessageHandler, took 0 ms.
TpTrace Information: 0 : 17948, 13, 2022/11/07, 20:20:42.245, 1070457771567, vstest.console.dll, TestRunRequest:SendTestRunMessage: Completed.
TpTrace Verbose: 0 : 17948, 4, 2022/11/07, 20:20:42.245, 1070457771554, vstest.console.dll, MulticastDelegateUtilities.SafeInvoke: InternalTestLoggerEvents.SendTestRunMessage: Invoking callback 1/1 for Microsoft.VisualStudio.TestPlatform.CommandLine.Internal.ConsoleLogger.TestMessageHandler, took 0 ms.
TpTrace Verbose: 0 : 17948, 13, 2022/11/07, 20:20:42.245, 1070457772153, vstest.console.dll, MulticastDelegateUtilities.SafeInvoke: LengthPrefixCommunicationChannel: MessageReceived: Invoking callback 1/1 for Microsoft.VisualStudio.TestPlatform.CommunicationUtilities.TestRequestSender+<>c__DisplayClass31_0.<StartTestRun>b__1, took 4 ms.
TpTrace Verbose: 0 : 17948, 13, 2022/11/07, 20:20:42.245, 1070457773865, vstest.console.dll, TcpClientExtensions.MessageLoopAsync: Polling on remoteEndPoint: 127.0.0.1:60390 localEndPoint: 127.0.0.1:60389
TpTrace Verbose: 0 : 17948, 7, 2022/11/07, 20:20:42.248, 1070457798348, vstest.console.dll, TestRequestSender.StartTestRun: Sending test run with message: {"Version":5,"MessageType":"TestExecution.StartWithSources","Payload":{"AdapterSourceMap":{"_none_":["C:\\Users\\menor\\OneDrive\\Documents\\Projects\\lightning-alert\\lightning-alert-tests\\bin\\Debug\\net6.0\\fine-code-coverage\\build-output\\lightning-alert-tests.dll"]},"RunSettings":"<RunSettings>\r\n  <RunConfiguration>\r\n    <ResultsDirectory>C:\\Users\\menor\\OneDrive\\Documents\\Projects\\lightning-alert\\lightning-alert-tests\\bin\\Debug\\net6.0\\fine-code-coverage\\coverage-tool-output</ResultsDirectory>\r\n    <TargetFrameworkVersion>.NETCoreApp,Version=v6.0</TargetFrameworkVersion>\r\n    <DesignMode>False</DesignMode>\r\n    <CollectSourceInformation>False</CollectSourceInformation>\r\n  </RunConfiguration>\r\n  <LoggerRunSettings>\r\n    <Loggers>\r\n      <Logger friendlyName=\"blame\" enabled=\"True\" />\r\n      <Logger friendlyName=\"Console\" uri=\"logger://microsoft/TestPlatform/ConsoleLogger/v1\" assemblyQualifiedName=\"Microsoft.VisualStudio.TestPlatform.CommandLine.Internal.ConsoleLogger, vstest.console, Version=15.0.0.0, Culture=neutral, PublicKeyToken=b03f5f7f11d50a3a\" codeBase=\"C:\\Program Files\\dotnet\\sdk\\6.0.402\\vstest.console.dll\" enabled=\"True\" />\r\n    </Loggers>\r\n  </LoggerRunSettings>\r\n  <DataCollectionRunSettings>\r\n    <DataCollectors>\r\n      <DataCollector friendlyName=\"blame\" enabled=\"True\">\r\n        <Configuration>\r\n          <ResultsDirectory>C:\\Users\\menor\\OneDrive\\Documents\\Projects\\lightning-alert\\lightning-alert-tests\\bin\\Debug\\net6.0\\fine-code-coverage\\coverage-tool-output</ResultsDirectory>\r\n        </Configuration>\r\n      </DataCollector>\r\n    </DataCollectors>\r\n  </DataCollectionRunSettings>\r\n</RunSettings>","TestExecutionContext":{"FrequencyOfRunStatsChangeEvent":10,"RunStatsChangeEventTimeout":"00:00:01.5000000","InIsolation":false,"KeepAlive":false,"AreTestCaseLevelEventsRequired":false,"IsDebug":false,"TestCaseFilter":null,"FilterOptions":null},"Package":null}}
TpTrace Verbose: 0 : 17948, 13, 2022/11/07, 20:20:42.522, 1070460537544, vstest.console.dll, TcpClientExtensions.MessageLoopAsync: NotifyDataAvailable remoteEndPoint: 127.0.0.1:60390 localEndPoint: 127.0.0.1:60389
TpTrace Verbose: 0 : 17948, 13, 2022/11/07, 20:20:42.522, 1070460540119, vstest.console.dll, TestRequestSender.OnExecutionMessageReceived: Received message: {"Version":5,"MessageType":"TestSession.Message","Payload":{"MessageLevel":0,"Message":"[xUnit.net 00:00:00.00] xUnit.net VSTest Adapter v2.4.3+1b45f5407b (64-bit .NET 6.0.10)"}}
TpTrace Verbose: 0 : 17948, 13, 2022/11/07, 20:20:42.522, 1070460543182, vstest.console.dll, TestRunRequest:SendTestRunMessage: Starting.
TpTrace Verbose: 0 : 17948, 13, 2022/11/07, 20:20:42.522, 1070460544412, vstest.console.dll, MulticastDelegateUtilities.SafeInvoke: TestRun.LogMessages: Invoking callback 1/1 for Microsoft.VisualStudio.TestPlatform.CommandLine.TestRunResultAggregator.TestRunMessageHandler, took 0 ms.
TpTrace Verbose: 0 : 17948, 4, 2022/11/07, 20:20:42.522, 1070460544771, vstest.console.dll, MulticastDelegateUtilities.SafeInvoke: InternalTestLoggerEvents.SendTestRunMessage: Invoking callback 1/1 for Microsoft.VisualStudio.TestPlatform.CommandLine.Internal.ConsoleLogger.TestMessageHandler, took 0 ms.
TpTrace Information: 0 : 17948, 13, 2022/11/07, 20:20:42.522, 1070460544952, vstest.console.dll, TestRunRequest:SendTestRunMessage: Completed.
TpTrace Verbose: 0 : 17948, 13, 2022/11/07, 20:20:42.523, 1070460546895, vstest.console.dll, MulticastDelegateUtilities.SafeInvoke: LengthPrefixCommunicationChannel: MessageReceived: Invoking callback 1/1 for Microsoft.VisualStudio.TestPlatform.CommunicationUtilities.TestRequestSender+<>c__DisplayClass31_0.<StartTestRun>b__1, took 0 ms.
TpTrace Verbose: 0 : 17948, 13, 2022/11/07, 20:20:42.523, 1070460547498, vstest.console.dll, TcpClientExtensions.MessageLoopAsync: Polling on remoteEndPoint: 127.0.0.1:60390 localEndPoint: 127.0.0.1:60389
TpTrace Verbose: 0 : 17948, 13, 2022/11/07, 20:20:43.232, 1070467645470, vstest.console.dll, TcpClientExtensions.MessageLoopAsync: NotifyDataAvailable remoteEndPoint: 127.0.0.1:60390 localEndPoint: 127.0.0.1:60389
TpTrace Verbose: 0 : 17948, 13, 2022/11/07, 20:20:43.233, 1070467647602, vstest.console.dll, TestRequestSender.OnExecutionMessageReceived: Received message: {"Version":5,"MessageType":"TestSession.Message","Payload":{"MessageLevel":0,"Message":"[xUnit.net 00:00:00.72]   Discovering: lightning-alert-tests"}}
TpTrace Verbose: 0 : 17948, 13, 2022/11/07, 20:20:43.233, 1070467649334, vstest.console.dll, TestRunRequest:SendTestRunMessage: Starting.
TpTrace Verbose: 0 : 17948, 13, 2022/11/07, 20:20:43.233, 1070467650235, vstest.console.dll, MulticastDelegateUtilities.SafeInvoke: TestRun.LogMessages: Invoking callback 1/1 for Microsoft.VisualStudio.TestPlatform.CommandLine.TestRunResultAggregator.TestRunMessageHandler, took 0 ms.
TpTrace Information: 0 : 17948, 13, 2022/11/07, 20:20:43.233, 1070467650696, vstest.console.dll, TestRunRequest:SendTestRunMessage: Completed.
TpTrace Verbose: 0 : 17948, 13, 2022/11/07, 20:20:43.233, 1070467651169, vstest.console.dll, MulticastDelegateUtilities.SafeInvoke: LengthPrefixCommunicationChannel: MessageReceived: Invoking callback 1/1 for Microsoft.VisualStudio.TestPlatform.CommunicationUtilities.TestRequestSender+<>c__DisplayClass31_0.<StartTestRun>b__1, took 0 ms.
TpTrace Verbose: 0 : 17948, 4, 2022/11/07, 20:20:43.233, 1070467650778, vstest.console.dll, MulticastDelegateUtilities.SafeInvoke: InternalTestLoggerEvents.SendTestRunMessage: Invoking callback 1/1 for Microsoft.VisualStudio.TestPlatform.CommandLine.Internal.ConsoleLogger.TestMessageHandler, took 0 ms.
TpTrace Verbose: 0 : 17948, 13, 2022/11/07, 20:20:43.233, 1070467651813, vstest.console.dll, TcpClientExtensions.MessageLoopAsync: Polling on remoteEndPoint: 127.0.0.1:60390 localEndPoint: 127.0.0.1:60389
TpTrace Verbose: 0 : 17948, 13, 2022/11/07, 20:20:43.316, 1070468480187, vstest.console.dll, TcpClientExtensions.MessageLoopAsync: NotifyDataAvailable remoteEndPoint: 127.0.0.1:60390 localEndPoint: 127.0.0.1:60389
TpTrace Verbose: 0 : 17948, 13, 2022/11/07, 20:20:43.316, 1070468482122, vstest.console.dll, TestRequestSender.OnExecutionMessageReceived: Received message: {"Version":5,"MessageType":"TestSession.Message","Payload":{"MessageLevel":0,"Message":"[xUnit.net 00:00:00.81]   Discovered:  lightning-alert-tests"}}
TpTrace Verbose: 0 : 17948, 13, 2022/11/07, 20:20:43.316, 1070468483637, vstest.console.dll, TestRunRequest:SendTestRunMessage: Starting.
TpTrace Verbose: 0 : 17948, 13, 2022/11/07, 20:20:43.316, 1070468484545, vstest.console.dll, MulticastDelegateUtilities.SafeInvoke: TestRun.LogMessages: Invoking callback 1/1 for Microsoft.VisualStudio.TestPlatform.CommandLine.TestRunResultAggregator.TestRunMessageHandler, took 0 ms.
TpTrace Verbose: 0 : 17948, 4, 2022/11/07, 20:20:43.316, 1070468484909, vstest.console.dll, MulticastDelegateUtilities.SafeInvoke: InternalTestLoggerEvents.SendTestRunMessage: Invoking callback 1/1 for Microsoft.VisualStudio.TestPlatform.CommandLine.Internal.ConsoleLogger.TestMessageHandler, took 0 ms.
TpTrace Information: 0 : 17948, 13, 2022/11/07, 20:20:43.316, 1070468486229, vstest.console.dll, TestRunRequest:SendTestRunMessage: Completed.
TpTrace Verbose: 0 : 17948, 13, 2022/11/07, 20:20:43.317, 1070468487295, vstest.console.dll, MulticastDelegateUtilities.SafeInvoke: LengthPrefixCommunicationChannel: MessageReceived: Invoking callback 1/1 for Microsoft.VisualStudio.TestPlatform.CommunicationUtilities.TestRequestSender+<>c__DisplayClass31_0.<StartTestRun>b__1, took 0 ms.
TpTrace Verbose: 0 : 17948, 13, 2022/11/07, 20:20:43.317, 1070468487881, vstest.console.dll, TcpClientExtensions.MessageLoopAsync: Polling on remoteEndPoint: 127.0.0.1:60390 localEndPoint: 127.0.0.1:60389
TpTrace Verbose: 0 : 17948, 13, 2022/11/07, 20:20:43.319, 1070468514336, vstest.console.dll, TcpClientExtensions.MessageLoopAsync: NotifyDataAvailable remoteEndPoint: 127.0.0.1:60390 localEndPoint: 127.0.0.1:60389
TpTrace Verbose: 0 : 17948, 13, 2022/11/07, 20:20:43.319, 1070468516081, vstest.console.dll, TestRequestSender.OnExecutionMessageReceived: Received message: {"Version":5,"MessageType":"TestSession.Message","Payload":{"MessageLevel":0,"Message":"[xUnit.net 00:00:00.81]   Starting:    lightning-alert-tests"}}
TpTrace Verbose: 0 : 17948, 13, 2022/11/07, 20:20:43.320, 1070468517560, vstest.console.dll, TestRunRequest:SendTestRunMessage: Starting.
TpTrace Verbose: 0 : 17948, 13, 2022/11/07, 20:20:43.320, 1070468518427, vstest.console.dll, MulticastDelegateUtilities.SafeInvoke: TestRun.LogMessages: Invoking callback 1/1 for Microsoft.VisualStudio.TestPlatform.CommandLine.TestRunResultAggregator.TestRunMessageHandler, took 0 ms.
TpTrace Verbose: 0 : 17948, 4, 2022/11/07, 20:20:43.320, 1070468518818, vstest.console.dll, MulticastDelegateUtilities.SafeInvoke: InternalTestLoggerEvents.SendTestRunMessage: Invoking callback 1/1 for Microsoft.VisualStudio.TestPlatform.CommandLine.Internal.ConsoleLogger.TestMessageHandler, took 0 ms.
TpTrace Information: 0 : 17948, 13, 2022/11/07, 20:20:43.320, 1070468519086, vstest.console.dll, TestRunRequest:SendTestRunMessage: Completed.
TpTrace Verbose: 0 : 17948, 13, 2022/11/07, 20:20:43.320, 1070468521163, vstest.console.dll, MulticastDelegateUtilities.SafeInvoke: LengthPrefixCommunicationChannel: MessageReceived: Invoking callback 1/1 for Microsoft.VisualStudio.TestPlatform.CommunicationUtilities.TestRequestSender+<>c__DisplayClass31_0.<StartTestRun>b__1, took 0 ms.
TpTrace Verbose: 0 : 17948, 13, 2022/11/07, 20:20:43.320, 1070468521795, vstest.console.dll, TcpClientExtensions.MessageLoopAsync: Polling on remoteEndPoint: 127.0.0.1:60390 localEndPoint: 127.0.0.1:60389
TpTrace Verbose: 0 : 17948, 13, 2022/11/07, 20:20:43.490, 1070470219413, vstest.console.dll, TcpClientExtensions.MessageLoopAsync: NotifyDataAvailable remoteEndPoint: 127.0.0.1:60390 localEndPoint: 127.0.0.1:60389
TpTrace Verbose: 0 : 17948, 13, 2022/11/07, 20:20:43.490, 1070470221558, vstest.console.dll, TestRequestSender.OnExecutionMessageReceived: Received message: {"Version":5,"MessageType":"TestSession.Message","Payload":{"MessageLevel":2,"Message":"[xUnit.net 00:00:00.98]     lightning_alert_tests.ProcessLightningAlertDataTests.Test_ReadLightningAlertData_FlashTypeHeartbeat [FAIL]"}}
TpTrace Verbose: 0 : 17948, 13, 2022/11/07, 20:20:43.490, 1070470223671, vstest.console.dll, TestRunRequest:SendTestRunMessage: Starting.
TpTrace Verbose: 0 : 17948, 13, 2022/11/07, 20:20:43.490, 1070470224975, vstest.console.dll, MulticastDelegateUtilities.SafeInvoke: TestRun.LogMessages: Invoking callback 1/1 for Microsoft.VisualStudio.TestPlatform.CommandLine.TestRunResultAggregator.TestRunMessageHandler, took 0 ms.
TpTrace Information: 0 : 17948, 13, 2022/11/07, 20:20:43.490, 1070470225683, vstest.console.dll, TestRunRequest:SendTestRunMessage: Completed.
TpTrace Verbose: 0 : 17948, 13, 2022/11/07, 20:20:43.490, 1070470226308, vstest.console.dll, MulticastDelegateUtilities.SafeInvoke: LengthPrefixCommunicationChannel: MessageReceived: Invoking callback 1/1 for Microsoft.VisualStudio.TestPlatform.CommunicationUtilities.TestRequestSender+<>c__DisplayClass31_0.<StartTestRun>b__1, took 0 ms.
TpTrace Verbose: 0 : 17948, 4, 2022/11/07, 20:20:43.491, 1070470227113, vstest.console.dll, MulticastDelegateUtilities.SafeInvoke: InternalTestLoggerEvents.SendTestRunMessage: Invoking callback 1/1 for Microsoft.VisualStudio.TestPlatform.CommandLine.Internal.ConsoleLogger.TestMessageHandler, took 0 ms.
TpTrace Verbose: 0 : 17948, 13, 2022/11/07, 20:20:43.491, 1070470227145, vstest.console.dll, TcpClientExtensions.MessageLoopAsync: Polling on remoteEndPoint: 127.0.0.1:60390 localEndPoint: 127.0.0.1:60389
TpTrace Verbose: 0 : 17948, 13, 2022/11/07, 20:20:43.492, 1070470237494, vstest.console.dll, TcpClientExtensions.MessageLoopAsync: NotifyDataAvailable remoteEndPoint: 127.0.0.1:60390 localEndPoint: 127.0.0.1:60389
TpTrace Verbose: 0 : 17948, 13, 2022/11/07, 20:20:43.492, 1070470239129, vstest.console.dll, TestRequestSender.OnExecutionMessageReceived: Received message: {"Version":5,"MessageType":"TestSession.Message","Payload":{"MessageLevel":0,"Message":"[xUnit.net 00:00:00.98]       System.IO.FileNotFoundException : The configuration file 'fine-code-coverage\\build-output\\appsettings.test.json' was not found and is not optional. The expected physical path was 'C:\\Users\\menor\\OneDrive\\Documents\\Projects\\lightning-alert\\lightning-alert-tests\\fine-code-coverage\\build-output\\appsettings.test.json'."}}
TpTrace Verbose: 0 : 17948, 13, 2022/11/07, 20:20:43.492, 1070470240567, vstest.console.dll, TestRunRequest:SendTestRunMessage: Starting.
TpTrace Verbose: 0 : 17948, 13, 2022/11/07, 20:20:43.492, 1070470241232, vstest.console.dll, MulticastDelegateUtilities.SafeInvoke: TestRun.LogMessages: Invoking callback 1/1 for Microsoft.VisualStudio.TestPlatform.CommandLine.TestRunResultAggregator.TestRunMessageHandler, took 0 ms.
TpTrace Information: 0 : 17948, 13, 2022/11/07, 20:20:43.492, 1070470241573, vstest.console.dll, TestRunRequest:SendTestRunMessage: Completed.
TpTrace Verbose: 0 : 17948, 4, 2022/11/07, 20:20:43.492, 1070470241588, vstest.console.dll, MulticastDelegateUtilities.SafeInvoke: InternalTestLoggerEvents.SendTestRunMessage: Invoking callback 1/1 for Microsoft.VisualStudio.TestPlatform.CommandLine.Internal.ConsoleLogger.TestMessageHandler, took 0 ms.
TpTrace Verbose: 0 : 17948, 13, 2022/11/07, 20:20:43.492, 1070470241966, vstest.console.dll, MulticastDelegateUtilities.SafeInvoke: LengthPrefixCommunicationChannel: MessageReceived: Invoking callback 1/1 for Microsoft.VisualStudio.TestPlatform.CommunicationUtilities.TestRequestSender+<>c__DisplayClass31_0.<StartTestRun>b__1, took 0 ms.
TpTrace Verbose: 0 : 17948, 13, 2022/11/07, 20:20:43.492, 1070470243629, vstest.console.dll, TcpClientExtensions.MessageLoopAsync: Polling on remoteEndPoint: 127.0.0.1:60390 localEndPoint: 127.0.0.1:60389
TpTrace Verbose: 0 : 17948, 13, 2022/11/07, 20:20:43.493, 1070470249583, vstest.console.dll, TcpClientExtensions.MessageLoopAsync: NotifyDataAvailable remoteEndPoint: 127.0.0.1:60390 localEndPoint: 127.0.0.1:60389
TpTrace Verbose: 0 : 17948, 13, 2022/11/07, 20:20:43.493, 1070470250722, vstest.console.dll, TestRequestSender.OnExecutionMessageReceived: Received message: {"Version":5,"MessageType":"TestSession.Message","Payload":{"MessageLevel":0,"Message":"[xUnit.net 00:00:00.98]       Stack Trace:"}}
TpTrace Verbose: 0 : 17948, 13, 2022/11/07, 20:20:43.493, 1070470251760, vstest.console.dll, TestRunRequest:SendTestRunMessage: Starting.
TpTrace Verbose: 0 : 17948, 13, 2022/11/07, 20:20:43.493, 1070470252400, vstest.console.dll, MulticastDelegateUtilities.SafeInvoke: TestRun.LogMessages: Invoking callback 1/1 for Microsoft.VisualStudio.TestPlatform.CommandLine.TestRunResultAggregator.TestRunMessageHandler, took 0 ms.
TpTrace Verbose: 0 : 17948, 4, 2022/11/07, 20:20:43.493, 1070470252693, vstest.console.dll, MulticastDelegateUtilities.SafeInvoke: InternalTestLoggerEvents.SendTestRunMessage: Invoking callback 1/1 for Microsoft.VisualStudio.TestPlatform.CommandLine.Internal.ConsoleLogger.TestMessageHandler, took 0 ms.
TpTrace Information: 0 : 17948, 13, 2022/11/07, 20:20:43.493, 1070470253096, vstest.console.dll, TestRunRequest:SendTestRunMessage: Completed.
TpTrace Verbose: 0 : 17948, 13, 2022/11/07, 20:20:43.493, 1070470254749, vstest.console.dll, MulticastDelegateUtilities.SafeInvoke: LengthPrefixCommunicationChannel: MessageReceived: Invoking callback 1/1 for Microsoft.VisualStudio.TestPlatform.CommunicationUtilities.TestRequestSender+<>c__DisplayClass31_0.<StartTestRun>b__1, took 0 ms.
TpTrace Verbose: 0 : 17948, 13, 2022/11/07, 20:20:43.493, 1070470255156, vstest.console.dll, TcpClientExtensions.MessageLoopAsync: Polling on remoteEndPoint: 127.0.0.1:60390 localEndPoint: 127.0.0.1:60389
TpTrace Verbose: 0 : 17948, 13, 2022/11/07, 20:20:43.496, 1070470283257, vstest.console.dll, TcpClientExtensions.MessageLoopAsync: NotifyDataAvailable remoteEndPoint: 127.0.0.1:60390 localEndPoint: 127.0.0.1:60389
TpTrace Verbose: 0 : 17948, 13, 2022/11/07, 20:20:43.496, 1070470284956, vstest.console.dll, TestRequestSender.OnExecutionMessageReceived: Received message: {"Version":5,"MessageType":"TestSession.Message","Payload":{"MessageLevel":0,"Message":"[xUnit.net 00:00:00.99]            at Microsoft.Extensions.Configuration.FileConfigurationProvider.HandleException(ExceptionDispatchInfo info)"}}
TpTrace Verbose: 0 : 17948, 13, 2022/11/07, 20:20:43.496, 1070470286265, vstest.console.dll, TestRunRequest:SendTestRunMessage: Starting.
TpTrace Verbose: 0 : 17948, 13, 2022/11/07, 20:20:43.497, 1070470286984, vstest.console.dll, MulticastDelegateUtilities.SafeInvoke: TestRun.LogMessages: Invoking callback 1/1 for Microsoft.VisualStudio.TestPlatform.CommandLine.TestRunResultAggregator.TestRunMessageHandler, took 0 ms.
TpTrace Information: 0 : 17948, 13, 2022/11/07, 20:20:43.497, 1070470287381, vstest.console.dll, TestRunRequest:SendTestRunMessage: Completed.
TpTrace Verbose: 0 : 17948, 13, 2022/11/07, 20:20:43.497, 1070470287858, vstest.console.dll, MulticastDelegateUtilities.SafeInvoke: LengthPrefixCommunicationChannel: MessageReceived: Invoking callback 1/1 for Microsoft.VisualStudio.TestPlatform.CommunicationUtilities.TestRequestSender+<>c__DisplayClass31_0.<StartTestRun>b__1, took 0 ms.
TpTrace Verbose: 0 : 17948, 13, 2022/11/07, 20:20:43.497, 1070470288472, vstest.console.dll, TcpClientExtensions.MessageLoopAsync: Polling on remoteEndPoint: 127.0.0.1:60390 localEndPoint: 127.0.0.1:60389
TpTrace Verbose: 0 : 17948, 4, 2022/11/07, 20:20:43.497, 1070470287399, vstest.console.dll, MulticastDelegateUtilities.SafeInvoke: InternalTestLoggerEvents.SendTestRunMessage: Invoking callback 1/1 for Microsoft.VisualStudio.TestPlatform.CommandLine.Internal.ConsoleLogger.TestMessageHandler, took 0 ms.
TpTrace Verbose: 0 : 17948, 13, 2022/11/07, 20:20:43.497, 1070470289583, vstest.console.dll, TcpClientExtensions.MessageLoopAsync: NotifyDataAvailable remoteEndPoint: 127.0.0.1:60390 localEndPoint: 127.0.0.1:60389
TpTrace Verbose: 0 : 17948, 13, 2022/11/07, 20:20:43.497, 1070470291553, vstest.console.dll, TestRequestSender.OnExecutionMessageReceived: Received message: {"Version":5,"MessageType":"TestSession.Message","Payload":{"MessageLevel":0,"Message":"[xUnit.net 00:00:00.99]            at Microsoft.Extensions.Configuration.FileConfigurationProvider.Load(Boolean reload)"}}
TpTrace Verbose: 0 : 17948, 13, 2022/11/07, 20:20:43.497, 1070470292884, vstest.console.dll, TestRunRequest:SendTestRunMessage: Starting.
TpTrace Verbose: 0 : 17948, 13, 2022/11/07, 20:20:43.497, 1070470293615, vstest.console.dll, MulticastDelegateUtilities.SafeInvoke: TestRun.LogMessages: Invoking callback 1/1 for Microsoft.VisualStudio.TestPlatform.CommandLine.TestRunResultAggregator.TestRunMessageHandler, took 0 ms.
TpTrace Verbose: 0 : 17948, 4, 2022/11/07, 20:20:43.497, 1070470293910, vstest.console.dll, MulticastDelegateUtilities.SafeInvoke: InternalTestLoggerEvents.SendTestRunMessage: Invoking callback 1/1 for Microsoft.VisualStudio.TestPlatform.CommandLine.Internal.ConsoleLogger.TestMessageHandler, took 0 ms.
TpTrace Information: 0 : 17948, 13, 2022/11/07, 20:20:43.497, 1070470294062, vstest.console.dll, TestRunRequest:SendTestRunMessage: Completed.
TpTrace Verbose: 0 : 17948, 13, 2022/11/07, 20:20:43.497, 1070470295814, vstest.console.dll, MulticastDelegateUtilities.SafeInvoke: LengthPrefixCommunicationChannel: MessageReceived: Invoking callback 1/1 for Microsoft.VisualStudio.TestPlatform.CommunicationUtilities.TestRequestSender+<>c__DisplayClass31_0.<StartTestRun>b__1, took 0 ms.
TpTrace Verbose: 0 : 17948, 13, 2022/11/07, 20:20:43.498, 1070470297499, vstest.console.dll, TcpClientExtensions.MessageLoopAsync: Polling on remoteEndPoint: 127.0.0.1:60390 localEndPoint: 127.0.0.1:60389
TpTrace Verbose: 0 : 17948, 13, 2022/11/07, 20:20:43.498, 1070470298323, vstest.console.dll, TcpClientExtensions.MessageLoopAsync: NotifyDataAvailable remoteEndPoint: 127.0.0.1:60390 localEndPoint: 127.0.0.1:60389
TpTrace Verbose: 0 : 17948, 13, 2022/11/07, 20:20:43.498, 1070470299500, vstest.console.dll, TestRequestSender.OnExecutionMessageReceived: Received message: {"Version":5,"MessageType":"TestSession.Message","Payload":{"MessageLevel":0,"Message":"[xUnit.net 00:00:00.99]            at Microsoft.Extensions.Configuration.FileConfigurationProvider.Load()"}}
TpTrace Verbose: 0 : 17948, 13, 2022/11/07, 20:20:43.498, 1070470300942, vstest.console.dll, TestRunRequest:SendTestRunMessage: Starting.
TpTrace Verbose: 0 : 17948, 13, 2022/11/07, 20:20:43.498, 1070470301760, vstest.console.dll, MulticastDelegateUtilities.SafeInvoke: TestRun.LogMessages: Invoking callback 1/1 for Microsoft.VisualStudio.TestPlatform.CommandLine.TestRunResultAggregator.TestRunMessageHandler, took 0 ms.
TpTrace Information: 0 : 17948, 13, 2022/11/07, 20:20:43.498, 1070470302460, vstest.console.dll, TestRunRequest:SendTestRunMessage: Completed.
TpTrace Verbose: 0 : 17948, 13, 2022/11/07, 20:20:43.498, 1070470302955, vstest.console.dll, MulticastDelegateUtilities.SafeInvoke: LengthPrefixCommunicationChannel: MessageReceived: Invoking callback 1/1 for Microsoft.VisualStudio.TestPlatform.CommunicationUtilities.TestRequestSender+<>c__DisplayClass31_0.<StartTestRun>b__1, took 0 ms.
TpTrace Verbose: 0 : 17948, 4, 2022/11/07, 20:20:43.498, 1070470303084, vstest.console.dll, MulticastDelegateUtilities.SafeInvoke: InternalTestLoggerEvents.SendTestRunMessage: Invoking callback 1/1 for Microsoft.VisualStudio.TestPlatform.CommandLine.Internal.ConsoleLogger.TestMessageHandler, took 0 ms.
TpTrace Verbose: 0 : 17948, 13, 2022/11/07, 20:20:43.498, 1070470303652, vstest.console.dll, TcpClientExtensions.MessageLoopAsync: Polling on remoteEndPoint: 127.0.0.1:60390 localEndPoint: 127.0.0.1:60389
TpTrace Verbose: 0 : 17948, 13, 2022/11/07, 20:20:43.498, 1070470305437, vstest.console.dll, TcpClientExtensions.MessageLoopAsync: NotifyDataAvailable remoteEndPoint: 127.0.0.1:60390 localEndPoint: 127.0.0.1:60389
TpTrace Verbose: 0 : 17948, 13, 2022/11/07, 20:20:43.498, 1070470306281, vstest.console.dll, TestRequestSender.OnExecutionMessageReceived: Received message: {"Version":5,"MessageType":"TestSession.Message","Payload":{"MessageLevel":0,"Message":"[xUnit.net 00:00:00.99]            at Microsoft.Extensions.Configuration.ConfigurationRoot..ctor(IList`1 providers)"}}
TpTrace Verbose: 0 : 17948, 13, 2022/11/07, 20:20:43.499, 1070470307145, vstest.console.dll, TestRunRequest:SendTestRunMessage: Starting.
TpTrace Verbose: 0 : 17948, 13, 2022/11/07, 20:20:43.499, 1070470307693, vstest.console.dll, MulticastDelegateUtilities.SafeInvoke: TestRun.LogMessages: Invoking callback 1/1 for Microsoft.VisualStudio.TestPlatform.CommandLine.TestRunResultAggregator.TestRunMessageHandler, took 0 ms.
TpTrace Information: 0 : 17948, 13, 2022/11/07, 20:20:43.499, 1070470308021, vstest.console.dll, TestRunRequest:SendTestRunMessage: Completed.
TpTrace Verbose: 0 : 17948, 4, 2022/11/07, 20:20:43.499, 1070470308018, vstest.console.dll, MulticastDelegateUtilities.SafeInvoke: InternalTestLoggerEvents.SendTestRunMessage: Invoking callback 1/1 for Microsoft.VisualStudio.TestPlatform.CommandLine.Internal.ConsoleLogger.TestMessageHandler, took 0 ms.
TpTrace Verbose: 0 : 17948, 13, 2022/11/07, 20:20:43.499, 1070470308360, vstest.console.dll, MulticastDelegateUtilities.SafeInvoke: LengthPrefixCommunicationChannel: MessageReceived: Invoking callback 1/1 for Microsoft.VisualStudio.TestPlatform.CommunicationUtilities.TestRequestSender+<>c__DisplayClass31_0.<StartTestRun>b__1, took 0 ms.
TpTrace Verbose: 0 : 17948, 13, 2022/11/07, 20:20:43.499, 1070470309942, vstest.console.dll, TcpClientExtensions.MessageLoopAsync: Polling on remoteEndPoint: 127.0.0.1:60390 localEndPoint: 127.0.0.1:60389
TpTrace Verbose: 0 : 17948, 13, 2022/11/07, 20:20:43.499, 1070470310451, vstest.console.dll, TcpClientExtensions.MessageLoopAsync: NotifyDataAvailable remoteEndPoint: 127.0.0.1:60390 localEndPoint: 127.0.0.1:60389
TpTrace Verbose: 0 : 17948, 13, 2022/11/07, 20:20:43.499, 1070470311071, vstest.console.dll, TestRequestSender.OnExecutionMessageReceived: Received message: {"Version":5,"MessageType":"TestSession.Message","Payload":{"MessageLevel":0,"Message":"[xUnit.net 00:00:00.99]            at Microsoft.Extensions.Configuration.ConfigurationBuilder.Build()"}}
TpTrace Verbose: 0 : 17948, 13, 2022/11/07, 20:20:43.499, 1070470311864, vstest.console.dll, TestRunRequest:SendTestRunMessage: Starting.
TpTrace Verbose: 0 : 17948, 13, 2022/11/07, 20:20:43.499, 1070470312388, vstest.console.dll, MulticastDelegateUtilities.SafeInvoke: TestRun.LogMessages: Invoking callback 1/1 for Microsoft.VisualStudio.TestPlatform.CommandLine.TestRunResultAggregator.TestRunMessageHandler, took 0 ms.
TpTrace Information: 0 : 17948, 13, 2022/11/07, 20:20:43.499, 1070470312711, vstest.console.dll, TestRunRequest:SendTestRunMessage: Completed.
TpTrace Verbose: 0 : 17948, 13, 2022/11/07, 20:20:43.499, 1070470313044, vstest.console.dll, MulticastDelegateUtilities.SafeInvoke: LengthPrefixCommunicationChannel: MessageReceived: Invoking callback 1/1 for Microsoft.VisualStudio.TestPlatform.CommunicationUtilities.TestRequestSender+<>c__DisplayClass31_0.<StartTestRun>b__1, took 0 ms.
TpTrace Verbose: 0 : 17948, 4, 2022/11/07, 20:20:43.499, 1070470312708, vstest.console.dll, MulticastDelegateUtilities.SafeInvoke: InternalTestLoggerEvents.SendTestRunMessage: Invoking callback 1/1 for Microsoft.VisualStudio.TestPlatform.CommandLine.Internal.ConsoleLogger.TestMessageHandler, took 0 ms.
TpTrace Verbose: 0 : 17948, 13, 2022/11/07, 20:20:43.499, 1070470313384, vstest.console.dll, TcpClientExtensions.MessageLoopAsync: Polling on remoteEndPoint: 127.0.0.1:60390 localEndPoint: 127.0.0.1:60389
TpTrace Verbose: 0 : 17948, 13, 2022/11/07, 20:20:43.499, 1070470315166, vstest.console.dll, TcpClientExtensions.MessageLoopAsync: NotifyDataAvailable remoteEndPoint: 127.0.0.1:60390 localEndPoint: 127.0.0.1:60389
TpTrace Verbose: 0 : 17948, 13, 2022/11/07, 20:20:43.499, 1070470315857, vstest.console.dll, TestRequestSender.OnExecutionMessageReceived: Received message: {"Version":5,"MessageType":"TestSession.Message","Payload":{"MessageLevel":0,"Message":"[xUnit.net 00:00:00.99]         C:\\Users\\menor\\OneDrive\\Documents\\Projects\\lightning-alert\\lightning-alert-tests\\ProcessLightningAlertDataTests.cs(16,0): at lightning_alert_tests.ProcessLightningAlertDataTests.InitConfiguration()"}}
TpTrace Verbose: 0 : 17948, 13, 2022/11/07, 20:20:43.500, 1070470316684, vstest.console.dll, TestRunRequest:SendTestRunMessage: Starting.
TpTrace Verbose: 0 : 17948, 13, 2022/11/07, 20:20:43.500, 1070470317768, vstest.console.dll, MulticastDelegateUtilities.SafeInvoke: TestRun.LogMessages: Invoking callback 1/1 for Microsoft.VisualStudio.TestPlatform.CommandLine.TestRunResultAggregator.TestRunMessageHandler, took 0 ms.
TpTrace Verbose: 0 : 17948, 4, 2022/11/07, 20:20:43.500, 1070470318062, vstest.console.dll, MulticastDelegateUtilities.SafeInvoke: InternalTestLoggerEvents.SendTestRunMessage: Invoking callback 1/1 for Microsoft.VisualStudio.TestPlatform.CommandLine.Internal.ConsoleLogger.TestMessageHandler, took 0 ms.
TpTrace Information: 0 : 17948, 13, 2022/11/07, 20:20:43.500, 1070470318473, vstest.console.dll, TestRunRequest:SendTestRunMessage: Completed.
TpTrace Verbose: 0 : 17948, 13, 2022/11/07, 20:20:43.500, 1070470320018, vstest.console.dll, MulticastDelegateUtilities.SafeInvoke: LengthPrefixCommunicationChannel: MessageReceived: Invoking callback 1/1 for Microsoft.VisualStudio.TestPlatform.CommunicationUtilities.TestRequestSender+<>c__DisplayClass31_0.<StartTestRun>b__1, took 0 ms.
TpTrace Verbose: 0 : 17948, 13, 2022/11/07, 20:20:43.500, 1070470320632, vstest.console.dll, TcpClientExtensions.MessageLoopAsync: Polling on remoteEndPoint: 127.0.0.1:60390 localEndPoint: 127.0.0.1:60389
TpTrace Verbose: 0 : 17948, 13, 2022/11/07, 20:20:43.500, 1070470321318, vstest.console.dll, TcpClientExtensions.MessageLoopAsync: NotifyDataAvailable remoteEndPoint: 127.0.0.1:60390 localEndPoint: 127.0.0.1:60389
TpTrace Verbose: 0 : 17948, 13, 2022/11/07, 20:20:43.500, 1070470322279, vstest.console.dll, TestRequestSender.OnExecutionMessageReceived: Received message: {"Version":5,"MessageType":"TestSession.Message","Payload":{"MessageLevel":0,"Message":"[xUnit.net 00:00:00.99]         C:\\Users\\menor\\OneDrive\\Documents\\Projects\\lightning-alert\\lightning-alert-tests\\ProcessLightningAlertDataTests.cs(77,0): at lightning_alert_tests.ProcessLightningAlertDataTests.Test_ReadLightningAlertData_FlashTypeHeartbeat()"}}
TpTrace Verbose: 0 : 17948, 13, 2022/11/07, 20:20:43.500, 1070470323637, vstest.console.dll, TestRunRequest:SendTestRunMessage: Starting.
TpTrace Verbose: 0 : 17948, 13, 2022/11/07, 20:20:43.500, 1070470324492, vstest.console.dll, MulticastDelegateUtilities.SafeInvoke: TestRun.LogMessages: Invoking callback 1/1 for Microsoft.VisualStudio.TestPlatform.CommandLine.TestRunResultAggregator.TestRunMessageHandler, took 0 ms.
TpTrace Information: 0 : 17948, 13, 2022/11/07, 20:20:43.500, 1070470325032, vstest.console.dll, TestRunRequest:SendTestRunMessage: Completed.
TpTrace Verbose: 0 : 17948, 4, 2022/11/07, 20:20:43.500, 1070470324780, vstest.console.dll, MulticastDelegateUtilities.SafeInvoke: InternalTestLoggerEvents.SendTestRunMessage: Invoking callback 1/1 for Microsoft.VisualStudio.TestPlatform.CommandLine.Internal.ConsoleLogger.TestMessageHandler, took 0 ms.
TpTrace Verbose: 0 : 17948, 13, 2022/11/07, 20:20:43.500, 1070470325784, vstest.console.dll, MulticastDelegateUtilities.SafeInvoke: LengthPrefixCommunicationChannel: MessageReceived: Invoking callback 1/1 for Microsoft.VisualStudio.TestPlatform.CommunicationUtilities.TestRequestSender+<>c__DisplayClass31_0.<StartTestRun>b__1, took 0 ms.
TpTrace Verbose: 0 : 17948, 13, 2022/11/07, 20:20:43.501, 1070470327550, vstest.console.dll, TcpClientExtensions.MessageLoopAsync: Polling on remoteEndPoint: 127.0.0.1:60390 localEndPoint: 127.0.0.1:60389
TpTrace Verbose: 0 : 17948, 13, 2022/11/07, 20:20:43.504, 1070470359793, vstest.console.dll, TcpClientExtensions.MessageLoopAsync: NotifyDataAvailable remoteEndPoint: 127.0.0.1:60390 localEndPoint: 127.0.0.1:60389
TpTrace Verbose: 0 : 17948, 13, 2022/11/07, 20:20:43.504, 1070470361566, vstest.console.dll, TestRequestSender.OnExecutionMessageReceived: Received message: {"Version":5,"MessageType":"TestSession.Message","Payload":{"MessageLevel":2,"Message":"[xUnit.net 00:00:00.99]     lightning_alert_tests.ProcessLightningAlertDataTests.Test_ReadLightningAlertData_AllDataValid [FAIL]"}}
TpTrace Verbose: 0 : 17948, 13, 2022/11/07, 20:20:43.504, 1070470362860, vstest.console.dll, TestRunRequest:SendTestRunMessage: Starting.
TpTrace Verbose: 0 : 17948, 13, 2022/11/07, 20:20:43.504, 1070470363590, vstest.console.dll, MulticastDelegateUtilities.SafeInvoke: TestRun.LogMessages: Invoking callback 1/1 for Microsoft.VisualStudio.TestPlatform.CommandLine.TestRunResultAggregator.TestRunMessageHandler, took 0 ms.
TpTrace Information: 0 : 17948, 13, 2022/11/07, 20:20:43.504, 1070470363984, vstest.console.dll, TestRunRequest:SendTestRunMessage: Completed.
TpTrace Verbose: 0 : 17948, 13, 2022/11/07, 20:20:43.504, 1070470364384, vstest.console.dll, MulticastDelegateUtilities.SafeInvoke: LengthPrefixCommunicationChannel: MessageReceived: Invoking callback 1/1 for Microsoft.VisualStudio.TestPlatform.CommunicationUtilities.TestRequestSender+<>c__DisplayClass31_0.<StartTestRun>b__1, took 0 ms.
TpTrace Verbose: 0 : 17948, 13, 2022/11/07, 20:20:43.504, 1070470364837, vstest.console.dll, TcpClientExtensions.MessageLoopAsync: Polling on remoteEndPoint: 127.0.0.1:60390 localEndPoint: 127.0.0.1:60389
TpTrace Verbose: 0 : 17948, 4, 2022/11/07, 20:20:43.504, 1070470364820, vstest.console.dll, MulticastDelegateUtilities.SafeInvoke: InternalTestLoggerEvents.SendTestRunMessage: Invoking callback 1/1 for Microsoft.VisualStudio.TestPlatform.CommandLine.Internal.ConsoleLogger.TestMessageHandler, took 0 ms.
TpTrace Verbose: 0 : 17948, 13, 2022/11/07, 20:20:43.504, 1070470365531, vstest.console.dll, TcpClientExtensions.MessageLoopAsync: NotifyDataAvailable remoteEndPoint: 127.0.0.1:60390 localEndPoint: 127.0.0.1:60389
TpTrace Verbose: 0 : 17948, 13, 2022/11/07, 20:20:43.505, 1070470367359, vstest.console.dll, TestRequestSender.OnExecutionMessageReceived: Received message: {"Version":5,"MessageType":"TestSession.Message","Payload":{"MessageLevel":0,"Message":"[xUnit.net 00:00:00.99]       System.IO.FileNotFoundException : The configuration file 'fine-code-coverage\\build-output\\appsettings.test.json' was not found and is not optional. The expected physical path was 'C:\\Users\\menor\\OneDrive\\Documents\\Projects\\lightning-alert\\lightning-alert-tests\\fine-code-coverage\\build-output\\appsettings.test.json'."}}
TpTrace Verbose: 0 : 17948, 13, 2022/11/07, 20:20:43.505, 1070470369086, vstest.console.dll, TestRunRequest:SendTestRunMessage: Starting.
TpTrace Verbose: 0 : 17948, 13, 2022/11/07, 20:20:43.505, 1070470369908, vstest.console.dll, MulticastDelegateUtilities.SafeInvoke: TestRun.LogMessages: Invoking callback 1/1 for Microsoft.VisualStudio.TestPlatform.CommandLine.TestRunResultAggregator.TestRunMessageHandler, took 0 ms.
TpTrace Information: 0 : 17948, 13, 2022/11/07, 20:20:43.505, 1070470370253, vstest.console.dll, TestRunRequest:SendTestRunMessage: Completed.
TpTrace Verbose: 0 : 17948, 4, 2022/11/07, 20:20:43.505, 1070470370190, vstest.console.dll, MulticastDelegateUtilities.SafeInvoke: InternalTestLoggerEvents.SendTestRunMessage: Invoking callback 1/1 for Microsoft.VisualStudio.TestPlatform.CommandLine.Internal.ConsoleLogger.TestMessageHandler, took 0 ms.
TpTrace Verbose: 0 : 17948, 13, 2022/11/07, 20:20:43.505, 1070470370598, vstest.console.dll, MulticastDelegateUtilities.SafeInvoke: LengthPrefixCommunicationChannel: MessageReceived: Invoking callback 1/1 for Microsoft.VisualStudio.TestPlatform.CommunicationUtilities.TestRequestSender+<>c__DisplayClass31_0.<StartTestRun>b__1, took 0 ms.
TpTrace Verbose: 0 : 17948, 13, 2022/11/07, 20:20:43.505, 1070470372278, vstest.console.dll, TcpClientExtensions.MessageLoopAsync: Polling on remoteEndPoint: 127.0.0.1:60390 localEndPoint: 127.0.0.1:60389
TpTrace Verbose: 0 : 17948, 13, 2022/11/07, 20:20:43.505, 1070470373078, vstest.console.dll, TcpClientExtensions.MessageLoopAsync: NotifyDataAvailable remoteEndPoint: 127.0.0.1:60390 localEndPoint: 127.0.0.1:60389
TpTrace Verbose: 0 : 17948, 13, 2022/11/07, 20:20:43.505, 1070470373950, vstest.console.dll, TestRequestSender.OnExecutionMessageReceived: Received message: {"Version":5,"MessageType":"TestSession.Message","Payload":{"MessageLevel":0,"Message":"[xUnit.net 00:00:00.99]       Stack Trace:"}}
TpTrace Verbose: 0 : 17948, 13, 2022/11/07, 20:20:43.505, 1070470374834, vstest.console.dll, TestRunRequest:SendTestRunMessage: Starting.
TpTrace Verbose: 0 : 17948, 13, 2022/11/07, 20:20:43.505, 1070470375380, vstest.console.dll, MulticastDelegateUtilities.SafeInvoke: TestRun.LogMessages: Invoking callback 1/1 for Microsoft.VisualStudio.TestPlatform.CommandLine.TestRunResultAggregator.TestRunMessageHandler, took 0 ms.
TpTrace Information: 0 : 17948, 13, 2022/11/07, 20:20:43.505, 1070470375702, vstest.console.dll, TestRunRequest:SendTestRunMessage: Completed.
TpTrace Verbose: 0 : 17948, 4, 2022/11/07, 20:20:43.505, 1070470375748, vstest.console.dll, MulticastDelegateUtilities.SafeInvoke: InternalTestLoggerEvents.SendTestRunMessage: Invoking callback 1/1 for Microsoft.VisualStudio.TestPlatform.CommandLine.Internal.ConsoleLogger.TestMessageHandler, took 0 ms.
TpTrace Verbose: 0 : 17948, 13, 2022/11/07, 20:20:43.505, 1070470376092, vstest.console.dll, MulticastDelegateUtilities.SafeInvoke: LengthPrefixCommunicationChannel: MessageReceived: Invoking callback 1/1 for Microsoft.VisualStudio.TestPlatform.CommunicationUtilities.TestRequestSender+<>c__DisplayClass31_0.<StartTestRun>b__1, took 0 ms.
TpTrace Verbose: 0 : 17948, 13, 2022/11/07, 20:20:43.506, 1070470377541, vstest.console.dll, TcpClientExtensions.MessageLoopAsync: Polling on remoteEndPoint: 127.0.0.1:60390 localEndPoint: 127.0.0.1:60389
TpTrace Verbose: 0 : 17948, 13, 2022/11/07, 20:20:43.506, 1070470378042, vstest.console.dll, TcpClientExtensions.MessageLoopAsync: NotifyDataAvailable remoteEndPoint: 127.0.0.1:60390 localEndPoint: 127.0.0.1:60389
TpTrace Verbose: 0 : 17948, 13, 2022/11/07, 20:20:43.506, 1070470378621, vstest.console.dll, TestRequestSender.OnExecutionMessageReceived: Received message: {"Version":5,"MessageType":"TestSession.Message","Payload":{"MessageLevel":0,"Message":"[xUnit.net 00:00:00.99]            at Microsoft.Extensions.Configuration.FileConfigurationProvider.HandleException(ExceptionDispatchInfo info)"}}
TpTrace Verbose: 0 : 17948, 13, 2022/11/07, 20:20:43.506, 1070470379428, vstest.console.dll, TestRunRequest:SendTestRunMessage: Starting.
TpTrace Verbose: 0 : 17948, 13, 2022/11/07, 20:20:43.506, 1070470379957, vstest.console.dll, MulticastDelegateUtilities.SafeInvoke: TestRun.LogMessages: Invoking callback 1/1 for Microsoft.VisualStudio.TestPlatform.CommandLine.TestRunResultAggregator.TestRunMessageHandler, took 0 ms.
TpTrace Verbose: 0 : 17948, 4, 2022/11/07, 20:20:43.506, 1070470380278, vstest.console.dll, MulticastDelegateUtilities.SafeInvoke: InternalTestLoggerEvents.SendTestRunMessage: Invoking callback 1/1 for Microsoft.VisualStudio.TestPlatform.CommandLine.Internal.ConsoleLogger.TestMessageHandler, took 0 ms.
TpTrace Information: 0 : 17948, 13, 2022/11/07, 20:20:43.506, 1070470381397, vstest.console.dll, TestRunRequest:SendTestRunMessage: Completed.
TpTrace Verbose: 0 : 17948, 13, 2022/11/07, 20:20:43.506, 1070470382099, vstest.console.dll, MulticastDelegateUtilities.SafeInvoke: LengthPrefixCommunicationChannel: MessageReceived: Invoking callback 1/1 for Microsoft.VisualStudio.TestPlatform.CommunicationUtilities.TestRequestSender+<>c__DisplayClass31_0.<StartTestRun>b__1, took 0 ms.
TpTrace Verbose: 0 : 17948, 13, 2022/11/07, 20:20:43.506, 1070470382507, vstest.console.dll, TcpClientExtensions.MessageLoopAsync: Polling on remoteEndPoint: 127.0.0.1:60390 localEndPoint: 127.0.0.1:60389
TpTrace Verbose: 0 : 17948, 13, 2022/11/07, 20:20:43.506, 1070470382934, vstest.console.dll, TcpClientExtensions.MessageLoopAsync: NotifyDataAvailable remoteEndPoint: 127.0.0.1:60390 localEndPoint: 127.0.0.1:60389
TpTrace Verbose: 0 : 17948, 13, 2022/11/07, 20:20:43.506, 1070470383523, vstest.console.dll, TestRequestSender.OnExecutionMessageReceived: Received message: {"Version":5,"MessageType":"TestSession.Message","Payload":{"MessageLevel":0,"Message":"[xUnit.net 00:00:00.99]            at Microsoft.Extensions.Configuration.FileConfigurationProvider.Load(Boolean reload)"}}
TpTrace Verbose: 0 : 17948, 13, 2022/11/07, 20:20:43.506, 1070470384318, vstest.console.dll, TestRunRequest:SendTestRunMessage: Starting.
TpTrace Verbose: 0 : 17948, 13, 2022/11/07, 20:20:43.506, 1070470384823, vstest.console.dll, MulticastDelegateUtilities.SafeInvoke: TestRun.LogMessages: Invoking callback 1/1 for Microsoft.VisualStudio.TestPlatform.CommandLine.TestRunResultAggregator.TestRunMessageHandler, took 0 ms.
TpTrace Information: 0 : 17948, 13, 2022/11/07, 20:20:43.506, 1070470385200, vstest.console.dll, TestRunRequest:SendTestRunMessage: Completed.
TpTrace Verbose: 0 : 17948, 4, 2022/11/07, 20:20:43.506, 1070470385166, vstest.console.dll, MulticastDelegateUtilities.SafeInvoke: InternalTestLoggerEvents.SendTestRunMessage: Invoking callback 1/1 for Microsoft.VisualStudio.TestPlatform.CommandLine.Internal.ConsoleLogger.TestMessageHandler, took 0 ms.
TpTrace Verbose: 0 : 17948, 13, 2022/11/07, 20:20:43.506, 1070470385910, vstest.console.dll, MulticastDelegateUtilities.SafeInvoke: LengthPrefixCommunicationChannel: MessageReceived: Invoking callback 1/1 for Microsoft.VisualStudio.TestPlatform.CommunicationUtilities.TestRequestSender+<>c__DisplayClass31_0.<StartTestRun>b__1, took 0 ms.
TpTrace Verbose: 0 : 17948, 13, 2022/11/07, 20:20:43.507, 1070470387450, vstest.console.dll, TcpClientExtensions.MessageLoopAsync: Polling on remoteEndPoint: 127.0.0.1:60390 localEndPoint: 127.0.0.1:60389
TpTrace Verbose: 0 : 17948, 13, 2022/11/07, 20:20:43.507, 1070470387943, vstest.console.dll, TcpClientExtensions.MessageLoopAsync: NotifyDataAvailable remoteEndPoint: 127.0.0.1:60390 localEndPoint: 127.0.0.1:60389
TpTrace Verbose: 0 : 17948, 13, 2022/11/07, 20:20:43.507, 1070470388538, vstest.console.dll, TestRequestSender.OnExecutionMessageReceived: Received message: {"Version":5,"MessageType":"TestSession.Message","Payload":{"MessageLevel":0,"Message":"[xUnit.net 00:00:00.99]            at Microsoft.Extensions.Configuration.FileConfigurationProvider.Load()"}}
TpTrace Verbose: 0 : 17948, 13, 2022/11/07, 20:20:43.507, 1070470389325, vstest.console.dll, TestRunRequest:SendTestRunMessage: Starting.
TpTrace Verbose: 0 : 17948, 13, 2022/11/07, 20:20:43.507, 1070470389987, vstest.console.dll, MulticastDelegateUtilities.SafeInvoke: TestRun.LogMessages: Invoking callback 1/1 for Microsoft.VisualStudio.TestPlatform.CommandLine.TestRunResultAggregator.TestRunMessageHandler, took 0 ms.
TpTrace Information: 0 : 17948, 13, 2022/11/07, 20:20:43.507, 1070470390492, vstest.console.dll, TestRunRequest:SendTestRunMessage: Completed.
TpTrace Verbose: 0 : 17948, 4, 2022/11/07, 20:20:43.507, 1070470390235, vstest.console.dll, MulticastDelegateUtilities.SafeInvoke: InternalTestLoggerEvents.SendTestRunMessage: Invoking callback 1/1 for Microsoft.VisualStudio.TestPlatform.CommandLine.Internal.ConsoleLogger.TestMessageHandler, took 0 ms.
TpTrace Verbose: 0 : 17948, 13, 2022/11/07, 20:20:43.507, 1070470390995, vstest.console.dll, MulticastDelegateUtilities.SafeInvoke: LengthPrefixCommunicationChannel: MessageReceived: Invoking callback 1/1 for Microsoft.VisualStudio.TestPlatform.CommunicationUtilities.TestRequestSender+<>c__DisplayClass31_0.<StartTestRun>b__1, took 0 ms.
TpTrace Verbose: 0 : 17948, 13, 2022/11/07, 20:20:43.507, 1070470392406, vstest.console.dll, TcpClientExtensions.MessageLoopAsync: Polling on remoteEndPoint: 127.0.0.1:60390 localEndPoint: 127.0.0.1:60389
TpTrace Verbose: 0 : 17948, 13, 2022/11/07, 20:20:43.507, 1070470393131, vstest.console.dll, TcpClientExtensions.MessageLoopAsync: NotifyDataAvailable remoteEndPoint: 127.0.0.1:60390 localEndPoint: 127.0.0.1:60389
TpTrace Verbose: 0 : 17948, 13, 2022/11/07, 20:20:43.507, 1070470393974, vstest.console.dll, TestRequestSender.OnExecutionMessageReceived: Received message: {"Version":5,"MessageType":"TestSession.Message","Payload":{"MessageLevel":0,"Message":"[xUnit.net 00:00:01.00]            at Microsoft.Extensions.Configuration.ConfigurationRoot..ctor(IList`1 providers)"}}
TpTrace Verbose: 0 : 17948, 13, 2022/11/07, 20:20:43.507, 1070470395074, vstest.console.dll, TestRunRequest:SendTestRunMessage: Starting.
TpTrace Verbose: 0 : 17948, 13, 2022/11/07, 20:20:43.507, 1070470395868, vstest.console.dll, MulticastDelegateUtilities.SafeInvoke: TestRun.LogMessages: Invoking callback 1/1 for Microsoft.VisualStudio.TestPlatform.CommandLine.TestRunResultAggregator.TestRunMessageHandler, took 0 ms.
TpTrace Information: 0 : 17948, 13, 2022/11/07, 20:20:43.508, 1070470396560, vstest.console.dll, TestRunRequest:SendTestRunMessage: Completed.
TpTrace Verbose: 0 : 17948, 4, 2022/11/07, 20:20:43.507, 1070470396209, vstest.console.dll, MulticastDelegateUtilities.SafeInvoke: InternalTestLoggerEvents.SendTestRunMessage: Invoking callback 1/1 for Microsoft.VisualStudio.TestPlatform.CommandLine.Internal.ConsoleLogger.TestMessageHandler, took 0 ms.
TpTrace Verbose: 0 : 17948, 13, 2022/11/07, 20:20:43.508, 1070470397135, vstest.console.dll, MulticastDelegateUtilities.SafeInvoke: LengthPrefixCommunicationChannel: MessageReceived: Invoking callback 1/1 for Microsoft.VisualStudio.TestPlatform.CommunicationUtilities.TestRequestSender+<>c__DisplayClass31_0.<StartTestRun>b__1, took 0 ms.
TpTrace Verbose: 0 : 17948, 13, 2022/11/07, 20:20:43.508, 1070470398498, vstest.console.dll, TcpClientExtensions.MessageLoopAsync: Polling on remoteEndPoint: 127.0.0.1:60390 localEndPoint: 127.0.0.1:60389
TpTrace Verbose: 0 : 17948, 13, 2022/11/07, 20:20:43.508, 1070470399159, vstest.console.dll, TcpClientExtensions.MessageLoopAsync: NotifyDataAvailable remoteEndPoint: 127.0.0.1:60390 localEndPoint: 127.0.0.1:60389
TpTrace Verbose: 0 : 17948, 13, 2022/11/07, 20:20:43.508, 1070470399996, vstest.console.dll, TestRequestSender.OnExecutionMessageReceived: Received message: {"Version":5,"MessageType":"TestSession.Message","Payload":{"MessageLevel":0,"Message":"[xUnit.net 00:00:01.00]            at Microsoft.Extensions.Configuration.ConfigurationBuilder.Build()"}}
TpTrace Verbose: 0 : 17948, 13, 2022/11/07, 20:20:43.508, 1070470401042, vstest.console.dll, TestRunRequest:SendTestRunMessage: Starting.
TpTrace Verbose: 0 : 17948, 13, 2022/11/07, 20:20:43.508, 1070470401887, vstest.console.dll, MulticastDelegateUtilities.SafeInvoke: TestRun.LogMessages: Invoking callback 1/1 for Microsoft.VisualStudio.TestPlatform.CommandLine.TestRunResultAggregator.TestRunMessageHandler, took 0 ms.
TpTrace Information: 0 : 17948, 13, 2022/11/07, 20:20:43.508, 1070470402470, vstest.console.dll, TestRunRequest:SendTestRunMessage: Completed.
TpTrace Verbose: 0 : 17948, 4, 2022/11/07, 20:20:43.508, 1070470402219, vstest.console.dll, MulticastDelegateUtilities.SafeInvoke: InternalTestLoggerEvents.SendTestRunMessage: Invoking callback 1/1 for Microsoft.VisualStudio.TestPlatform.CommandLine.Internal.ConsoleLogger.TestMessageHandler, took 0 ms.
TpTrace Verbose: 0 : 17948, 13, 2022/11/07, 20:20:43.508, 1070470403013, vstest.console.dll, MulticastDelegateUtilities.SafeInvoke: LengthPrefixCommunicationChannel: MessageReceived: Invoking callback 1/1 for Microsoft.VisualStudio.TestPlatform.CommunicationUtilities.TestRequestSender+<>c__DisplayClass31_0.<StartTestRun>b__1, took 0 ms.
TpTrace Verbose: 0 : 17948, 13, 2022/11/07, 20:20:43.508, 1070470404669, vstest.console.dll, TcpClientExtensions.MessageLoopAsync: Polling on remoteEndPoint: 127.0.0.1:60390 localEndPoint: 127.0.0.1:60389
TpTrace Verbose: 0 : 17948, 13, 2022/11/07, 20:20:43.508, 1070470405455, vstest.console.dll, TcpClientExtensions.MessageLoopAsync: NotifyDataAvailable remoteEndPoint: 127.0.0.1:60390 localEndPoint: 127.0.0.1:60389
TpTrace Verbose: 0 : 17948, 13, 2022/11/07, 20:20:43.508, 1070470406107, vstest.console.dll, TestRequestSender.OnExecutionMessageReceived: Received message: {"Version":5,"MessageType":"TestSession.Message","Payload":{"MessageLevel":0,"Message":"[xUnit.net 00:00:01.00]         C:\\Users\\menor\\OneDrive\\Documents\\Projects\\lightning-alert\\lightning-alert-tests\\ProcessLightningAlertDataTests.cs(16,0): at lightning_alert_tests.ProcessLightningAlertDataTests.InitConfiguration()"}}
TpTrace Verbose: 0 : 17948, 13, 2022/11/07, 20:20:43.509, 1070470407060, vstest.console.dll, TestRunRequest:SendTestRunMessage: Starting.
TpTrace Verbose: 0 : 17948, 13, 2022/11/07, 20:20:43.509, 1070470407653, vstest.console.dll, MulticastDelegateUtilities.SafeInvoke: TestRun.LogMessages: Invoking callback 1/1 for Microsoft.VisualStudio.TestPlatform.CommandLine.TestRunResultAggregator.TestRunMessageHandler, took 0 ms.
TpTrace Information: 0 : 17948, 13, 2022/11/07, 20:20:43.509, 1070470407982, vstest.console.dll, TestRunRequest:SendTestRunMessage: Completed.
TpTrace Verbose: 0 : 17948, 4, 2022/11/07, 20:20:43.509, 1070470407985, vstest.console.dll, MulticastDelegateUtilities.SafeInvoke: InternalTestLoggerEvents.SendTestRunMessage: Invoking callback 1/1 for Microsoft.VisualStudio.TestPlatform.CommandLine.Internal.ConsoleLogger.TestMessageHandler, took 0 ms.
TpTrace Verbose: 0 : 17948, 13, 2022/11/07, 20:20:43.509, 1070470408361, vstest.console.dll, MulticastDelegateUtilities.SafeInvoke: LengthPrefixCommunicationChannel: MessageReceived: Invoking callback 1/1 for Microsoft.VisualStudio.TestPlatform.CommunicationUtilities.TestRequestSender+<>c__DisplayClass31_0.<StartTestRun>b__1, took 0 ms.
TpTrace Verbose: 0 : 17948, 13, 2022/11/07, 20:20:43.509, 1070470409775, vstest.console.dll, TcpClientExtensions.MessageLoopAsync: Polling on remoteEndPoint: 127.0.0.1:60390 localEndPoint: 127.0.0.1:60389
TpTrace Verbose: 0 : 17948, 13, 2022/11/07, 20:20:43.509, 1070470410266, vstest.console.dll, TcpClientExtensions.MessageLoopAsync: NotifyDataAvailable remoteEndPoint: 127.0.0.1:60390 localEndPoint: 127.0.0.1:60389
TpTrace Verbose: 0 : 17948, 13, 2022/11/07, 20:20:43.509, 1070470410874, vstest.console.dll, TestRequestSender.OnExecutionMessageReceived: Received message: {"Version":5,"MessageType":"TestSession.Message","Payload":{"MessageLevel":0,"Message":"[xUnit.net 00:00:01.00]         C:\\Users\\menor\\OneDrive\\Documents\\Projects\\lightning-alert\\lightning-alert-tests\\ProcessLightningAlertDataTests.cs(27,0): at lightning_alert_tests.ProcessLightningAlertDataTests.Test_ReadLightningAlertData_AllDataValid()"}}
TpTrace Verbose: 0 : 17948, 13, 2022/11/07, 20:20:43.509, 1070470411756, vstest.console.dll, TestRunRequest:SendTestRunMessage: Starting.
TpTrace Verbose: 0 : 17948, 13, 2022/11/07, 20:20:43.509, 1070470412520, vstest.console.dll, MulticastDelegateUtilities.SafeInvoke: TestRun.LogMessages: Invoking callback 1/1 for Microsoft.VisualStudio.TestPlatform.CommandLine.TestRunResultAggregator.TestRunMessageHandler, took 0 ms.
TpTrace Information: 0 : 17948, 13, 2022/11/07, 20:20:43.509, 1070470413177, vstest.console.dll, TestRunRequest:SendTestRunMessage: Completed.
TpTrace Verbose: 0 : 17948, 4, 2022/11/07, 20:20:43.509, 1070470412890, vstest.console.dll, MulticastDelegateUtilities.SafeInvoke: InternalTestLoggerEvents.SendTestRunMessage: Invoking callback 1/1 for Microsoft.VisualStudio.TestPlatform.CommandLine.Internal.ConsoleLogger.TestMessageHandler, took 0 ms.
TpTrace Verbose: 0 : 17948, 13, 2022/11/07, 20:20:43.509, 1070470413714, vstest.console.dll, MulticastDelegateUtilities.SafeInvoke: LengthPrefixCommunicationChannel: MessageReceived: Invoking callback 1/1 for Microsoft.VisualStudio.TestPlatform.CommunicationUtilities.TestRequestSender+<>c__DisplayClass31_0.<StartTestRun>b__1, took 0 ms.
TpTrace Verbose: 0 : 17948, 13, 2022/11/07, 20:20:43.509, 1070470415250, vstest.console.dll, TcpClientExtensions.MessageLoopAsync: Polling on remoteEndPoint: 127.0.0.1:60390 localEndPoint: 127.0.0.1:60389
TpTrace Verbose: 0 : 17948, 13, 2022/11/07, 20:20:43.511, 1070470428032, vstest.console.dll, TcpClientExtensions.MessageLoopAsync: NotifyDataAvailable remoteEndPoint: 127.0.0.1:60390 localEndPoint: 127.0.0.1:60389
TpTrace Verbose: 0 : 17948, 13, 2022/11/07, 20:20:43.511, 1070470430407, vstest.console.dll, TestRequestSender.OnExecutionMessageReceived: Received message: {"Version":5,"MessageType":"TestSession.Message","Payload":{"MessageLevel":2,"Message":"[xUnit.net 00:00:01.00]     lightning_alert_tests.ProcessLightningAlertDataTests.Test_ReadLightningAlertData_AllDataInvalid [FAIL]"}}
TpTrace Verbose: 0 : 17948, 13, 2022/11/07, 20:20:43.511, 1070470431560, vstest.console.dll, TestRunRequest:SendTestRunMessage: Starting.
TpTrace Verbose: 0 : 17948, 13, 2022/11/07, 20:20:43.511, 1070470432188, vstest.console.dll, MulticastDelegateUtilities.SafeInvoke: TestRun.LogMessages: Invoking callback 1/1 for Microsoft.VisualStudio.TestPlatform.CommandLine.TestRunResultAggregator.TestRunMessageHandler, took 0 ms.
TpTrace Information: 0 : 17948, 13, 2022/11/07, 20:20:43.511, 1070470432667, vstest.console.dll, TestRunRequest:SendTestRunMessage: Completed.
TpTrace Verbose: 0 : 17948, 13, 2022/11/07, 20:20:43.511, 1070470433168, vstest.console.dll, MulticastDelegateUtilities.SafeInvoke: LengthPrefixCommunicationChannel: MessageReceived: Invoking callback 1/1 for Microsoft.VisualStudio.TestPlatform.CommunicationUtilities.TestRequestSender+<>c__DisplayClass31_0.<StartTestRun>b__1, took 0 ms.
TpTrace Verbose: 0 : 17948, 4, 2022/11/07, 20:20:43.511, 1070470433217, vstest.console.dll, MulticastDelegateUtilities.SafeInvoke: InternalTestLoggerEvents.SendTestRunMessage: Invoking callback 1/1 for Microsoft.VisualStudio.TestPlatform.CommandLine.Internal.ConsoleLogger.TestMessageHandler, took 0 ms.
TpTrace Verbose: 0 : 17948, 13, 2022/11/07, 20:20:43.511, 1070470433901, vstest.console.dll, TcpClientExtensions.MessageLoopAsync: Polling on remoteEndPoint: 127.0.0.1:60390 localEndPoint: 127.0.0.1:60389
TpTrace Verbose: 0 : 17948, 13, 2022/11/07, 20:20:43.511, 1070470435546, vstest.console.dll, TcpClientExtensions.MessageLoopAsync: NotifyDataAvailable remoteEndPoint: 127.0.0.1:60390 localEndPoint: 127.0.0.1:60389
TpTrace Verbose: 0 : 17948, 13, 2022/11/07, 20:20:43.512, 1070470436885, vstest.console.dll, TestRequestSender.OnExecutionMessageReceived: Received message: {"Version":5,"MessageType":"TestSession.Message","Payload":{"MessageLevel":0,"Message":"[xUnit.net 00:00:01.00]       System.IO.FileNotFoundException : The configuration file 'fine-code-coverage\\build-output\\appsettings.test.json' was not found and is not optional. The expected physical path was 'C:\\Users\\menor\\OneDrive\\Documents\\Projects\\lightning-alert\\lightning-alert-tests\\fine-code-coverage\\build-output\\appsettings.test.json'."}}
TpTrace Verbose: 0 : 17948, 13, 2022/11/07, 20:20:43.512, 1070470438237, vstest.console.dll, TestRunRequest:SendTestRunMessage: Starting.
TpTrace Verbose: 0 : 17948, 13, 2022/11/07, 20:20:43.512, 1070470438860, vstest.console.dll, MulticastDelegateUtilities.SafeInvoke: TestRun.LogMessages: Invoking callback 1/1 for Microsoft.VisualStudio.TestPlatform.CommandLine.TestRunResultAggregator.TestRunMessageHandler, took 0 ms.
TpTrace Information: 0 : 17948, 13, 2022/11/07, 20:20:43.512, 1070470439211, vstest.console.dll, TestRunRequest:SendTestRunMessage: Completed.
TpTrace Verbose: 0 : 17948, 4, 2022/11/07, 20:20:43.512, 1070470439190, vstest.console.dll, MulticastDelegateUtilities.SafeInvoke: InternalTestLoggerEvents.SendTestRunMessage: Invoking callback 1/1 for Microsoft.VisualStudio.TestPlatform.CommandLine.Internal.ConsoleLogger.TestMessageHandler, took 0 ms.
TpTrace Verbose: 0 : 17948, 13, 2022/11/07, 20:20:43.512, 1070470439557, vstest.console.dll, MulticastDelegateUtilities.SafeInvoke: LengthPrefixCommunicationChannel: MessageReceived: Invoking callback 1/1 for Microsoft.VisualStudio.TestPlatform.CommunicationUtilities.TestRequestSender+<>c__DisplayClass31_0.<StartTestRun>b__1, took 0 ms.
TpTrace Verbose: 0 : 17948, 13, 2022/11/07, 20:20:43.512, 1070470441187, vstest.console.dll, TcpClientExtensions.MessageLoopAsync: Polling on remoteEndPoint: 127.0.0.1:60390 localEndPoint: 127.0.0.1:60389
TpTrace Verbose: 0 : 17948, 13, 2022/11/07, 20:20:43.512, 1070470441720, vstest.console.dll, TcpClientExtensions.MessageLoopAsync: NotifyDataAvailable remoteEndPoint: 127.0.0.1:60390 localEndPoint: 127.0.0.1:60389
TpTrace Verbose: 0 : 17948, 13, 2022/11/07, 20:20:43.512, 1070470442320, vstest.console.dll, TestRequestSender.OnExecutionMessageReceived: Received message: {"Version":5,"MessageType":"TestSession.Message","Payload":{"MessageLevel":0,"Message":"[xUnit.net 00:00:01.00]       Stack Trace:"}}
TpTrace Verbose: 0 : 17948, 13, 2022/11/07, 20:20:43.512, 1070470443243, vstest.console.dll, TestRunRequest:SendTestRunMessage: Starting.
TpTrace Verbose: 0 : 17948, 13, 2022/11/07, 20:20:43.512, 1070470443783, vstest.console.dll, MulticastDelegateUtilities.SafeInvoke: TestRun.LogMessages: Invoking callback 1/1 for Microsoft.VisualStudio.TestPlatform.CommandLine.TestRunResultAggregator.TestRunMessageHandler, took 0 ms.
TpTrace Information: 0 : 17948, 13, 2022/11/07, 20:20:43.512, 1070470444111, vstest.console.dll, TestRunRequest:SendTestRunMessage: Completed.
TpTrace Verbose: 0 : 17948, 4, 2022/11/07, 20:20:43.512, 1070470444118, vstest.console.dll, MulticastDelegateUtilities.SafeInvoke: InternalTestLoggerEvents.SendTestRunMessage: Invoking callback 1/1 for Microsoft.VisualStudio.TestPlatform.CommandLine.Internal.ConsoleLogger.TestMessageHandler, took 0 ms.
TpTrace Verbose: 0 : 17948, 13, 2022/11/07, 20:20:43.512, 1070470444448, vstest.console.dll, MulticastDelegateUtilities.SafeInvoke: LengthPrefixCommunicationChannel: MessageReceived: Invoking callback 1/1 for Microsoft.VisualStudio.TestPlatform.CommunicationUtilities.TestRequestSender+<>c__DisplayClass31_0.<StartTestRun>b__1, took 0 ms.
TpTrace Verbose: 0 : 17948, 13, 2022/11/07, 20:20:43.512, 1070470445933, vstest.console.dll, TcpClientExtensions.MessageLoopAsync: Polling on remoteEndPoint: 127.0.0.1:60390 localEndPoint: 127.0.0.1:60389
TpTrace Verbose: 0 : 17948, 13, 2022/11/07, 20:20:43.512, 1070470446431, vstest.console.dll, TcpClientExtensions.MessageLoopAsync: NotifyDataAvailable remoteEndPoint: 127.0.0.1:60390 localEndPoint: 127.0.0.1:60389
TpTrace Verbose: 0 : 17948, 13, 2022/11/07, 20:20:43.513, 1070470447019, vstest.console.dll, TestRequestSender.OnExecutionMessageReceived: Received message: {"Version":5,"MessageType":"TestSession.Message","Payload":{"MessageLevel":0,"Message":"[xUnit.net 00:00:01.00]            at Microsoft.Extensions.Configuration.FileConfigurationProvider.HandleException(ExceptionDispatchInfo info)"}}
TpTrace Verbose: 0 : 17948, 13, 2022/11/07, 20:20:43.513, 1070470447884, vstest.console.dll, TestRunRequest:SendTestRunMessage: Starting.
TpTrace Verbose: 0 : 17948, 13, 2022/11/07, 20:20:43.513, 1070470448442, vstest.console.dll, MulticastDelegateUtilities.SafeInvoke: TestRun.LogMessages: Invoking callback 1/1 for Microsoft.VisualStudio.TestPlatform.CommandLine.TestRunResultAggregator.TestRunMessageHandler, took 0 ms.
TpTrace Information: 0 : 17948, 13, 2022/11/07, 20:20:43.513, 1070470448768, vstest.console.dll, TestRunRequest:SendTestRunMessage: Completed.
TpTrace Verbose: 0 : 17948, 4, 2022/11/07, 20:20:43.513, 1070470448813, vstest.console.dll, MulticastDelegateUtilities.SafeInvoke: InternalTestLoggerEvents.SendTestRunMessage: Invoking callback 1/1 for Microsoft.VisualStudio.TestPlatform.CommandLine.Internal.ConsoleLogger.TestMessageHandler, took 0 ms.
TpTrace Verbose: 0 : 17948, 13, 2022/11/07, 20:20:43.513, 1070470449450, vstest.console.dll, MulticastDelegateUtilities.SafeInvoke: LengthPrefixCommunicationChannel: MessageReceived: Invoking callback 1/1 for Microsoft.VisualStudio.TestPlatform.CommunicationUtilities.TestRequestSender+<>c__DisplayClass31_0.<StartTestRun>b__1, took 0 ms.
TpTrace Verbose: 0 : 17948, 13, 2022/11/07, 20:20:43.513, 1070470451009, vstest.console.dll, TcpClientExtensions.MessageLoopAsync: Polling on remoteEndPoint: 127.0.0.1:60390 localEndPoint: 127.0.0.1:60389
TpTrace Verbose: 0 : 17948, 13, 2022/11/07, 20:20:43.513, 1070470451543, vstest.console.dll, TcpClientExtensions.MessageLoopAsync: NotifyDataAvailable remoteEndPoint: 127.0.0.1:60390 localEndPoint: 127.0.0.1:60389
TpTrace Verbose: 0 : 17948, 13, 2022/11/07, 20:20:43.513, 1070470452139, vstest.console.dll, TestRequestSender.OnExecutionMessageReceived: Received message: {"Version":5,"MessageType":"TestSession.Message","Payload":{"MessageLevel":0,"Message":"[xUnit.net 00:00:01.00]            at Microsoft.Extensions.Configuration.FileConfigurationProvider.Load(Boolean reload)"}}
TpTrace Verbose: 0 : 17948, 13, 2022/11/07, 20:20:43.513, 1070470453014, vstest.console.dll, TestRunRequest:SendTestRunMessage: Starting.
TpTrace Verbose: 0 : 17948, 13, 2022/11/07, 20:20:43.513, 1070470453572, vstest.console.dll, MulticastDelegateUtilities.SafeInvoke: TestRun.LogMessages: Invoking callback 1/1 for Microsoft.VisualStudio.TestPlatform.CommandLine.TestRunResultAggregator.TestRunMessageHandler, took 0 ms.
TpTrace Information: 0 : 17948, 13, 2022/11/07, 20:20:43.513, 1070470453900, vstest.console.dll, TestRunRequest:SendTestRunMessage: Completed.
TpTrace Verbose: 0 : 17948, 4, 2022/11/07, 20:20:43.513, 1070470453913, vstest.console.dll, MulticastDelegateUtilities.SafeInvoke: InternalTestLoggerEvents.SendTestRunMessage: Invoking callback 1/1 for Microsoft.VisualStudio.TestPlatform.CommandLine.Internal.ConsoleLogger.TestMessageHandler, took 0 ms.
TpTrace Verbose: 0 : 17948, 13, 2022/11/07, 20:20:43.513, 1070470454294, vstest.console.dll, MulticastDelegateUtilities.SafeInvoke: LengthPrefixCommunicationChannel: MessageReceived: Invoking callback 1/1 for Microsoft.VisualStudio.TestPlatform.CommunicationUtilities.TestRequestSender+<>c__DisplayClass31_0.<StartTestRun>b__1, took 0 ms.
TpTrace Verbose: 0 : 17948, 13, 2022/11/07, 20:20:43.513, 1070470455813, vstest.console.dll, TcpClientExtensions.MessageLoopAsync: Polling on remoteEndPoint: 127.0.0.1:60390 localEndPoint: 127.0.0.1:60389
TpTrace Verbose: 0 : 17948, 13, 2022/11/07, 20:20:43.513, 1070470456294, vstest.console.dll, TcpClientExtensions.MessageLoopAsync: NotifyDataAvailable remoteEndPoint: 127.0.0.1:60390 localEndPoint: 127.0.0.1:60389
TpTrace Verbose: 0 : 17948, 13, 2022/11/07, 20:20:43.514, 1070470456902, vstest.console.dll, TestRequestSender.OnExecutionMessageReceived: Received message: {"Version":5,"MessageType":"TestSession.Message","Payload":{"MessageLevel":0,"Message":"[xUnit.net 00:00:01.00]            at Microsoft.Extensions.Configuration.FileConfigurationProvider.Load()"}}
TpTrace Verbose: 0 : 17948, 13, 2022/11/07, 20:20:43.514, 1070470457997, vstest.console.dll, TestRunRequest:SendTestRunMessage: Starting.
TpTrace Verbose: 0 : 17948, 13, 2022/11/07, 20:20:43.514, 1070470458786, vstest.console.dll, MulticastDelegateUtilities.SafeInvoke: TestRun.LogMessages: Invoking callback 1/1 for Microsoft.VisualStudio.TestPlatform.CommandLine.TestRunResultAggregator.TestRunMessageHandler, took 0 ms.
TpTrace Information: 0 : 17948, 13, 2022/11/07, 20:20:43.514, 1070470459154, vstest.console.dll, TestRunRequest:SendTestRunMessage: Completed.
TpTrace Verbose: 0 : 17948, 13, 2022/11/07, 20:20:43.514, 1070470459518, vstest.console.dll, MulticastDelegateUtilities.SafeInvoke: LengthPrefixCommunicationChannel: MessageReceived: Invoking callback 1/1 for Microsoft.VisualStudio.TestPlatform.CommunicationUtilities.TestRequestSender+<>c__DisplayClass31_0.<StartTestRun>b__1, took 0 ms.
TpTrace Verbose: 0 : 17948, 4, 2022/11/07, 20:20:43.514, 1070470460625, vstest.console.dll, MulticastDelegateUtilities.SafeInvoke: InternalTestLoggerEvents.SendTestRunMessage: Invoking callback 1/1 for Microsoft.VisualStudio.TestPlatform.CommandLine.Internal.ConsoleLogger.TestMessageHandler, took 0 ms.
TpTrace Verbose: 0 : 17948, 13, 2022/11/07, 20:20:43.514, 1070470462786, vstest.console.dll, TcpClientExtensions.MessageLoopAsync: Polling on remoteEndPoint: 127.0.0.1:60390 localEndPoint: 127.0.0.1:60389
TpTrace Verbose: 0 : 17948, 13, 2022/11/07, 20:20:43.514, 1070470464894, vstest.console.dll, TcpClientExtensions.MessageLoopAsync: NotifyDataAvailable remoteEndPoint: 127.0.0.1:60390 localEndPoint: 127.0.0.1:60389
TpTrace Verbose: 0 : 17948, 13, 2022/11/07, 20:20:43.514, 1070470466017, vstest.console.dll, TestRequestSender.OnExecutionMessageReceived: Received message: {"Version":5,"MessageType":"TestSession.Message","Payload":{"MessageLevel":0,"Message":"[xUnit.net 00:00:01.00]            at Microsoft.Extensions.Configuration.ConfigurationRoot..ctor(IList`1 providers)"}}
TpTrace Verbose: 0 : 17948, 13, 2022/11/07, 20:20:43.515, 1070470467294, vstest.console.dll, TestRunRequest:SendTestRunMessage: Starting.
TpTrace Verbose: 0 : 17948, 13, 2022/11/07, 20:20:43.515, 1070470468211, vstest.console.dll, MulticastDelegateUtilities.SafeInvoke: TestRun.LogMessages: Invoking callback 1/1 for Microsoft.VisualStudio.TestPlatform.CommandLine.TestRunResultAggregator.TestRunMessageHandler, took 0 ms.
TpTrace Verbose: 0 : 17948, 4, 2022/11/07, 20:20:43.515, 1070470468435, vstest.console.dll, MulticastDelegateUtilities.SafeInvoke: InternalTestLoggerEvents.SendTestRunMessage: Invoking callback 1/1 for Microsoft.VisualStudio.TestPlatform.CommandLine.Internal.ConsoleLogger.TestMessageHandler, took 0 ms.
TpTrace Information: 0 : 17948, 13, 2022/11/07, 20:20:43.515, 1070470468812, vstest.console.dll, TestRunRequest:SendTestRunMessage: Completed.
TpTrace Verbose: 0 : 17948, 13, 2022/11/07, 20:20:43.515, 1070470470280, vstest.console.dll, MulticastDelegateUtilities.SafeInvoke: LengthPrefixCommunicationChannel: MessageReceived: Invoking callback 1/1 for Microsoft.VisualStudio.TestPlatform.CommunicationUtilities.TestRequestSender+<>c__DisplayClass31_0.<StartTestRun>b__1, took 0 ms.
TpTrace Verbose: 0 : 17948, 13, 2022/11/07, 20:20:43.515, 1070470470845, vstest.console.dll, TcpClientExtensions.MessageLoopAsync: Polling on remoteEndPoint: 127.0.0.1:60390 localEndPoint: 127.0.0.1:60389
TpTrace Verbose: 0 : 17948, 13, 2022/11/07, 20:20:43.515, 1070470471482, vstest.console.dll, TcpClientExtensions.MessageLoopAsync: NotifyDataAvailable remoteEndPoint: 127.0.0.1:60390 localEndPoint: 127.0.0.1:60389
TpTrace Verbose: 0 : 17948, 13, 2022/11/07, 20:20:43.515, 1070470472302, vstest.console.dll, TestRequestSender.OnExecutionMessageReceived: Received message: {"Version":5,"MessageType":"TestSession.Message","Payload":{"MessageLevel":0,"Message":"[xUnit.net 00:00:01.00]            at Microsoft.Extensions.Configuration.ConfigurationBuilder.Build()"}}
TpTrace Verbose: 0 : 17948, 13, 2022/11/07, 20:20:43.515, 1070470473327, vstest.console.dll, TestRunRequest:SendTestRunMessage: Starting.
TpTrace Verbose: 0 : 17948, 13, 2022/11/07, 20:20:43.515, 1070470474144, vstest.console.dll, MulticastDelegateUtilities.SafeInvoke: TestRun.LogMessages: Invoking callback 1/1 for Microsoft.VisualStudio.TestPlatform.CommandLine.TestRunResultAggregator.TestRunMessageHandler, took 0 ms.
TpTrace Verbose: 0 : 17948, 4, 2022/11/07, 20:20:43.515, 1070470474482, vstest.console.dll, MulticastDelegateUtilities.SafeInvoke: InternalTestLoggerEvents.SendTestRunMessage: Invoking callback 1/1 for Microsoft.VisualStudio.TestPlatform.CommandLine.Internal.ConsoleLogger.TestMessageHandler, took 0 ms.
TpTrace Information: 0 : 17948, 13, 2022/11/07, 20:20:43.515, 1070470474691, vstest.console.dll, TestRunRequest:SendTestRunMessage: Completed.
TpTrace Verbose: 0 : 17948, 13, 2022/11/07, 20:20:43.515, 1070470476128, vstest.console.dll, MulticastDelegateUtilities.SafeInvoke: LengthPrefixCommunicationChannel: MessageReceived: Invoking callback 1/1 for Microsoft.VisualStudio.TestPlatform.CommunicationUtilities.TestRequestSender+<>c__DisplayClass31_0.<StartTestRun>b__1, took 0 ms.
TpTrace Verbose: 0 : 17948, 13, 2022/11/07, 20:20:43.516, 1070470476585, vstest.console.dll, TcpClientExtensions.MessageLoopAsync: Polling on remoteEndPoint: 127.0.0.1:60390 localEndPoint: 127.0.0.1:60389
TpTrace Verbose: 0 : 17948, 13, 2022/11/07, 20:20:43.516, 1070470477074, vstest.console.dll, TcpClientExtensions.MessageLoopAsync: NotifyDataAvailable remoteEndPoint: 127.0.0.1:60390 localEndPoint: 127.0.0.1:60389
TpTrace Verbose: 0 : 17948, 13, 2022/11/07, 20:20:43.516, 1070470477688, vstest.console.dll, TestRequestSender.OnExecutionMessageReceived: Received message: {"Version":5,"MessageType":"TestSession.Message","Payload":{"MessageLevel":0,"Message":"[xUnit.net 00:00:01.00]         C:\\Users\\menor\\OneDrive\\Documents\\Projects\\lightning-alert\\lightning-alert-tests\\ProcessLightningAlertDataTests.cs(16,0): at lightning_alert_tests.ProcessLightningAlertDataTests.InitConfiguration()"}}
TpTrace Verbose: 0 : 17948, 13, 2022/11/07, 20:20:43.516, 1070470478543, vstest.console.dll, TestRunRequest:SendTestRunMessage: Starting.
TpTrace Verbose: 0 : 17948, 13, 2022/11/07, 20:20:43.516, 1070470479095, vstest.console.dll, MulticastDelegateUtilities.SafeInvoke: TestRun.LogMessages: Invoking callback 1/1 for Microsoft.VisualStudio.TestPlatform.CommandLine.TestRunResultAggregator.TestRunMessageHandler, took 0 ms.
TpTrace Verbose: 0 : 17948, 4, 2022/11/07, 20:20:43.516, 1070470479431, vstest.console.dll, MulticastDelegateUtilities.SafeInvoke: InternalTestLoggerEvents.SendTestRunMessage: Invoking callback 1/1 for Microsoft.VisualStudio.TestPlatform.CommandLine.Internal.ConsoleLogger.TestMessageHandler, took 0 ms.
TpTrace Information: 0 : 17948, 13, 2022/11/07, 20:20:43.516, 1070470479577, vstest.console.dll, TestRunRequest:SendTestRunMessage: Completed.
TpTrace Verbose: 0 : 17948, 13, 2022/11/07, 20:20:43.516, 1070470481104, vstest.console.dll, MulticastDelegateUtilities.SafeInvoke: LengthPrefixCommunicationChannel: MessageReceived: Invoking callback 1/1 for Microsoft.VisualStudio.TestPlatform.CommunicationUtilities.TestRequestSender+<>c__DisplayClass31_0.<StartTestRun>b__1, took 0 ms.
TpTrace Verbose: 0 : 17948, 13, 2022/11/07, 20:20:43.516, 1070470481486, vstest.console.dll, TcpClientExtensions.MessageLoopAsync: Polling on remoteEndPoint: 127.0.0.1:60390 localEndPoint: 127.0.0.1:60389
TpTrace Verbose: 0 : 17948, 13, 2022/11/07, 20:20:43.516, 1070470481929, vstest.console.dll, TcpClientExtensions.MessageLoopAsync: NotifyDataAvailable remoteEndPoint: 127.0.0.1:60390 localEndPoint: 127.0.0.1:60389
TpTrace Verbose: 0 : 17948, 13, 2022/11/07, 20:20:43.516, 1070470482529, vstest.console.dll, TestRequestSender.OnExecutionMessageReceived: Received message: {"Version":5,"MessageType":"TestSession.Message","Payload":{"MessageLevel":0,"Message":"[xUnit.net 00:00:01.00]         C:\\Users\\menor\\OneDrive\\Documents\\Projects\\lightning-alert\\lightning-alert-tests\\ProcessLightningAlertDataTests.cs(52,0): at lightning_alert_tests.ProcessLightningAlertDataTests.Test_ReadLightningAlertData_AllDataInvalid()"}}
TpTrace Verbose: 0 : 17948, 13, 2022/11/07, 20:20:43.516, 1070470483308, vstest.console.dll, TestRunRequest:SendTestRunMessage: Starting.
TpTrace Verbose: 0 : 17948, 13, 2022/11/07, 20:20:43.516, 1070470483835, vstest.console.dll, MulticastDelegateUtilities.SafeInvoke: TestRun.LogMessages: Invoking callback 1/1 for Microsoft.VisualStudio.TestPlatform.CommandLine.TestRunResultAggregator.TestRunMessageHandler, took 0 ms.
TpTrace Information: 0 : 17948, 13, 2022/11/07, 20:20:43.516, 1070470484351, vstest.console.dll, TestRunRequest:SendTestRunMessage: Completed.
TpTrace Verbose: 0 : 17948, 4, 2022/11/07, 20:20:43.516, 1070470484097, vstest.console.dll, MulticastDelegateUtilities.SafeInvoke: InternalTestLoggerEvents.SendTestRunMessage: Invoking callback 1/1 for Microsoft.VisualStudio.TestPlatform.CommandLine.Internal.ConsoleLogger.TestMessageHandler, took 0 ms.
TpTrace Verbose: 0 : 17948, 13, 2022/11/07, 20:20:43.516, 1070470485090, vstest.console.dll, MulticastDelegateUtilities.SafeInvoke: LengthPrefixCommunicationChannel: MessageReceived: Invoking callback 1/1 for Microsoft.VisualStudio.TestPlatform.CommunicationUtilities.TestRequestSender+<>c__DisplayClass31_0.<StartTestRun>b__1, took 0 ms.
TpTrace Verbose: 0 : 17948, 13, 2022/11/07, 20:20:43.517, 1070470486859, vstest.console.dll, TcpClientExtensions.MessageLoopAsync: Polling on remoteEndPoint: 127.0.0.1:60390 localEndPoint: 127.0.0.1:60389
TpTrace Verbose: 0 : 17948, 13, 2022/11/07, 20:20:43.518, 1070470498302, vstest.console.dll, TcpClientExtensions.MessageLoopAsync: NotifyDataAvailable remoteEndPoint: 127.0.0.1:60390 localEndPoint: 127.0.0.1:60389
TpTrace Verbose: 0 : 17948, 13, 2022/11/07, 20:20:43.518, 1070470500053, vstest.console.dll, TestRequestSender.OnExecutionMessageReceived: Received message: {"Version":5,"MessageType":"TestSession.Message","Payload":{"MessageLevel":0,"Message":"[xUnit.net 00:00:01.01]   Finished:    lightning-alert-tests"}}
TpTrace Verbose: 0 : 17948, 13, 2022/11/07, 20:20:43.518, 1070470502419, vstest.console.dll, TestRunRequest:SendTestRunMessage: Starting.
TpTrace Verbose: 0 : 17948, 13, 2022/11/07, 20:20:43.518, 1070470503779, vstest.console.dll, MulticastDelegateUtilities.SafeInvoke: TestRun.LogMessages: Invoking callback 1/1 for Microsoft.VisualStudio.TestPlatform.CommandLine.TestRunResultAggregator.TestRunMessageHandler, took 0 ms.
TpTrace Information: 0 : 17948, 13, 2022/11/07, 20:20:43.518, 1070470504316, vstest.console.dll, TestRunRequest:SendTestRunMessage: Completed.
TpTrace Verbose: 0 : 17948, 13, 2022/11/07, 20:20:43.518, 1070470504850, vstest.console.dll, MulticastDelegateUtilities.SafeInvoke: LengthPrefixCommunicationChannel: MessageReceived: Invoking callback 1/1 for Microsoft.VisualStudio.TestPlatform.CommunicationUtilities.TestRequestSender+<>c__DisplayClass31_0.<StartTestRun>b__1, took 0 ms.
TpTrace Verbose: 0 : 17948, 13, 2022/11/07, 20:20:43.518, 1070470505332, vstest.console.dll, TcpClientExtensions.MessageLoopAsync: Polling on remoteEndPoint: 127.0.0.1:60390 localEndPoint: 127.0.0.1:60389
TpTrace Verbose: 0 : 17948, 4, 2022/11/07, 20:20:43.519, 1070470508187, vstest.console.dll, MulticastDelegateUtilities.SafeInvoke: InternalTestLoggerEvents.SendTestRunMessage: Invoking callback 1/1 for Microsoft.VisualStudio.TestPlatform.CommandLine.Internal.ConsoleLogger.TestMessageHandler, took 0 ms.
TpTrace Verbose: 0 : 17948, 13, 2022/11/07, 20:20:43.588, 1070471206259, vstest.console.dll, TcpClientExtensions.MessageLoopAsync: NotifyDataAvailable remoteEndPoint: 127.0.0.1:60390 localEndPoint: 127.0.0.1:60389
TpTrace Verbose: 0 : 17948, 13, 2022/11/07, 20:20:43.589, 1070471210569, vstest.console.dll, TestRequestSender.OnExecutionMessageReceived: Received message: {"Version":5,"MessageType":"TestExecution.Completed","Payload":{"TestRunCompleteArgs":{"TestRunStatistics":{"ExecutedTests":6,"Stats":{"Passed":3,"Failed":3}},"IsCanceled":false,"IsAborted":false,"Error":null,"AttachmentSets":[],"ElapsedTimeInRunningTests":"00:00:01.0296676","Metrics":{}},"LastRunTests":{"NewTestResults":[{"TestCase":{"Id":"a11d64a7-f929-a7ca-9625-a5d90407d875","FullyQualifiedName":"lightning_alert_tests.ProcessLightningAlertDataTests.Test_ReadLightningAlertData_ValidQuadKey","DisplayName":"lightning_alert_tests.ProcessLightningAlertDataTests.Test_ReadLightningAlertData_ValidQuadKey(expectedQuadKey: \"023112320003\", latitude: 32.9905308, longitude: -98.34038)","ExecutorUri":"executor://xunit/VsTestRunner2/netcoreapp","Source":"C:\\Users\\menor\\OneDrive\\Documents\\Projects\\lightning-alert\\lightning-alert-tests\\bin\\Debug\\net6.0\\fine-code-coverage\\build-output\\lightning-alert-tests.dll","CodeFilePath":null,"LineNumber":0,"Properties":[]},"Attachments":[],"Outcome":1,"ErrorMessage":null,"ErrorStackTrace":null,"DisplayName":"lightning_alert_tests.ProcessLightningAlertDataTests.Test_ReadLightningAlertData_ValidQuadKey(expectedQuadKey: \"023112320003\", latitude: 32.9905308, longitude: -98.34038)","Messages":[],"ComputerName":"LAPTOP-NOU6RA1A","Duration":"00:00:00.0074721","StartTime":"2022-11-07T12:20:43.4388396+00:00","EndTime":"2022-11-07T12:20:43.4388706+00:00","Properties":[]},{"TestCase":{"Id":"5477756c-55e8-0472-edbc-dea0cfc1a2f0","FullyQualifiedName":"lightning_alert_tests.ProcessLightningAlertDataTests.Test_ReadLightningAlertData_ValidQuadKey","DisplayName":"lightning_alert_tests.ProcessLightningAlertDataTests.Test_ReadLightningAlertData_ValidQuadKey(expectedQuadKey: \"023112310322\", latitude: 33.7412419, longitude: -96.6794229)","ExecutorUri":"executor://xunit/VsTestRunner2/netcoreapp","Source":"C:\\Users\\menor\\OneDrive\\Documents\\Projects\\lightning-alert\\lightning-alert-tests\\bin\\Debug\\net6.0\\fine-code-coverage\\build-output\\lightning-alert-tests.dll","CodeFilePath":null,"LineNumber":0,"Properties":[]},"Attachments":[],"Outcome":1,"ErrorMessage":null,"ErrorStackTrace":null,"DisplayName":"lightning_alert_tests.ProcessLightningAlertDataTests.Test_ReadLightningAlertData_ValidQuadKey(expectedQuadKey: \"023112310322\", latitude: 33.7412419, longitude: -96.6794229)","Messages":[],"ComputerName":"LAPTOP-NOU6RA1A","Duration":"00:00:00.0000332","StartTime":"2022-11-07T12:20:43.4747851+00:00","EndTime":"2022-11-07T12:20:43.4747854+00:00","Properties":[]},{"TestCase":{"Id":"e4b68910-0f8c-3643-e583-39789ab65040","FullyQualifiedName":"lightning_alert_tests.ProcessLightningAlertDataTests.Test_ReadLightningAlertData_ValidQuadKey","DisplayName":"lightning_alert_tests.ProcessLightningAlertDataTests.Test_ReadLightningAlertData_ValidQuadKey(expectedQuadKey: \"023112320021\", latitude: 32.9862554, longitude: -98.3471457)","ExecutorUri":"executor://xunit/VsTestRunner2/netcoreapp","Source":"C:\\Users\\menor\\OneDrive\\Documents\\Projects\\lightning-alert\\lightning-alert-tests\\bin\\Debug\\net6.0\\fine-code-coverage\\build-output\\lightning-alert-tests.dll","CodeFilePath":null,"LineNumber":0,"Properties":[]},"Attachments":[],"Outcome":1,"ErrorMessage":null,"ErrorStackTrace":null,"DisplayName":"lightning_alert_tests.ProcessLightningAlertDataTests.Test_ReadLightningAlertData_ValidQuadKey(expectedQuadKey: \"023112320021\", latitude: 32.9862554, longitude: -98.3471457)","Messages":[],"ComputerName":"LAPTOP-NOU6RA1A","Duration":"00:00:00.0000099","StartTime":"2022-11-07T12:20:43.4787574+00:00","EndTime":"2022-11-07T12:20:43.4787578+00:00","Properties":[]},{"TestCase":{"Id":"df3d5706-db43-5f18-0a7c-48ddfa55af40","FullyQualifiedName":"lightning_alert_tests.ProcessLightningAlertDataTests.Test_ReadLightningAlertData_FlashTypeHeartbeat","DisplayName":"lightning_alert_tests.ProcessLightningAlertDataTests.Test_ReadLightningAlertData_FlashTypeHeartbeat","ExecutorUri":"executor://xunit/VsTestRunner2/netcoreapp","Source":"C:\\Users\\menor\\OneDrive\\Documents\\Projects\\lightning-alert\\lightning-alert-tests\\bin\\Debug\\net6.0\\fine-code-coverage\\build-output\\lightning-alert-tests.dll","CodeFilePath":null,"LineNumber":0,"Properties":[]},"Attachments":[],"Outcome":2,"ErrorMessage":"System.IO.FileNotFoundException : The configuration file 'fine-code-coverage\\build-output\\appsettings.test.json' was not found and is not optional. The expected physical path was 'C:\\Users\\menor\\OneDrive\\Documents\\Projects\\lightning-alert\\lightning-alert-tests\\fine-code-coverage\\build-output\\appsettings.test.json'.","ErrorStackTrace":"   at Microsoft.Extensions.Configuration.FileConfigurationProvider.HandleException(ExceptionDispatchInfo info)\r\n   at Microsoft.Extensions.Configuration.FileConfigurationProvider.Load(Boolean reload)\r\n   at Microsoft.Extensions.Configuration.FileConfigurationProvider.Load()\r\n   at Microsoft.Extensions.Configuration.ConfigurationRoot..ctor(IList`1 providers)\r\n   at Microsoft.Extensions.Configuration.ConfigurationBuilder.Build()\r\n   at lightning_alert_tests.ProcessLightningAlertDataTests.InitConfiguration() in C:\\Users\\menor\\OneDrive\\Documents\\Projects\\lightning-alert\\lightning-alert-tests\\ProcessLightningAlertDataTests.cs:line 16\r\n   at lightning_alert_tests.ProcessLightningAlertDataTests.Test_ReadLightningAlertData_FlashTypeHeartbeat() in C:\\Users\\menor\\OneDrive\\Documents\\Projects\\lightning-alert\\lightning-alert-tests\\ProcessLightningAlertDataTests.cs:line 77","DisplayName":"lightning_alert_tests.ProcessLightningAlertDataTests.Test_ReadLightningAlertData_FlashTypeHeartbeat","Messages":[],"ComputerName":"LAPTOP-NOU6RA1A","Duration":"00:00:00.0200896","StartTime":"2022-11-07T12:20:43.4996468+00:00","EndTime":"2022-11-07T12:20:43.4996469+00:00","Properties":[]},{"TestCase":{"Id":"2a7f94f4-8803-fdb2-19aa-f045beb57913","FullyQualifiedName":"lightning_alert_tests.ProcessLightningAlertDataTests.Test_ReadLightningAlertData_AllDataValid","DisplayName":"lightning_alert_tests.ProcessLightningAlertDataTests.Test_ReadLightningAlertData_AllDataValid","ExecutorUri":"executor://xunit/VsTestRunner2/netcoreapp","Source":"C:\\Users\\menor\\OneDrive\\Documents\\Projects\\lightning-alert\\lightning-alert-tests\\bin\\Debug\\net6.0\\fine-code-coverage\\build-output\\lightning-alert-tests.dll","CodeFilePath":null,"LineNumber":0,"Properties":[]},"Attachments":[],"Outcome":2,"ErrorMessage":"System.IO.FileNotFoundException : The configuration file 'fine-code-coverage\\build-output\\appsettings.test.json' was not found and is not optional. The expected physical path was 'C:\\Users\\menor\\OneDrive\\Documents\\Projects\\lightning-alert\\lightning-alert-tests\\fine-code-coverage\\build-output\\appsettings.test.json'.","ErrorStackTrace":"   at Microsoft.Extensions.Configuration.FileConfigurationProvider.HandleException(ExceptionDispatchInfo info)\r\n   at Microsoft.Extensions.Configuration.FileConfigurationProvider.Load(Boolean reload)\r\n   at Microsoft.Extensions.Configuration.FileConfigurationProvider.Load()\r\n   at Microsoft.Extensions.Configuration.ConfigurationRoot..ctor(IList`1 providers)\r\n   at Microsoft.Extensions.Configuration.ConfigurationBuilder.Build()\r\n   at lightning_alert_tests.ProcessLightningAlertDataTests.InitConfiguration() in C:\\Users\\menor\\OneDrive\\Documents\\Projects\\lightning-alert\\lightning-alert-tests\\ProcessLightningAlertDataTests.cs:line 16\r\n   at lightning_alert_tests.ProcessLightningAlertDataTests.Test_ReadLightningAlertData_AllDataValid() in C:\\Users\\menor\\OneDrive\\Documents\\Projects\\lightning-alert\\lightning-alert-tests\\ProcessLightningAlertDataTests.cs:line 27","DisplayName":"lightning_alert_tests.ProcessLightningAlertDataTests.Test_ReadLightningAlertData_AllDataValid","Messages":[],"ComputerName":"LAPTOP-NOU6RA1A","Duration":"00:00:00.0014269","StartTime":"2022-11-07T12:20:43.5068107+00:00","EndTime":"2022-11-07T12:20:43.5068108+00:00","Properties":[]},{"TestCase":{"Id":"a5f3ccf2-d562-32ba-e119-037a864b27c6","FullyQualifiedName":"lightning_alert_tests.ProcessLightningAlertDataTests.Test_ReadLightningAlertData_AllDataInvalid","DisplayName":"lightning_alert_tests.ProcessLightningAlertDataTests.Test_ReadLightningAlertData_AllDataInvalid","ExecutorUri":"executor://xunit/VsTestRunner2/netcoreapp","Source":"C:\\Users\\menor\\OneDrive\\Documents\\Projects\\lightning-alert\\lightning-alert-tests\\bin\\Debug\\net6.0\\fine-code-coverage\\build-output\\lightning-alert-tests.dll","CodeFilePath":null,"LineNumber":0,"Properties":[]},"Attachments":[],"Outcome":2,"ErrorMessage":"System.IO.FileNotFoundException : The configuration file 'fine-code-coverage\\build-output\\appsettings.test.json' was not found and is not optional. The expected physical path was 'C:\\Users\\menor\\OneDrive\\Documents\\Projects\\lightning-alert\\lightning-alert-tests\\fine-code-coverage\\build-output\\appsettings.test.json'.","ErrorStackTrace":"   at Microsoft.Extensions.Configuration.FileConfigurationProvider.HandleException(ExceptionDispatchInfo info)\r\n   at Microsoft.Extensions.Configuration.FileConfigurationProvider.Load(Boolean reload)\r\n   at Microsoft.Extensions.Configuration.FileConfigurationProvider.Load()\r\n   at Microsoft.Extensions.Configuration.ConfigurationRoot..ctor(IList`1 providers)\r\n   at Microsoft.Extensions.Configuration.ConfigurationBuilder.Build()\r\n   at lightning_alert_tests.ProcessLightningAlertDataTests.InitConfiguration() in C:\\Users\\menor\\OneDrive\\Documents\\Projects\\lightning-alert\\lightning-alert-tests\\ProcessLightningAlertDataTests.cs:line 16\r\n   at lightning_alert_tests.ProcessLightningAlertDataTests.Test_ReadLightningAlertData_AllDataInvalid() in C:\\Users\\menor\\OneDrive\\Documents\\Projects\\lightning-alert\\lightning-alert-tests\\ProcessLightningAlertDataTests.cs:line 52","DisplayName":"lightning_alert_tests.ProcessLightningAlertDataTests.Test_ReadLightningAlertData_AllDataInvalid","Messages":[],"ComputerName":"LAPTOP-NOU6RA1A","Duration":"00:00:00.0011216","StartTime":"2022-11-07T12:20:43.5136615+00:00","EndTime":"2022-11-07T12:20:43.5136616+00:00","Properties":[]}],"TestRunStatistics":{"ExecutedTests":6,"Stats":{"Passed":3,"Failed":3}},"ActiveTests":[]},"RunAttachments":[],"ExecutorUris":["executor://xunit/VsTestRunner2/netcoreapp"]}}
TpTrace Verbose: 0 : 17948, 13, 2022/11/07, 20:20:43.589, 1070471213446, vstest.console.dll, TestRequestSender.EndSession: Sending end session.
TpTrace Verbose: 0 : 17948, 13, 2022/11/07, 20:20:43.589, 1070471216075, vstest.console.dll, ProxyOperationManager.Close: waiting for test host to exit for 100 ms
TpTrace Warning: 0 : 17948, 12, 2022/11/07, 20:20:43.619, 1070471511094, vstest.console.dll, TestHostManagerCallbacks.ErrorReceivedCallback Test host standard error line: 
TpTrace Verbose: 0 : 17948, 12, 2022/11/07, 20:20:43.636, 1070471683690, vstest.console.dll, TestHostProvider.ExitCallBack: Host exited starting callback.
TpTrace Information: 0 : 17948, 12, 2022/11/07, 20:20:43.637, 1070471690315, vstest.console.dll, TestHostManagerCallbacks.ExitCallBack: Testhost processId: 7252 exited with exitcode: 0 error: ''
TpTrace Verbose: 0 : 17948, 12, 2022/11/07, 20:20:43.637, 1070471691040, vstest.console.dll, DotnetTestHostManager.OnHostExited: invoking OnHostExited callback
TpTrace Verbose: 0 : 17948, 12, 2022/11/07, 20:20:43.637, 1070471691718, vstest.console.dll, CrossPlatEngine.TestHostManagerHostExited: calling on client process exit callback.
TpTrace Information: 0 : 17948, 12, 2022/11/07, 20:20:43.637, 1070471692480, vstest.console.dll, TestRequestSender.OnClientProcessExit: Test host process exited. Standard error: 
TpTrace Information: 0 : 17948, 12, 2022/11/07, 20:20:43.637, 1070471692949, vstest.console.dll, SocketServer.Stop: Stop server endPoint: 127.0.0.1:60389
TpTrace Information: 0 : 17948, 13, 2022/11/07, 20:20:43.637, 1070471693062, vstest.console.dll, SocketServer.Stop: Stop server endPoint: 127.0.0.1:60389
TpTrace Information: 0 : 17948, 12, 2022/11/07, 20:20:43.637, 1070471693331, vstest.console.dll, SocketServer.Stop: Cancellation requested. Stopping message loop.
TpTrace Information: 0 : 17948, 13, 2022/11/07, 20:20:43.637, 1070471694029, vstest.console.dll, SocketServer.Stop: Cancellation requested. Stopping message loop.
TpTrace Information: 0 : 17948, 13, 2022/11/07, 20:20:43.637, 1070471695412, vstest.console.dll, Closing the connection
TpTrace Verbose: 0 : 17948, 12, 2022/11/07, 20:20:43.637, 1070471695824, vstest.console.dll, MulticastDelegateUtilities.SafeInvoke: HostProviderEvents.OnHostExited: Invoking callback 1/1 for Microsoft.VisualStudio.TestPlatform.CrossPlatEngine.Client.ProxyOperationManager.TestHostManagerHostExited, took 0 ms.
TpTrace Verbose: 0 : 17948, 13, 2022/11/07, 20:20:43.638, 1070471698392, vstest.console.dll, ProxyDataCollectionManager.InvokeDataCollectionServiceAction: Starting.
TpTrace Information: 0 : 17948, 13, 2022/11/07, 20:20:43.638, 1070471698986, vstest.console.dll, ProxyDataCollectionManager.AfterTestRunEnd: Get attachment set and invoked data collectors processId: 9684 port: 60386
TpTrace Verbose: 0 : 17948, 13, 2022/11/07, 20:20:43.638, 1070471699652, vstest.console.dll, DataCollectionRequestSender.SendAfterTestRunStartAndGetResult: Send AfterTestRunEnd message with isCancelled: False
TpTrace Verbose: 0 : 17948, 13, 2022/11/07, 20:20:43.649, 1070471815059, vstest.console.dll, DataCollectionRequestSender.SendAfterTestRunStartAndGetResult: Received message: (DataCollection.AfterTestRunEndResult) -> {"MessageType":"DataCollection.AfterTestRunEndResult","Payload":{"AttachmentSets":[],"InvokedDataCollectors":[{"Uri":"datacollector://Microsoft/TestPlatform/Extensions/Blame/v1","FriendlyName":"Blame","AssemblyQualifiedName":"Microsoft.TestPlatform.Extensions.BlameDataCollector.BlameCollector, Microsoft.TestPlatform.Extensions.BlameDataCollector, Version=15.0.0.0, Culture=neutral, PublicKeyToken=b03f5f7f11d50a3a","FilePath":"C:\\Program Files\\dotnet\\sdk\\6.0.402\\Extensions\\Microsoft.TestPlatform.Extensions.BlameDataCollector.dll","HasAttachmentProcessor":false}],"Metrics":{}}}
TpTrace Warning: 0 : 17948, 9, 2022/11/07, 20:20:43.658, 1070471896470, vstest.console.dll, DataCollectionLauncher.ErrorReceivedCallback datacollector standard error line: 
TpTrace Information: 0 : 17948, 13, 2022/11/07, 20:20:43.662, 1070471941593, vstest.console.dll, ProxyDataCollectionManager.InvokeDataCollectionServiceAction: Completed.
TpTrace Information: 0 : 17948, 9, 2022/11/07, 20:20:43.667, 1070471987185, vstest.console.dll, DataCollectionLauncher.ExitCallBack: Data collector exited with exitcode: 0 error: ''
TpTrace Verbose: 0 : 17948, 13, 2022/11/07, 20:20:43.751, 1070472828830, vstest.console.dll, TestRunRequest:SendTestRunStatsChange: Starting.
TpTrace Verbose: 0 : 17948, 13, 2022/11/07, 20:20:43.751, 1070472833158, vstest.console.dll, MulticastDelegateUtilities.SafeInvoke: TestRun.RunStatsChanged: Invoking callbacks was skipped because there are no subscribers.
TpTrace Information: 0 : 17948, 13, 2022/11/07, 20:20:43.752, 1070472837096, vstest.console.dll, TestRunRequest:SendTestRunStatsChange: Completed.
TpTrace Verbose: 0 : 17948, 13, 2022/11/07, 20:20:43.752, 1070472843551, vstest.console.dll, ParallelProxyExecutionManager: HandlePartialRunComplete: Total completed clients = 1, Run complete = True, Run canceled: False.
TpTrace Verbose: 0 : 17948, 4, 2022/11/07, 20:20:43.755, 1070472875864, vstest.console.dll, MulticastDelegateUtilities.SafeInvoke: InternalTestLoggerEvents.SendTestResult: Invoking callback 1/1 for Microsoft.VisualStudio.TestPlatform.CommandLine.Internal.ConsoleLogger.TestResultHandler, took 4 ms.
TpTrace Verbose: 0 : 17948, 4, 2022/11/07, 20:20:43.756, 1070472877757, vstest.console.dll, MulticastDelegateUtilities.SafeInvoke: InternalTestLoggerEvents.SendTestResult: Invoking callback 1/1 for Microsoft.VisualStudio.TestPlatform.CommandLine.Internal.ConsoleLogger.TestResultHandler, took 0 ms.
TpTrace Verbose: 0 : 17948, 4, 2022/11/07, 20:20:43.756, 1070472878415, vstest.console.dll, MulticastDelegateUtilities.SafeInvoke: InternalTestLoggerEvents.SendTestResult: Invoking callback 1/1 for Microsoft.VisualStudio.TestPlatform.CommandLine.Internal.ConsoleLogger.TestResultHandler, took 0 ms.
TpTrace Verbose: 0 : 17948, 4, 2022/11/07, 20:20:43.757, 1070472887243, vstest.console.dll, MulticastDelegateUtilities.SafeInvoke: InternalTestLoggerEvents.SendTestResult: Invoking callback 1/1 for Microsoft.VisualStudio.TestPlatform.CommandLine.Internal.ConsoleLogger.TestResultHandler, took 0 ms.
TpTrace Verbose: 0 : 17948, 4, 2022/11/07, 20:20:43.757, 1070472892023, vstest.console.dll, MulticastDelegateUtilities.SafeInvoke: InternalTestLoggerEvents.SendTestResult: Invoking callback 1/1 for Microsoft.VisualStudio.TestPlatform.CommandLine.Internal.ConsoleLogger.TestResultHandler, took 0 ms.
TpTrace Verbose: 0 : 17948, 4, 2022/11/07, 20:20:43.758, 1070472897442, vstest.console.dll, MulticastDelegateUtilities.SafeInvoke: InternalTestLoggerEvents.SendTestResult: Invoking callback 1/1 for Microsoft.VisualStudio.TestPlatform.CommandLine.Internal.ConsoleLogger.TestResultHandler, took 0 ms.
TpTrace Verbose: 0 : 17948, 4, 2022/11/07, 20:20:43.772, 1070473045715, vstest.console.dll, MulticastDelegateUtilities.SafeInvoke: InternalTestLoggerEvents.SendTestRunComplete: Invoking callback 1/2 for Microsoft.TestPlatform.Extensions.BlameDataCollector.BlameLogger.TestRunCompleteHandler, took 0 ms.
TpTrace Verbose: 0 : 17948, 4, 2022/11/07, 20:20:43.782, 1070473141842, vstest.console.dll, MulticastDelegateUtilities.SafeInvoke: InternalTestLoggerEvents.SendTestRunComplete: Invoking callback 2/2 for Microsoft.VisualStudio.TestPlatform.CommandLine.Internal.ConsoleLogger.TestRunCompleteHandler, took 9 ms.
TpTrace Verbose: 0 : 17948, 13, 2022/11/07, 20:20:43.783, 1070473146935, vstest.console.dll, TestRunRequest:TestRunComplete: Starting. IsAborted:False IsCanceled:False.
TpTrace Verbose: 0 : 17948, 13, 2022/11/07, 20:20:43.785, 1070473167981, vstest.console.dll, TestLoggerManager.HandleTestRunComplete: Ignoring as the object is disposed.
TpTrace Verbose: 0 : 17948, 13, 2022/11/07, 20:20:43.785, 1070473172523, vstest.console.dll, MulticastDelegateUtilities.SafeInvoke: TestRun.TestRunComplete: Invoking callback 1/2 for Microsoft.VisualStudio.TestPlatform.CommandLine.TestRunResultAggregator.TestRunCompletionHandler, took 0 ms.
TpTrace Verbose: 0 : 17948, 13, 2022/11/07, 20:20:43.785, 1070473173732, vstest.console.dll, MulticastDelegateUtilities.SafeInvoke: TestRun.TestRunComplete: Invoking callback 2/2 for Microsoft.VisualStudio.TestPlatform.CommandLine.Processors.RunTestsArgumentExecutor+TestRunRequestEventsRegistrar.TestRunRequest_OnRunCompletion, took 0 ms.
TpTrace Information: 0 : 17948, 13, 2022/11/07, 20:20:43.785, 1070473175493, vstest.console.dll, TestRunRequest:TestRunComplete: Completed.
TpTrace Verbose: 0 : 17948, 13, 2022/11/07, 20:20:43.785, 1070473176161, vstest.console.dll, TestRequestSender.SetOperationComplete: Setting operation complete.
TpTrace Information: 0 : 17948, 13, 2022/11/07, 20:20:43.786, 1070473176734, vstest.console.dll, SocketServer.Stop: Stop server endPoint: 127.0.0.1:60389
TpTrace Verbose: 0 : 17948, 1, 2022/11/07, 20:20:43.786, 1070473177146, vstest.console.dll, TestRunRequest.Dispose: Starting.
TpTrace Information: 0 : 17948, 13, 2022/11/07, 20:20:43.786, 1070473177297, vstest.console.dll, SocketServer.Stop: Cancellation requested. Stopping message loop.
TpTrace Information: 0 : 17948, 1, 2022/11/07, 20:20:43.786, 1070473178436, vstest.console.dll, TestRunRequest.Dispose: Completed.
TpTrace Verbose: 0 : 17948, 13, 2022/11/07, 20:20:43.786, 1070473179564, vstest.console.dll, MulticastDelegateUtilities.SafeInvoke: LengthPrefixCommunicationChannel: MessageReceived: Invoking callback 1/1 for Microsoft.VisualStudio.TestPlatform.CommunicationUtilities.TestRequestSender+<>c__DisplayClass31_0.<StartTestRun>b__1, took 196 ms.
TpTrace Information: 0 : 17948, 1, 2022/11/07, 20:20:43.786, 1070473180354, vstest.console.dll, TestRequestManager.RunTests: run tests completed.
TpTrace Information: 0 : 17948, 13, 2022/11/07, 20:20:43.786, 1070473181310, vstest.console.dll, SocketServer.PrivateStop: Stopping server endPoint: 127.0.0.1:60389 error: 
TpTrace Information: 0 : 17948, 1, 2022/11/07, 20:20:43.786, 1070473182762, vstest.console.dll, RunTestsArgumentProcessor:Execute: Test run is completed.
TpTrace Verbose: 0 : 17948, 1, 2022/11/07, 20:20:43.786, 1070473185320, vstest.console.dll, Executor.Execute: Exiting with exit code of 1
TpTrace Verbose: 0 : 17948, 13, 2022/11/07, 20:20:43.787, 1070473188350, vstest.console.dll, LengthPrefixCommunicationChannel.Dispose: Dispose reader and writer.
TpTrace Information: 0 : 17948, 13, 2022/11/07, 20:20:43.787, 1070473189690, vstest.console.dll, SocketServer.Stop: Raise disconnected event endPoint: 127.0.0.1:60389 error: 
TpTrace Verbose: 0 : 17948, 13, 2022/11/07, 20:20:43.787, 1070473190782, vstest.console.dll, TestRequestSender: OnTestRunAbort: Operation is already complete. Skip error message.
TpTrace Verbose: 0 : 17948, 13, 2022/11/07, 20:20:43.787, 1070473191286, vstest.console.dll, MulticastDelegateUtilities.SafeInvoke: SocketServer: ClientDisconnected: Invoking callback 1/1 for Microsoft.VisualStudio.TestPlatform.CommunicationUtilities.TestRequestSender.<InitializeCommunication>b__24_1, took 0 ms.
TpTrace Verbose: 0 : 17948, 13, 2022/11/07, 20:20:43.787, 1070473191802, vstest.console.dll, TcpClientExtensions.MessageLoopAsync: exiting MessageLoopAsync remoteEndPoint: 127.0.0.1:60390 localEndPoint: 127.0.0.1:60389
